2024-12-02T21:10:53,082 [main] INFO  Utils - [TestNG] Running:
  C:\Users\John.Kushoro\AppData\Local\JetBrains\IdeaIC2024.3\temp-testng-customsuite.xml

2024-12-02T21:10:53,492 [main] INFO  TestRunner - Setting up TestRunner environment.
2024-12-02T21:10:53,538 [main] INFO  TestRunner - Running tests...
2024-12-02T21:10:53,778 [main] INFO  DefaultTestContextBootstrapper - Using TestExecutionListeners: [org.springframework.test.context.support.DirtiesContextBeforeModesTestExecutionListener@7abe27bf, org.springframework.test.context.event.ApplicationEventsTestExecutionListener@5b94ccbc, org.springframework.test.context.support.DependencyInjectionTestExecutionListener@38a1c423, org.springframework.test.context.support.DirtiesContextTestExecutionListener@336365bc, org.springframework.test.context.event.EventPublishingTestExecutionListener@38eb2fb0]
2024-12-02T21:10:53,823 [main] INFO  DefaultTestContextBootstrapper - Using TestExecutionListeners: [org.springframework.test.context.support.DirtiesContextBeforeModesTestExecutionListener@256a1825, org.springframework.test.context.event.ApplicationEventsTestExecutionListener@29a4f594, org.springframework.test.context.support.DependencyInjectionTestExecutionListener@57b75756, org.springframework.test.context.support.DirtiesContextTestExecutionListener@5327a06e, org.springframework.test.context.event.EventPublishingTestExecutionListener@2679311f]
2024-12-02T21:10:53,838 [main] INFO  DefaultTestContextBootstrapper - Using TestExecutionListeners: [org.springframework.test.context.support.DirtiesContextBeforeModesTestExecutionListener@7f829c76, org.springframework.test.context.event.ApplicationEventsTestExecutionListener@1cb19dba, org.springframework.test.context.support.DependencyInjectionTestExecutionListener@7c3ebc6b, org.springframework.test.context.support.DirtiesContextTestExecutionListener@1931d99, org.springframework.test.context.event.EventPublishingTestExecutionListener@6a9950f1]
2024-12-02T21:10:53,865 [main] INFO  Utils - [TestNG] Running:
  Command line suite

2024-12-02T21:10:56,500 [main] INFO  WebDriverManager - Using chromedriver 127.0.6533.119 (resolved driver for Chrome 127)
2024-12-02T21:10:56,545 [main] INFO  WebDriverManager - Exporting webdriver.chrome.driver as C:\Users\John.Kushoro\.cache\selenium\chromedriver\win64\127.0.6533.119\chromedriver.exe
2024-12-02T21:11:05,513 [main] INFO  LoginPageTests - Starting login test with companyName: totallygroupconfig, username: Test
2024-12-02T21:11:17,703 [main] INFO  LoginPageTests - Starting navigation to home page
2024-12-02T21:11:31,614 [main] INFO  LoginPageTests - Navigation to home page completed successfully.
2024-12-02T21:15:02,717 [main] INFO  Utils - [TestNG] Running:
  C:\Users\John.Kushoro\AppData\Local\JetBrains\IdeaIC2024.3\temp-testng-customsuite.xml

2024-12-02T21:15:03,043 [main] INFO  TestRunner - Setting up TestRunner environment.
2024-12-02T21:15:03,064 [main] INFO  TestRunner - Running tests...
2024-12-02T21:15:03,256 [main] INFO  DefaultTestContextBootstrapper - Using TestExecutionListeners: [org.springframework.test.context.support.DirtiesContextBeforeModesTestExecutionListener@74fef3f7, org.springframework.test.context.event.ApplicationEventsTestExecutionListener@2a037324, org.springframework.test.context.support.DependencyInjectionTestExecutionListener@69eb86b4, org.springframework.test.context.support.DirtiesContextTestExecutionListener@585ac855, org.springframework.test.context.event.EventPublishingTestExecutionListener@5bb8f9e2]
2024-12-02T21:15:03,286 [main] INFO  DefaultTestContextBootstrapper - Using TestExecutionListeners: [org.springframework.test.context.support.DirtiesContextBeforeModesTestExecutionListener@2c779e5, org.springframework.test.context.event.ApplicationEventsTestExecutionListener@6a84bc2a, org.springframework.test.context.support.DependencyInjectionTestExecutionListener@5183d589, org.springframework.test.context.support.DirtiesContextTestExecutionListener@511d5d04, org.springframework.test.context.event.EventPublishingTestExecutionListener@682c1e93]
2024-12-02T21:15:03,298 [main] INFO  DefaultTestContextBootstrapper - Using TestExecutionListeners: [org.springframework.test.context.support.DirtiesContextBeforeModesTestExecutionListener@5d39f2d8, org.springframework.test.context.event.ApplicationEventsTestExecutionListener@6ad6fa53, org.springframework.test.context.support.DependencyInjectionTestExecutionListener@55ea2d70, org.springframework.test.context.support.DirtiesContextTestExecutionListener@5e742e4, org.springframework.test.context.event.EventPublishingTestExecutionListener@175acfb2]
2024-12-02T21:15:03,324 [main] INFO  Utils - [TestNG] Running:
  Command line suite

2024-12-02T21:15:04,223 [main] INFO  WebDriverManager - Using chromedriver 127.0.6533.119 (resolved driver for Chrome 127)
2024-12-02T21:15:04,247 [main] INFO  WebDriverManager - Exporting webdriver.chrome.driver as C:\Users\John.Kushoro\.cache\selenium\chromedriver\win64\127.0.6533.119\chromedriver.exe
2024-12-02T21:15:08,082 [main] INFO  LoginPageTests - Starting login test with companyName: totallygroupconfig, username: Test
2024-12-02T21:15:12,924 [main] INFO  LoginPageTests - Starting navigation to home page
2024-12-02T21:15:21,767 [main] INFO  LoginPageTests - Navigation to home page completed successfully.
2024-12-02T21:16:17,663 [main] INFO  Utils - [TestNG] Running:
  C:\Users\John.Kushoro\AppData\Local\JetBrains\IdeaIC2024.3\temp-testng-customsuite.xml

2024-12-02T21:16:17,948 [main] INFO  TestRunner - Setting up TestRunner environment.
2024-12-02T21:16:17,974 [main] INFO  TestRunner - Running tests...
2024-12-02T21:16:18,135 [main] INFO  DefaultTestContextBootstrapper - Using TestExecutionListeners: [org.springframework.test.context.support.DirtiesContextBeforeModesTestExecutionListener@1ec7d8b3, org.springframework.test.context.event.ApplicationEventsTestExecutionListener@3b0ca5e1, org.springframework.test.context.support.DependencyInjectionTestExecutionListener@5bb3131b, org.springframework.test.context.support.DirtiesContextTestExecutionListener@54dcbb9f, org.springframework.test.context.event.EventPublishingTestExecutionListener@74fef3f7]
2024-12-02T21:16:18,164 [main] INFO  DefaultTestContextBootstrapper - Using TestExecutionListeners: [org.springframework.test.context.support.DirtiesContextBeforeModesTestExecutionListener@1c12f3ee, org.springframework.test.context.event.ApplicationEventsTestExecutionListener@6d467c87, org.springframework.test.context.support.DependencyInjectionTestExecutionListener@29182679, org.springframework.test.context.support.DirtiesContextTestExecutionListener@57bd802b, org.springframework.test.context.event.EventPublishingTestExecutionListener@5cbb84b1]
2024-12-02T21:16:18,176 [main] INFO  DefaultTestContextBootstrapper - Using TestExecutionListeners: [org.springframework.test.context.support.DirtiesContextBeforeModesTestExecutionListener@1b32cd16, org.springframework.test.context.event.ApplicationEventsTestExecutionListener@4bdcaf36, org.springframework.test.context.support.DependencyInjectionTestExecutionListener@61d01788, org.springframework.test.context.support.DirtiesContextTestExecutionListener@2b9b7f1f, org.springframework.test.context.event.EventPublishingTestExecutionListener@264c5d07]
2024-12-02T21:16:18,192 [main] INFO  Utils - [TestNG] Running:
  Command line suite

2024-12-02T21:16:18,794 [main] INFO  WebDriverManager - Using chromedriver 127.0.6533.119 (resolved driver for Chrome 127)
2024-12-02T21:16:18,813 [main] INFO  WebDriverManager - Exporting webdriver.chrome.driver as C:\Users\John.Kushoro\.cache\selenium\chromedriver\win64\127.0.6533.119\chromedriver.exe
2024-12-02T21:16:23,136 [main] INFO  LoginPageTests - Starting login test with companyName: totallygroupconfig, username: Test
2024-12-02T21:16:27,976 [main] INFO  LoginPageTests - Starting navigation to home page
2024-12-02T21:16:35,883 [main] INFO  LoginPageTests - Navigation to home page completed successfully.
2024-12-02T21:17:34,594 [main] INFO  TestRunner - Cleaning up TestRunner environment.
2024-12-02T21:19:36,800 [main] INFO  Utils - [TestNG] Running:
  C:\Users\John.Kushoro\AppData\Local\JetBrains\IdeaIC2024.3\temp-testng-customsuite.xml

2024-12-02T21:19:37,106 [main] INFO  TestRunner - Setting up TestRunner environment.
2024-12-02T21:19:37,127 [main] INFO  TestRunner - Running tests...
2024-12-02T21:19:37,327 [main] INFO  DefaultTestContextBootstrapper - Using TestExecutionListeners: [org.springframework.test.context.support.DirtiesContextBeforeModesTestExecutionListener@74fef3f7, org.springframework.test.context.event.ApplicationEventsTestExecutionListener@2a037324, org.springframework.test.context.support.DependencyInjectionTestExecutionListener@69eb86b4, org.springframework.test.context.support.DirtiesContextTestExecutionListener@585ac855, org.springframework.test.context.event.EventPublishingTestExecutionListener@5bb8f9e2]
2024-12-02T21:19:37,359 [main] INFO  DefaultTestContextBootstrapper - Using TestExecutionListeners: [org.springframework.test.context.support.DirtiesContextBeforeModesTestExecutionListener@1c12f3ee, org.springframework.test.context.event.ApplicationEventsTestExecutionListener@6d467c87, org.springframework.test.context.support.DependencyInjectionTestExecutionListener@29182679, org.springframework.test.context.support.DirtiesContextTestExecutionListener@57bd802b, org.springframework.test.context.event.EventPublishingTestExecutionListener@5cbb84b1]
2024-12-02T21:19:37,385 [main] INFO  DefaultTestContextBootstrapper - Using TestExecutionListeners: [org.springframework.test.context.support.DirtiesContextBeforeModesTestExecutionListener@61d01788, org.springframework.test.context.event.ApplicationEventsTestExecutionListener@2b9b7f1f, org.springframework.test.context.support.DependencyInjectionTestExecutionListener@264c5d07, org.springframework.test.context.support.DirtiesContextTestExecutionListener@847f3e7, org.springframework.test.context.event.EventPublishingTestExecutionListener@69cac930]
2024-12-02T21:19:37,409 [main] INFO  Utils - [TestNG] Running:
  Command line suite

2024-12-02T21:19:38,087 [main] INFO  WebDriverManager - Using chromedriver 127.0.6533.119 (resolved driver for Chrome 127)
2024-12-02T21:19:38,112 [main] INFO  WebDriverManager - Exporting webdriver.chrome.driver as C:\Users\John.Kushoro\.cache\selenium\chromedriver\win64\127.0.6533.119\chromedriver.exe
2024-12-02T21:19:41,643 [main] INFO  LoginPageTests - Starting login test with companyName: totallygroupconfig, username: Test
2024-12-02T21:19:46,780 [main] INFO  LoginPageTests - Starting navigation to home page
2024-12-02T21:19:53,368 [main] INFO  LoginPageTests - Navigation to home page completed successfully.
2024-12-02T21:20:51,516 [main] INFO  TestRunner - Cleaning up TestRunner environment.
2024-12-02T21:32:47,982 [main] INFO  Utils - [TestNG] Running:
  C:\Users\John.Kushoro\AppData\Local\JetBrains\IdeaIC2024.3\temp-testng-customsuite.xml

2024-12-02T21:32:48,402 [main] INFO  TestRunner - Setting up TestRunner environment.
2024-12-02T21:32:48,437 [main] INFO  TestRunner - Running tests...
2024-12-02T21:32:48,699 [main] INFO  DefaultTestContextBootstrapper - Using TestExecutionListeners: [org.springframework.test.context.support.DirtiesContextBeforeModesTestExecutionListener@2bf94401, org.springframework.test.context.event.ApplicationEventsTestExecutionListener@2532b351, org.springframework.test.context.support.DependencyInjectionTestExecutionListener@4349754, org.springframework.test.context.support.DirtiesContextTestExecutionListener@6a2eea2a, org.springframework.test.context.event.EventPublishingTestExecutionListener@b967222]
2024-12-02T21:32:48,744 [main] INFO  DefaultTestContextBootstrapper - Using TestExecutionListeners: [org.springframework.test.context.support.DirtiesContextBeforeModesTestExecutionListener@205b132e, org.springframework.test.context.event.ApplicationEventsTestExecutionListener@73044cdf, org.springframework.test.context.support.DependencyInjectionTestExecutionListener@3cbcd8f3, org.springframework.test.context.support.DirtiesContextTestExecutionListener@719843e5, org.springframework.test.context.event.EventPublishingTestExecutionListener@9a2ec9b]
2024-12-02T21:32:48,763 [main] INFO  DefaultTestContextBootstrapper - Using TestExecutionListeners: [org.springframework.test.context.support.DirtiesContextBeforeModesTestExecutionListener@2ba33e2c, org.springframework.test.context.event.ApplicationEventsTestExecutionListener@1f193686, org.springframework.test.context.support.DependencyInjectionTestExecutionListener@31e72cbc, org.springframework.test.context.support.DirtiesContextTestExecutionListener@5fad41be, org.springframework.test.context.event.EventPublishingTestExecutionListener@6dcd5639]
2024-12-02T21:32:48,786 [main] INFO  Utils - [TestNG] Running:
  Command line suite

2024-12-02T21:32:49,929 [main] INFO  WebDriverManager - Using chromedriver 127.0.6533.119 (resolved driver for Chrome 127)
2024-12-02T21:32:49,973 [main] INFO  WebDriverManager - Exporting webdriver.chrome.driver as C:\Users\John.Kushoro\.cache\selenium\chromedriver\win64\127.0.6533.119\chromedriver.exe
2024-12-02T21:32:54,460 [main] INFO  LoginPageTests - Starting login test with companyName: totallygroupconfig, username: Test
2024-12-02T21:33:02,312 [main] INFO  LoginPageTests - Starting navigation to home page
2024-12-02T21:33:14,655 [main] INFO  LoginPageTests - Navigation to home page completed successfully.
2024-12-02T21:35:06,493 [main] INFO  Utils - [TestNG] Running:
  C:\Users\John.Kushoro\AppData\Local\JetBrains\IdeaIC2024.3\temp-testng-customsuite.xml

2024-12-02T21:35:06,820 [main] INFO  TestRunner - Setting up TestRunner environment.
2024-12-02T21:35:06,844 [main] INFO  TestRunner - Running tests...
2024-12-02T21:35:07,071 [main] INFO  DefaultTestContextBootstrapper - Using TestExecutionListeners: [org.springframework.test.context.support.DirtiesContextBeforeModesTestExecutionListener@2bf94401, org.springframework.test.context.event.ApplicationEventsTestExecutionListener@2532b351, org.springframework.test.context.support.DependencyInjectionTestExecutionListener@4349754, org.springframework.test.context.support.DirtiesContextTestExecutionListener@6a2eea2a, org.springframework.test.context.event.EventPublishingTestExecutionListener@b967222]
2024-12-02T21:35:07,111 [main] INFO  DefaultTestContextBootstrapper - Using TestExecutionListeners: [org.springframework.test.context.support.DirtiesContextBeforeModesTestExecutionListener@205b132e, org.springframework.test.context.event.ApplicationEventsTestExecutionListener@73044cdf, org.springframework.test.context.support.DependencyInjectionTestExecutionListener@3cbcd8f3, org.springframework.test.context.support.DirtiesContextTestExecutionListener@719843e5, org.springframework.test.context.event.EventPublishingTestExecutionListener@9a2ec9b]
2024-12-02T21:35:07,127 [main] INFO  DefaultTestContextBootstrapper - Using TestExecutionListeners: [org.springframework.test.context.support.DirtiesContextBeforeModesTestExecutionListener@31e72cbc, org.springframework.test.context.event.ApplicationEventsTestExecutionListener@5fad41be, org.springframework.test.context.support.DependencyInjectionTestExecutionListener@6dcd5639, org.springframework.test.context.support.DirtiesContextTestExecutionListener@3b36e000, org.springframework.test.context.event.EventPublishingTestExecutionListener@333cb916]
2024-12-02T21:35:07,147 [main] INFO  Utils - [TestNG] Running:
  Command line suite

2024-12-02T21:35:08,094 [main] INFO  WebDriverManager - Using chromedriver 127.0.6533.119 (resolved driver for Chrome 127)
2024-12-02T21:35:08,119 [main] INFO  WebDriverManager - Exporting webdriver.chrome.driver as C:\Users\John.Kushoro\.cache\selenium\chromedriver\win64\127.0.6533.119\chromedriver.exe
2024-12-02T21:35:12,130 [main] INFO  LoginPageTests - Starting login test with companyName: totallygroupconfig, username: Test
2024-12-02T21:35:16,895 [main] INFO  LoginPageTests - Starting navigation to home page
2024-12-02T21:35:25,441 [main] INFO  LoginPageTests - Navigation to home page completed successfully.
2024-12-02T21:36:37,584 [main] INFO  Utils - [TestNG] Running:
  C:\Users\John.Kushoro\AppData\Local\JetBrains\IdeaIC2024.3\temp-testng-customsuite.xml

2024-12-02T21:36:38,038 [main] INFO  TestRunner - Setting up TestRunner environment.
2024-12-02T21:36:38,060 [main] INFO  TestRunner - Running tests...
2024-12-02T21:36:38,299 [main] INFO  DefaultTestContextBootstrapper - Using TestExecutionListeners: [org.springframework.test.context.support.DirtiesContextBeforeModesTestExecutionListener@2bf94401, org.springframework.test.context.event.ApplicationEventsTestExecutionListener@2532b351, org.springframework.test.context.support.DependencyInjectionTestExecutionListener@4349754, org.springframework.test.context.support.DirtiesContextTestExecutionListener@6a2eea2a, org.springframework.test.context.event.EventPublishingTestExecutionListener@b967222]
2024-12-02T21:36:38,371 [main] INFO  DefaultTestContextBootstrapper - Using TestExecutionListeners: [org.springframework.test.context.support.DirtiesContextBeforeModesTestExecutionListener@73044cdf, org.springframework.test.context.event.ApplicationEventsTestExecutionListener@3cbcd8f3, org.springframework.test.context.support.DependencyInjectionTestExecutionListener@719843e5, org.springframework.test.context.support.DirtiesContextTestExecutionListener@9a2ec9b, org.springframework.test.context.event.EventPublishingTestExecutionListener@58112bc4]
2024-12-02T21:36:38,414 [main] INFO  DefaultTestContextBootstrapper - Using TestExecutionListeners: [org.springframework.test.context.support.DirtiesContextBeforeModesTestExecutionListener@31e72cbc, org.springframework.test.context.event.ApplicationEventsTestExecutionListener@5fad41be, org.springframework.test.context.support.DependencyInjectionTestExecutionListener@6dcd5639, org.springframework.test.context.support.DirtiesContextTestExecutionListener@3b36e000, org.springframework.test.context.event.EventPublishingTestExecutionListener@333cb916]
2024-12-02T21:36:38,438 [main] INFO  Utils - [TestNG] Running:
  Command line suite

2024-12-02T21:36:39,401 [main] INFO  WebDriverManager - Using chromedriver 127.0.6533.119 (resolved driver for Chrome 127)
2024-12-02T21:36:39,433 [main] INFO  WebDriverManager - Exporting webdriver.chrome.driver as C:\Users\John.Kushoro\.cache\selenium\chromedriver\win64\127.0.6533.119\chromedriver.exe
2024-12-02T21:36:43,605 [main] INFO  LoginPageTests - Starting login test with companyName: totallygroupconfig, username: Test
2024-12-02T21:36:48,085 [main] INFO  LoginPageTests - Starting navigation to home page
2024-12-02T21:36:55,393 [main] INFO  LoginPageTests - Navigation to home page completed successfully.
2024-12-02T21:37:57,714 [main] INFO  Utils - [TestNG] Running:
  C:\Users\John.Kushoro\AppData\Local\JetBrains\IdeaIC2024.3\temp-testng-customsuite.xml

2024-12-02T21:37:58,171 [main] INFO  TestRunner - Setting up TestRunner environment.
2024-12-02T21:37:58,199 [main] INFO  TestRunner - Running tests...
2024-12-02T21:37:58,469 [main] INFO  DefaultTestContextBootstrapper - Using TestExecutionListeners: [org.springframework.test.context.support.DirtiesContextBeforeModesTestExecutionListener@2bf94401, org.springframework.test.context.event.ApplicationEventsTestExecutionListener@2532b351, org.springframework.test.context.support.DependencyInjectionTestExecutionListener@4349754, org.springframework.test.context.support.DirtiesContextTestExecutionListener@6a2eea2a, org.springframework.test.context.event.EventPublishingTestExecutionListener@b967222]
2024-12-02T21:37:58,507 [main] INFO  DefaultTestContextBootstrapper - Using TestExecutionListeners: [org.springframework.test.context.support.DirtiesContextBeforeModesTestExecutionListener@3cbcd8f3, org.springframework.test.context.event.ApplicationEventsTestExecutionListener@719843e5, org.springframework.test.context.support.DependencyInjectionTestExecutionListener@9a2ec9b, org.springframework.test.context.support.DirtiesContextTestExecutionListener@58112bc4, org.springframework.test.context.event.EventPublishingTestExecutionListener@2301b75]
2024-12-02T21:37:58,525 [main] INFO  DefaultTestContextBootstrapper - Using TestExecutionListeners: [org.springframework.test.context.support.DirtiesContextBeforeModesTestExecutionListener@5fad41be, org.springframework.test.context.event.ApplicationEventsTestExecutionListener@6dcd5639, org.springframework.test.context.support.DependencyInjectionTestExecutionListener@3b36e000, org.springframework.test.context.support.DirtiesContextTestExecutionListener@333cb916, org.springframework.test.context.event.EventPublishingTestExecutionListener@629ae7e]
2024-12-02T21:37:58,555 [main] INFO  Utils - [TestNG] Running:
  Command line suite

2024-12-02T21:37:59,601 [main] INFO  WebDriverManager - Using chromedriver 127.0.6533.119 (resolved driver for Chrome 127)
2024-12-02T21:37:59,628 [main] INFO  WebDriverManager - Exporting webdriver.chrome.driver as C:\Users\John.Kushoro\.cache\selenium\chromedriver\win64\127.0.6533.119\chromedriver.exe
2024-12-02T21:38:03,805 [main] INFO  LoginPageTests - Starting login test with companyName: totallygroupconfig, username: Test
2024-12-02T21:38:09,414 [main] INFO  LoginPageTests - Starting navigation to home page
2024-12-02T21:38:17,433 [main] INFO  LoginPageTests - Navigation to home page completed successfully.
2024-12-02T21:54:20,228 [main] INFO  Utils - [TestNG] Running:
  C:\Users\John.Kushoro\AppData\Local\JetBrains\IdeaIC2024.3\temp-testng-customsuite.xml

2024-12-02T21:54:20,538 [main] INFO  TestRunner - Setting up TestRunner environment.
2024-12-02T21:54:20,568 [main] INFO  TestRunner - Running tests...
2024-12-02T21:54:20,878 [main] INFO  DefaultTestContextBootstrapper - Using TestExecutionListeners: [org.springframework.test.context.support.DirtiesContextBeforeModesTestExecutionListener@2bf94401, org.springframework.test.context.event.ApplicationEventsTestExecutionListener@2532b351, org.springframework.test.context.support.DependencyInjectionTestExecutionListener@4349754, org.springframework.test.context.support.DirtiesContextTestExecutionListener@6a2eea2a, org.springframework.test.context.event.EventPublishingTestExecutionListener@b967222]
2024-12-02T21:54:20,925 [main] INFO  DefaultTestContextBootstrapper - Using TestExecutionListeners: [org.springframework.test.context.support.DirtiesContextBeforeModesTestExecutionListener@719843e5, org.springframework.test.context.event.ApplicationEventsTestExecutionListener@9a2ec9b, org.springframework.test.context.support.DependencyInjectionTestExecutionListener@58112bc4, org.springframework.test.context.support.DirtiesContextTestExecutionListener@2301b75, org.springframework.test.context.event.EventPublishingTestExecutionListener@3104f7bd]
2024-12-02T21:54:20,950 [main] INFO  DefaultTestContextBootstrapper - Using TestExecutionListeners: [org.springframework.test.context.support.DirtiesContextBeforeModesTestExecutionListener@5fad41be, org.springframework.test.context.event.ApplicationEventsTestExecutionListener@6dcd5639, org.springframework.test.context.support.DependencyInjectionTestExecutionListener@3b36e000, org.springframework.test.context.support.DirtiesContextTestExecutionListener@333cb916, org.springframework.test.context.event.EventPublishingTestExecutionListener@629ae7e]
2024-12-02T21:54:20,981 [main] INFO  Utils - [TestNG] Running:
  Command line suite

2024-12-02T21:54:21,870 [main] INFO  WebDriverManager - Using chromedriver 127.0.6533.119 (resolved driver for Chrome 127)
2024-12-02T21:54:21,902 [main] INFO  WebDriverManager - Exporting webdriver.chrome.driver as C:\Users\John.Kushoro\.cache\selenium\chromedriver\win64\127.0.6533.119\chromedriver.exe
2024-12-02T21:54:26,807 [main] INFO  LoginPageTests - Starting login test with companyName: totallygroupconfig, username: Test
2024-12-02T21:54:34,475 [main] INFO  LoginPageTests - Starting navigation to home page
2024-12-02T21:54:43,828 [main] INFO  LoginPageTests - Navigation to home page completed successfully.
2024-12-02T21:55:51,863 [main] INFO  TestRunner - Cleaning up TestRunner environment.
2024-12-02T21:55:51,873 [SpringContextShutdownHook] WARN  DisposableBeanAdapter - Custom destroy method 'close' on bean with name 'webDriver' propagated an exception: org.openqa.selenium.NoSuchSessionException: Session ID is null. Using WebDriver after calling quit()?
Build info: version: '4.25.0', revision: '8a8aea2337'
System info: os.name: 'Windows 10', os.arch: 'amd64', os.version: '10.0', java.version: '23.0.1'
Driver info: org.openqa.selenium.chrome.ChromeDriver
Command: [null, close {}]
Capabilities {acceptInsecureCerts: false, browserName: chrome, browserVersion: 127.0.6533.89, chrome: {chromedriverVersion: 127.0.6533.119 (bdef6783a05..., userDataDir: C:\Users\JOHN~1.KUS\AppData...}, fedcm:accounts: true, goog:chromeOptions: {debuggerAddress: localhost:62832}, networkConnectionEnabled: false, pageLoadStrategy: normal, platformName: windows, proxy: Proxy(), se:cdp: ws://localhost:62832/devtoo..., se:cdpVersion: 127.0.6533.89, setWindowRect: true, strictFileInteractability: false, timeouts: {implicit: 0, pageLoad: 300000, script: 30000}, unhandledPromptBehavior: dismiss and notify, webauthn:extension:credBlob: true, webauthn:extension:largeBlob: true, webauthn:extension:minPinLength: true, webauthn:extension:prf: true, webauthn:virtualAuthenticators: true}
2024-12-02T22:08:37,096 [main] INFO  Utils - [TestNG] Running:
  C:\Users\John.Kushoro\AppData\Local\JetBrains\IdeaIC2024.3\temp-testng-customsuite.xml

2024-12-02T22:08:37,452 [main] INFO  TestRunner - Setting up TestRunner environment.
2024-12-02T22:08:37,474 [main] INFO  TestRunner - Running tests...
2024-12-02T22:08:37,673 [main] INFO  DefaultTestContextBootstrapper - Using TestExecutionListeners: [org.springframework.test.context.support.DirtiesContextBeforeModesTestExecutionListener@2bf94401, org.springframework.test.context.event.ApplicationEventsTestExecutionListener@2532b351, org.springframework.test.context.support.DependencyInjectionTestExecutionListener@4349754, org.springframework.test.context.support.DirtiesContextTestExecutionListener@6a2eea2a, org.springframework.test.context.event.EventPublishingTestExecutionListener@b967222]
2024-12-02T22:08:37,697 [main] INFO  DefaultTestContextBootstrapper - Using TestExecutionListeners: [org.springframework.test.context.support.DirtiesContextBeforeModesTestExecutionListener@719843e5, org.springframework.test.context.event.ApplicationEventsTestExecutionListener@9a2ec9b, org.springframework.test.context.support.DependencyInjectionTestExecutionListener@58112bc4, org.springframework.test.context.support.DirtiesContextTestExecutionListener@2301b75, org.springframework.test.context.event.EventPublishingTestExecutionListener@3104f7bd]
2024-12-02T22:08:37,718 [main] INFO  DefaultTestContextBootstrapper - Using TestExecutionListeners: [org.springframework.test.context.support.DirtiesContextBeforeModesTestExecutionListener@5fad41be, org.springframework.test.context.event.ApplicationEventsTestExecutionListener@6dcd5639, org.springframework.test.context.support.DependencyInjectionTestExecutionListener@3b36e000, org.springframework.test.context.support.DirtiesContextTestExecutionListener@333cb916, org.springframework.test.context.event.EventPublishingTestExecutionListener@629ae7e]
2024-12-02T22:08:37,742 [main] INFO  Utils - [TestNG] Running:
  Command line suite

2024-12-02T22:08:38,637 [main] INFO  WebDriverManager - Using chromedriver 127.0.6533.119 (resolved driver for Chrome 127)
2024-12-02T22:08:38,661 [main] INFO  WebDriverManager - Exporting webdriver.chrome.driver as C:\Users\John.Kushoro\.cache\selenium\chromedriver\win64\127.0.6533.119\chromedriver.exe
2024-12-02T22:08:44,197 [main] INFO  LoginPageTests - Starting login test with companyName: totallygroupconfig, username: Test
2024-12-02T22:08:50,591 [main] INFO  LoginPageTests - Starting navigation to home page
2024-12-02T22:08:59,456 [main] INFO  LoginPageTests - Navigation to home page completed successfully.
2024-12-02T22:19:23,608 [main] INFO  Utils - [TestNG] Running:
  C:\Users\John.Kushoro\AppData\Local\JetBrains\IdeaIC2024.3\temp-testng-customsuite.xml

2024-12-02T22:19:23,983 [main] INFO  TestRunner - Setting up TestRunner environment.
2024-12-02T22:19:24,005 [main] INFO  TestRunner - Running tests...
2024-12-02T22:19:24,294 [main] INFO  DefaultTestContextBootstrapper - Using TestExecutionListeners: [org.springframework.test.context.support.DirtiesContextBeforeModesTestExecutionListener@2bf94401, org.springframework.test.context.event.ApplicationEventsTestExecutionListener@2532b351, org.springframework.test.context.support.DependencyInjectionTestExecutionListener@4349754, org.springframework.test.context.support.DirtiesContextTestExecutionListener@6a2eea2a, org.springframework.test.context.event.EventPublishingTestExecutionListener@b967222]
2024-12-02T22:19:24,335 [main] INFO  DefaultTestContextBootstrapper - Using TestExecutionListeners: [org.springframework.test.context.support.DirtiesContextBeforeModesTestExecutionListener@205b132e, org.springframework.test.context.event.ApplicationEventsTestExecutionListener@73044cdf, org.springframework.test.context.support.DependencyInjectionTestExecutionListener@3cbcd8f3, org.springframework.test.context.support.DirtiesContextTestExecutionListener@719843e5, org.springframework.test.context.event.EventPublishingTestExecutionListener@9a2ec9b]
2024-12-02T22:19:24,349 [main] INFO  DefaultTestContextBootstrapper - Using TestExecutionListeners: [org.springframework.test.context.support.DirtiesContextBeforeModesTestExecutionListener@1f193686, org.springframework.test.context.event.ApplicationEventsTestExecutionListener@31e72cbc, org.springframework.test.context.support.DependencyInjectionTestExecutionListener@5fad41be, org.springframework.test.context.support.DirtiesContextTestExecutionListener@6dcd5639, org.springframework.test.context.event.EventPublishingTestExecutionListener@3b36e000]
2024-12-02T22:19:24,368 [main] INFO  Utils - [TestNG] Running:
  Command line suite

2024-12-02T22:19:26,097 [main] INFO  WebDriverManager - Using chromedriver 127.0.6533.119 (resolved driver for Chrome 127)
2024-12-02T22:19:26,121 [main] INFO  WebDriverManager - Exporting webdriver.chrome.driver as C:\Users\John.Kushoro\.cache\selenium\chromedriver\win64\127.0.6533.119\chromedriver.exe
2024-12-02T22:19:30,384 [main] INFO  LoginPageTests - Starting login test with companyName: totallygroupconfig, username: Test
2024-12-02T22:19:36,614 [main] INFO  LoginPageTests - Starting navigation to home page
2024-12-02T22:19:46,067 [main] INFO  LoginPageTests - Navigation to home page completed successfully.
2024-12-02T22:24:18,254 [main] INFO  Utils - [TestNG] Running:
  C:\Users\John.Kushoro\AppData\Local\JetBrains\IdeaIC2024.3\temp-testng-customsuite.xml

2024-12-02T22:24:18,509 [main] INFO  TestRunner - Setting up TestRunner environment.
2024-12-02T22:24:18,527 [main] INFO  TestRunner - Running tests...
2024-12-02T22:24:18,736 [main] INFO  DefaultTestContextBootstrapper - Using TestExecutionListeners: [org.springframework.test.context.support.DirtiesContextBeforeModesTestExecutionListener@2bf94401, org.springframework.test.context.event.ApplicationEventsTestExecutionListener@2532b351, org.springframework.test.context.support.DependencyInjectionTestExecutionListener@4349754, org.springframework.test.context.support.DirtiesContextTestExecutionListener@6a2eea2a, org.springframework.test.context.event.EventPublishingTestExecutionListener@b967222]
2024-12-02T22:24:18,773 [main] INFO  DefaultTestContextBootstrapper - Using TestExecutionListeners: [org.springframework.test.context.support.DirtiesContextBeforeModesTestExecutionListener@73044cdf, org.springframework.test.context.event.ApplicationEventsTestExecutionListener@3cbcd8f3, org.springframework.test.context.support.DependencyInjectionTestExecutionListener@719843e5, org.springframework.test.context.support.DirtiesContextTestExecutionListener@9a2ec9b, org.springframework.test.context.event.EventPublishingTestExecutionListener@58112bc4]
2024-12-02T22:24:18,794 [main] INFO  DefaultTestContextBootstrapper - Using TestExecutionListeners: [org.springframework.test.context.support.DirtiesContextBeforeModesTestExecutionListener@1f193686, org.springframework.test.context.event.ApplicationEventsTestExecutionListener@31e72cbc, org.springframework.test.context.support.DependencyInjectionTestExecutionListener@5fad41be, org.springframework.test.context.support.DirtiesContextTestExecutionListener@6dcd5639, org.springframework.test.context.event.EventPublishingTestExecutionListener@3b36e000]
2024-12-02T22:24:18,820 [main] INFO  Utils - [TestNG] Running:
  Command line suite

2024-12-02T22:24:19,764 [main] INFO  WebDriverManager - Using chromedriver 127.0.6533.119 (resolved driver for Chrome 127)
2024-12-02T22:24:19,794 [main] INFO  WebDriverManager - Exporting webdriver.chrome.driver as C:\Users\John.Kushoro\.cache\selenium\chromedriver\win64\127.0.6533.119\chromedriver.exe
2024-12-02T22:24:23,427 [main] INFO  LoginPageTests - Starting login test with companyName: totallygroupconfig, username: Test
2024-12-02T22:24:26,890 [main] INFO  LoginPageTests - Starting navigation to home page
2024-12-02T22:25:00,750 [main] INFO  Utils - [TestNG] Running:
  C:\Users\John.Kushoro\AppData\Local\JetBrains\IdeaIC2024.3\temp-testng-customsuite.xml

2024-12-02T22:25:01,125 [main] INFO  TestRunner - Setting up TestRunner environment.
2024-12-02T22:25:01,148 [main] INFO  TestRunner - Running tests...
2024-12-02T22:25:01,380 [main] INFO  DefaultTestContextBootstrapper - Using TestExecutionListeners: [org.springframework.test.context.support.DirtiesContextBeforeModesTestExecutionListener@2bf94401, org.springframework.test.context.event.ApplicationEventsTestExecutionListener@2532b351, org.springframework.test.context.support.DependencyInjectionTestExecutionListener@4349754, org.springframework.test.context.support.DirtiesContextTestExecutionListener@6a2eea2a, org.springframework.test.context.event.EventPublishingTestExecutionListener@b967222]
2024-12-02T22:25:01,430 [main] INFO  DefaultTestContextBootstrapper - Using TestExecutionListeners: [org.springframework.test.context.support.DirtiesContextBeforeModesTestExecutionListener@3cbcd8f3, org.springframework.test.context.event.ApplicationEventsTestExecutionListener@719843e5, org.springframework.test.context.support.DependencyInjectionTestExecutionListener@9a2ec9b, org.springframework.test.context.support.DirtiesContextTestExecutionListener@58112bc4, org.springframework.test.context.event.EventPublishingTestExecutionListener@2301b75]
2024-12-02T22:25:01,445 [main] INFO  DefaultTestContextBootstrapper - Using TestExecutionListeners: [org.springframework.test.context.support.DirtiesContextBeforeModesTestExecutionListener@31e72cbc, org.springframework.test.context.event.ApplicationEventsTestExecutionListener@5fad41be, org.springframework.test.context.support.DependencyInjectionTestExecutionListener@6dcd5639, org.springframework.test.context.support.DirtiesContextTestExecutionListener@3b36e000, org.springframework.test.context.event.EventPublishingTestExecutionListener@333cb916]
2024-12-02T22:25:01,462 [main] INFO  Utils - [TestNG] Running:
  Command line suite

2024-12-02T22:25:02,288 [main] INFO  WebDriverManager - Using chromedriver 127.0.6533.119 (resolved driver for Chrome 127)
2024-12-02T22:25:02,314 [main] INFO  WebDriverManager - Exporting webdriver.chrome.driver as C:\Users\John.Kushoro\.cache\selenium\chromedriver\win64\127.0.6533.119\chromedriver.exe
2024-12-02T22:25:06,120 [main] INFO  LoginPageTests - Starting login test with companyName: totallygroupconfig, username: Test
2024-12-02T22:25:15,582 [main] INFO  LoginPageTests - Starting navigation to home page
2024-12-02T22:25:23,758 [main] INFO  LoginPageTests - Navigation to home page completed successfully.
2024-12-02T22:31:14,034 [main] INFO  Utils - [TestNG] Running:
  C:\Users\John.Kushoro\AppData\Local\JetBrains\IdeaIC2024.3\temp-testng-customsuite.xml

2024-12-02T22:31:14,370 [main] INFO  TestRunner - Setting up TestRunner environment.
2024-12-02T22:31:14,392 [main] INFO  TestRunner - Running tests...
2024-12-02T22:31:14,875 [main] INFO  DefaultTestContextBootstrapper - Using TestExecutionListeners: [org.springframework.test.context.support.DirtiesContextBeforeModesTestExecutionListener@2bf94401, org.springframework.test.context.event.ApplicationEventsTestExecutionListener@2532b351, org.springframework.test.context.support.DependencyInjectionTestExecutionListener@4349754, org.springframework.test.context.support.DirtiesContextTestExecutionListener@6a2eea2a, org.springframework.test.context.event.EventPublishingTestExecutionListener@b967222]
2024-12-02T22:31:14,925 [main] INFO  DefaultTestContextBootstrapper - Using TestExecutionListeners: [org.springframework.test.context.support.DirtiesContextBeforeModesTestExecutionListener@205b132e, org.springframework.test.context.event.ApplicationEventsTestExecutionListener@73044cdf, org.springframework.test.context.support.DependencyInjectionTestExecutionListener@3cbcd8f3, org.springframework.test.context.support.DirtiesContextTestExecutionListener@719843e5, org.springframework.test.context.event.EventPublishingTestExecutionListener@9a2ec9b]
2024-12-02T22:31:14,962 [main] INFO  DefaultTestContextBootstrapper - Using TestExecutionListeners: [org.springframework.test.context.support.DirtiesContextBeforeModesTestExecutionListener@2ba33e2c, org.springframework.test.context.event.ApplicationEventsTestExecutionListener@1f193686, org.springframework.test.context.support.DependencyInjectionTestExecutionListener@31e72cbc, org.springframework.test.context.support.DirtiesContextTestExecutionListener@5fad41be, org.springframework.test.context.event.EventPublishingTestExecutionListener@6dcd5639]
2024-12-02T22:31:14,991 [main] INFO  Utils - [TestNG] Running:
  Command line suite

2024-12-02T22:31:16,353 [main] INFO  WebDriverManager - Using chromedriver 127.0.6533.119 (resolved driver for Chrome 127)
2024-12-02T22:31:16,403 [main] INFO  WebDriverManager - Exporting webdriver.chrome.driver as C:\Users\John.Kushoro\.cache\selenium\chromedriver\win64\127.0.6533.119\chromedriver.exe
2024-12-02T22:31:20,881 [main] INFO  LoginPageTests - Starting login test with companyName: totallygroupconfig, username: Test
2024-12-02T22:31:25,822 [main] INFO  LoginPageTests - Starting navigation to home page
2024-12-02T22:31:34,695 [main] INFO  LoginPageTests - Navigation to home page completed successfully.
2024-12-02T22:42:43,863 [main] INFO  Utils - [TestNG] Running:
  C:\Users\John.Kushoro\AppData\Local\JetBrains\IdeaIC2024.3\temp-testng-customsuite.xml

2024-12-02T22:42:44,314 [main] INFO  TestRunner - Setting up TestRunner environment.
2024-12-02T22:42:44,351 [main] INFO  TestRunner - Running tests...
2024-12-02T22:42:44,600 [main] INFO  DefaultTestContextBootstrapper - Using TestExecutionListeners: [org.springframework.test.context.support.DirtiesContextBeforeModesTestExecutionListener@2bf94401, org.springframework.test.context.event.ApplicationEventsTestExecutionListener@2532b351, org.springframework.test.context.support.DependencyInjectionTestExecutionListener@4349754, org.springframework.test.context.support.DirtiesContextTestExecutionListener@6a2eea2a, org.springframework.test.context.event.EventPublishingTestExecutionListener@b967222]
2024-12-02T22:42:44,647 [main] INFO  DefaultTestContextBootstrapper - Using TestExecutionListeners: [org.springframework.test.context.support.DirtiesContextBeforeModesTestExecutionListener@73044cdf, org.springframework.test.context.event.ApplicationEventsTestExecutionListener@3cbcd8f3, org.springframework.test.context.support.DependencyInjectionTestExecutionListener@719843e5, org.springframework.test.context.support.DirtiesContextTestExecutionListener@9a2ec9b, org.springframework.test.context.event.EventPublishingTestExecutionListener@58112bc4]
2024-12-02T22:42:44,683 [main] INFO  DefaultTestContextBootstrapper - Using TestExecutionListeners: [org.springframework.test.context.support.DirtiesContextBeforeModesTestExecutionListener@2ba33e2c, org.springframework.test.context.event.ApplicationEventsTestExecutionListener@1f193686, org.springframework.test.context.support.DependencyInjectionTestExecutionListener@31e72cbc, org.springframework.test.context.support.DirtiesContextTestExecutionListener@5fad41be, org.springframework.test.context.event.EventPublishingTestExecutionListener@6dcd5639]
2024-12-02T22:42:44,714 [main] INFO  Utils - [TestNG] Running:
  Command line suite

2024-12-02T22:42:45,524 [main] INFO  WebDriverManager - Using chromedriver 127.0.6533.119 (resolved driver for Chrome 127)
2024-12-02T22:42:45,550 [main] INFO  WebDriverManager - Exporting webdriver.chrome.driver as C:\Users\John.Kushoro\.cache\selenium\chromedriver\win64\127.0.6533.119\chromedriver.exe
2024-12-02T22:42:49,644 [main] INFO  LoginPageTests - Starting login test with companyName: totallygroupconfig, username: Test
2024-12-02T22:42:56,059 [main] INFO  LoginPageTests - Starting navigation to home page
2024-12-02T22:43:06,488 [main] INFO  LoginPageTests - Navigation to home page completed successfully.
2024-12-02T22:45:11,855 [main] INFO  Utils - [TestNG] Running:
  C:\Users\John.Kushoro\AppData\Local\JetBrains\IdeaIC2024.3\temp-testng-customsuite.xml

2024-12-02T22:45:12,199 [main] INFO  TestRunner - Setting up TestRunner environment.
2024-12-02T22:45:12,224 [main] INFO  TestRunner - Running tests...
2024-12-02T22:45:12,501 [main] INFO  DefaultTestContextBootstrapper - Using TestExecutionListeners: [org.springframework.test.context.support.DirtiesContextBeforeModesTestExecutionListener@2bf94401, org.springframework.test.context.event.ApplicationEventsTestExecutionListener@2532b351, org.springframework.test.context.support.DependencyInjectionTestExecutionListener@4349754, org.springframework.test.context.support.DirtiesContextTestExecutionListener@6a2eea2a, org.springframework.test.context.event.EventPublishingTestExecutionListener@b967222]
2024-12-02T22:45:12,531 [main] INFO  DefaultTestContextBootstrapper - Using TestExecutionListeners: [org.springframework.test.context.support.DirtiesContextBeforeModesTestExecutionListener@205b132e, org.springframework.test.context.event.ApplicationEventsTestExecutionListener@73044cdf, org.springframework.test.context.support.DependencyInjectionTestExecutionListener@3cbcd8f3, org.springframework.test.context.support.DirtiesContextTestExecutionListener@719843e5, org.springframework.test.context.event.EventPublishingTestExecutionListener@9a2ec9b]
2024-12-02T22:45:12,560 [main] INFO  DefaultTestContextBootstrapper - Using TestExecutionListeners: [org.springframework.test.context.support.DirtiesContextBeforeModesTestExecutionListener@149f5761, org.springframework.test.context.event.ApplicationEventsTestExecutionListener@2ba33e2c, org.springframework.test.context.support.DependencyInjectionTestExecutionListener@1f193686, org.springframework.test.context.support.DirtiesContextTestExecutionListener@31e72cbc, org.springframework.test.context.event.EventPublishingTestExecutionListener@5fad41be]
2024-12-02T22:45:12,581 [main] INFO  Utils - [TestNG] Running:
  Command line suite

2024-12-02T22:45:13,585 [main] INFO  WebDriverManager - Using chromedriver 127.0.6533.119 (resolved driver for Chrome 127)
2024-12-02T22:45:13,614 [main] INFO  WebDriverManager - Exporting webdriver.chrome.driver as C:\Users\John.Kushoro\.cache\selenium\chromedriver\win64\127.0.6533.119\chromedriver.exe
2024-12-02T22:45:17,382 [main] INFO  LoginPageTests - Starting login test with companyName: totallygroupconfig, username: Test
2024-12-02T22:45:22,067 [main] INFO  LoginPageTests - Starting navigation to home page
2024-12-02T22:45:32,849 [main] INFO  LoginPageTests - Navigation to home page completed successfully.
2024-12-02T22:46:15,920 [main] INFO  TestRunner - Cleaning up TestRunner environment.
2024-12-02T22:46:40,873 [main] INFO  Utils - [TestNG] Running:
  C:\Users\John.Kushoro\AppData\Local\JetBrains\IdeaIC2024.3\temp-testng-customsuite.xml

2024-12-02T22:46:41,199 [main] INFO  TestRunner - Setting up TestRunner environment.
2024-12-02T22:46:41,221 [main] INFO  TestRunner - Running tests...
2024-12-02T22:46:41,390 [main] INFO  DefaultTestContextBootstrapper - Using TestExecutionListeners: [org.springframework.test.context.support.DirtiesContextBeforeModesTestExecutionListener@74fef3f7, org.springframework.test.context.event.ApplicationEventsTestExecutionListener@2a037324, org.springframework.test.context.support.DependencyInjectionTestExecutionListener@69eb86b4, org.springframework.test.context.support.DirtiesContextTestExecutionListener@585ac855, org.springframework.test.context.event.EventPublishingTestExecutionListener@5bb8f9e2]
2024-12-02T22:46:41,420 [main] INFO  DefaultTestContextBootstrapper - Using TestExecutionListeners: [org.springframework.test.context.support.DirtiesContextBeforeModesTestExecutionListener@2c779e5, org.springframework.test.context.event.ApplicationEventsTestExecutionListener@6a84bc2a, org.springframework.test.context.support.DependencyInjectionTestExecutionListener@5183d589, org.springframework.test.context.support.DirtiesContextTestExecutionListener@511d5d04, org.springframework.test.context.event.EventPublishingTestExecutionListener@682c1e93]
2024-12-02T22:46:41,432 [main] INFO  DefaultTestContextBootstrapper - Using TestExecutionListeners: [org.springframework.test.context.support.DirtiesContextBeforeModesTestExecutionListener@69cac930, org.springframework.test.context.event.ApplicationEventsTestExecutionListener@19593091, org.springframework.test.context.support.DependencyInjectionTestExecutionListener@5d39f2d8, org.springframework.test.context.support.DirtiesContextTestExecutionListener@6ad6fa53, org.springframework.test.context.event.EventPublishingTestExecutionListener@55ea2d70]
2024-12-02T22:46:41,447 [main] INFO  Utils - [TestNG] Running:
  Command line suite

2024-12-02T22:46:42,188 [main] INFO  WebDriverManager - Using chromedriver 127.0.6533.119 (resolved driver for Chrome 127)
2024-12-02T22:46:42,213 [main] INFO  WebDriverManager - Exporting webdriver.chrome.driver as C:\Users\John.Kushoro\.cache\selenium\chromedriver\win64\127.0.6533.119\chromedriver.exe
2024-12-02T22:46:45,901 [main] INFO  LoginPageTests - Starting login test with companyName: totallygroupconfig, username: Test
2024-12-02T22:46:49,649 [main] INFO  LoginPageTests - Starting navigation to home page
2024-12-02T22:46:58,416 [main] INFO  LoginPageTests - Navigation to home page completed successfully.
2024-12-02T22:47:20,120 [main] INFO  TestRunner - Cleaning up TestRunner environment.
2024-12-02T22:48:54,923 [main] INFO  Utils - [TestNG] Running:
  C:\Users\John.Kushoro\AppData\Local\JetBrains\IdeaIC2024.3\temp-testng-customsuite.xml

2024-12-02T22:48:55,368 [main] INFO  TestRunner - Setting up TestRunner environment.
2024-12-02T22:48:55,409 [main] INFO  TestRunner - Running tests...
2024-12-02T22:48:55,621 [main] INFO  DefaultTestContextBootstrapper - Using TestExecutionListeners: [org.springframework.test.context.support.DirtiesContextBeforeModesTestExecutionListener@2bf94401, org.springframework.test.context.event.ApplicationEventsTestExecutionListener@2532b351, org.springframework.test.context.support.DependencyInjectionTestExecutionListener@4349754, org.springframework.test.context.support.DirtiesContextTestExecutionListener@6a2eea2a, org.springframework.test.context.event.EventPublishingTestExecutionListener@b967222]
2024-12-02T22:48:55,683 [main] INFO  DefaultTestContextBootstrapper - Using TestExecutionListeners: [org.springframework.test.context.support.DirtiesContextBeforeModesTestExecutionListener@73044cdf, org.springframework.test.context.event.ApplicationEventsTestExecutionListener@3cbcd8f3, org.springframework.test.context.support.DependencyInjectionTestExecutionListener@719843e5, org.springframework.test.context.support.DirtiesContextTestExecutionListener@9a2ec9b, org.springframework.test.context.event.EventPublishingTestExecutionListener@58112bc4]
2024-12-02T22:48:55,714 [main] INFO  DefaultTestContextBootstrapper - Using TestExecutionListeners: [org.springframework.test.context.support.DirtiesContextBeforeModesTestExecutionListener@2ba33e2c, org.springframework.test.context.event.ApplicationEventsTestExecutionListener@1f193686, org.springframework.test.context.support.DependencyInjectionTestExecutionListener@31e72cbc, org.springframework.test.context.support.DirtiesContextTestExecutionListener@5fad41be, org.springframework.test.context.event.EventPublishingTestExecutionListener@6dcd5639]
2024-12-02T22:48:55,761 [main] INFO  Utils - [TestNG] Running:
  Command line suite

2024-12-02T22:48:56,716 [main] INFO  WebDriverManager - Using chromedriver 127.0.6533.119 (resolved driver for Chrome 127)
2024-12-02T22:48:56,752 [main] INFO  WebDriverManager - Exporting webdriver.chrome.driver as C:\Users\John.Kushoro\.cache\selenium\chromedriver\win64\127.0.6533.119\chromedriver.exe
2024-12-02T22:49:00,887 [main] INFO  LoginPageTests - Starting login test with companyName: totallygroupconfig, username: Test
2024-12-02T22:49:05,993 [main] INFO  LoginPageTests - Starting navigation to home page
2024-12-02T22:49:14,467 [main] INFO  LoginPageTests - Navigation to home page completed successfully.
2024-12-02T22:52:52,398 [main] INFO  Utils - [TestNG] Running:
  C:\Users\John.Kushoro\AppData\Local\JetBrains\IdeaIC2024.3\temp-testng-customsuite.xml

2024-12-02T22:52:52,670 [main] INFO  TestRunner - Setting up TestRunner environment.
2024-12-02T22:52:52,703 [main] INFO  TestRunner - Running tests...
2024-12-02T22:52:52,877 [main] INFO  DefaultTestContextBootstrapper - Using TestExecutionListeners: [org.springframework.test.context.support.DirtiesContextBeforeModesTestExecutionListener@2bf94401, org.springframework.test.context.event.ApplicationEventsTestExecutionListener@2532b351, org.springframework.test.context.support.DependencyInjectionTestExecutionListener@4349754, org.springframework.test.context.support.DirtiesContextTestExecutionListener@6a2eea2a, org.springframework.test.context.event.EventPublishingTestExecutionListener@b967222]
2024-12-02T22:52:52,903 [main] INFO  DefaultTestContextBootstrapper - Using TestExecutionListeners: [org.springframework.test.context.support.DirtiesContextBeforeModesTestExecutionListener@205b132e, org.springframework.test.context.event.ApplicationEventsTestExecutionListener@73044cdf, org.springframework.test.context.support.DependencyInjectionTestExecutionListener@3cbcd8f3, org.springframework.test.context.support.DirtiesContextTestExecutionListener@719843e5, org.springframework.test.context.event.EventPublishingTestExecutionListener@9a2ec9b]
2024-12-02T22:52:52,913 [main] INFO  DefaultTestContextBootstrapper - Using TestExecutionListeners: [org.springframework.test.context.support.DirtiesContextBeforeModesTestExecutionListener@149f5761, org.springframework.test.context.event.ApplicationEventsTestExecutionListener@2ba33e2c, org.springframework.test.context.support.DependencyInjectionTestExecutionListener@1f193686, org.springframework.test.context.support.DirtiesContextTestExecutionListener@31e72cbc, org.springframework.test.context.event.EventPublishingTestExecutionListener@5fad41be]
2024-12-02T22:52:52,931 [main] INFO  Utils - [TestNG] Running:
  Command line suite

2024-12-02T22:52:53,809 [main] INFO  WebDriverManager - Using chromedriver 127.0.6533.119 (resolved driver for Chrome 127)
2024-12-02T22:52:53,834 [main] INFO  WebDriverManager - Exporting webdriver.chrome.driver as C:\Users\John.Kushoro\.cache\selenium\chromedriver\win64\127.0.6533.119\chromedriver.exe
2024-12-02T22:52:57,888 [main] INFO  LoginPageTests - Starting login test with companyName: totallygroupconfig, username: Test
2024-12-02T22:53:02,683 [main] INFO  LoginPageTests - Starting navigation to home page
2024-12-02T22:53:12,057 [main] INFO  LoginPageTests - Navigation to home page completed successfully.
2024-12-02T22:54:34,697 [main] INFO  Utils - [TestNG] Running:
  C:\Users\John.Kushoro\AppData\Local\JetBrains\IdeaIC2024.3\temp-testng-customsuite.xml

2024-12-02T22:54:34,954 [main] INFO  TestRunner - Setting up TestRunner environment.
2024-12-02T22:54:34,970 [main] INFO  TestRunner - Running tests...
2024-12-02T22:54:35,139 [main] INFO  DefaultTestContextBootstrapper - Using TestExecutionListeners: [org.springframework.test.context.support.DirtiesContextBeforeModesTestExecutionListener@2bf94401, org.springframework.test.context.event.ApplicationEventsTestExecutionListener@2532b351, org.springframework.test.context.support.DependencyInjectionTestExecutionListener@4349754, org.springframework.test.context.support.DirtiesContextTestExecutionListener@6a2eea2a, org.springframework.test.context.event.EventPublishingTestExecutionListener@b967222]
2024-12-02T22:54:35,196 [main] INFO  DefaultTestContextBootstrapper - Using TestExecutionListeners: [org.springframework.test.context.support.DirtiesContextBeforeModesTestExecutionListener@73044cdf, org.springframework.test.context.event.ApplicationEventsTestExecutionListener@3cbcd8f3, org.springframework.test.context.support.DependencyInjectionTestExecutionListener@719843e5, org.springframework.test.context.support.DirtiesContextTestExecutionListener@9a2ec9b, org.springframework.test.context.event.EventPublishingTestExecutionListener@58112bc4]
2024-12-02T22:54:35,211 [main] INFO  DefaultTestContextBootstrapper - Using TestExecutionListeners: [org.springframework.test.context.support.DirtiesContextBeforeModesTestExecutionListener@2ba33e2c, org.springframework.test.context.event.ApplicationEventsTestExecutionListener@1f193686, org.springframework.test.context.support.DependencyInjectionTestExecutionListener@31e72cbc, org.springframework.test.context.support.DirtiesContextTestExecutionListener@5fad41be, org.springframework.test.context.event.EventPublishingTestExecutionListener@6dcd5639]
2024-12-02T22:54:35,245 [main] INFO  Utils - [TestNG] Running:
  Command line suite

2024-12-02T22:54:36,042 [main] INFO  WebDriverManager - Using chromedriver 127.0.6533.119 (resolved driver for Chrome 127)
2024-12-02T22:54:36,073 [main] INFO  WebDriverManager - Exporting webdriver.chrome.driver as C:\Users\John.Kushoro\.cache\selenium\chromedriver\win64\127.0.6533.119\chromedriver.exe
2024-12-02T22:54:39,774 [main] INFO  LoginPageTests - Starting login test with companyName: totallygroupconfig, username: Test
2024-12-02T22:54:43,371 [main] INFO  LoginPageTests - Starting navigation to home page
2024-12-02T22:54:51,001 [main] INFO  LoginPageTests - Navigation to home page completed successfully.
2024-12-02T23:21:41,028 [main] INFO  Utils - [TestNG] Running:
  C:\Users\John.Kushoro\AppData\Local\JetBrains\IdeaIC2024.3\temp-testng-customsuite.xml

2024-12-02T23:21:41,355 [main] INFO  TestRunner - Setting up TestRunner environment.
2024-12-02T23:21:41,377 [main] INFO  TestRunner - Running tests...
2024-12-02T23:21:41,543 [main] INFO  DefaultTestContextBootstrapper - Using TestExecutionListeners: [org.springframework.test.context.support.DirtiesContextBeforeModesTestExecutionListener@2bf94401, org.springframework.test.context.event.ApplicationEventsTestExecutionListener@2532b351, org.springframework.test.context.support.DependencyInjectionTestExecutionListener@4349754, org.springframework.test.context.support.DirtiesContextTestExecutionListener@6a2eea2a, org.springframework.test.context.event.EventPublishingTestExecutionListener@b967222]
2024-12-02T23:21:41,572 [main] INFO  DefaultTestContextBootstrapper - Using TestExecutionListeners: [org.springframework.test.context.support.DirtiesContextBeforeModesTestExecutionListener@205b132e, org.springframework.test.context.event.ApplicationEventsTestExecutionListener@73044cdf, org.springframework.test.context.support.DependencyInjectionTestExecutionListener@3cbcd8f3, org.springframework.test.context.support.DirtiesContextTestExecutionListener@719843e5, org.springframework.test.context.event.EventPublishingTestExecutionListener@9a2ec9b]
2024-12-02T23:21:41,583 [main] INFO  DefaultTestContextBootstrapper - Using TestExecutionListeners: [org.springframework.test.context.support.DirtiesContextBeforeModesTestExecutionListener@1f193686, org.springframework.test.context.event.ApplicationEventsTestExecutionListener@31e72cbc, org.springframework.test.context.support.DependencyInjectionTestExecutionListener@5fad41be, org.springframework.test.context.support.DirtiesContextTestExecutionListener@6dcd5639, org.springframework.test.context.event.EventPublishingTestExecutionListener@3b36e000]
2024-12-02T23:21:41,595 [main] INFO  Utils - [TestNG] Running:
  Command line suite

2024-12-02T23:21:43,811 [main] INFO  WebDriverManager - Using chromedriver 127.0.6533.119 (resolved driver for Chrome 127)
2024-12-02T23:21:43,841 [main] INFO  WebDriverManager - Exporting webdriver.chrome.driver as C:\Users\John.Kushoro\.cache\selenium\chromedriver\win64\127.0.6533.119\chromedriver.exe
2024-12-02T23:21:49,628 [main] INFO  LoginPageTests - Starting login test with companyName: totallygroupconfig, username: Test
2024-12-02T23:21:57,143 [main] INFO  LoginPageTests - Starting navigation to home page
2024-12-02T23:22:08,642 [main] INFO  LoginPageTests - Navigation to home page completed successfully.
2024-12-02T23:23:27,307 [main] INFO  TestRunner - Cleaning up TestRunner environment.
2024-12-02T23:26:39,155 [main] INFO  Utils - [TestNG] Running:
  C:\Users\John.Kushoro\AppData\Local\JetBrains\IdeaIC2024.3\temp-testng-customsuite.xml

2024-12-02T23:26:39,673 [main] INFO  TestRunner - Setting up TestRunner environment.
2024-12-02T23:26:39,717 [main] INFO  TestRunner - Running tests...
2024-12-02T23:26:40,043 [main] INFO  DefaultTestContextBootstrapper - Using TestExecutionListeners: [org.springframework.test.context.support.DirtiesContextBeforeModesTestExecutionListener@2bf94401, org.springframework.test.context.event.ApplicationEventsTestExecutionListener@2532b351, org.springframework.test.context.support.DependencyInjectionTestExecutionListener@4349754, org.springframework.test.context.support.DirtiesContextTestExecutionListener@6a2eea2a, org.springframework.test.context.event.EventPublishingTestExecutionListener@b967222]
2024-12-02T23:26:40,099 [main] INFO  DefaultTestContextBootstrapper - Using TestExecutionListeners: [org.springframework.test.context.support.DirtiesContextBeforeModesTestExecutionListener@205b132e, org.springframework.test.context.event.ApplicationEventsTestExecutionListener@73044cdf, org.springframework.test.context.support.DependencyInjectionTestExecutionListener@3cbcd8f3, org.springframework.test.context.support.DirtiesContextTestExecutionListener@719843e5, org.springframework.test.context.event.EventPublishingTestExecutionListener@9a2ec9b]
2024-12-02T23:26:40,126 [main] INFO  DefaultTestContextBootstrapper - Using TestExecutionListeners: [org.springframework.test.context.support.DirtiesContextBeforeModesTestExecutionListener@2ba33e2c, org.springframework.test.context.event.ApplicationEventsTestExecutionListener@1f193686, org.springframework.test.context.support.DependencyInjectionTestExecutionListener@31e72cbc, org.springframework.test.context.support.DirtiesContextTestExecutionListener@5fad41be, org.springframework.test.context.event.EventPublishingTestExecutionListener@6dcd5639]
2024-12-02T23:26:40,168 [main] INFO  Utils - [TestNG] Running:
  Command line suite

2024-12-02T23:26:41,247 [main] INFO  WebDriverManager - Using chromedriver 127.0.6533.119 (resolved driver for Chrome 127)
2024-12-02T23:26:41,285 [main] INFO  WebDriverManager - Exporting webdriver.chrome.driver as C:\Users\John.Kushoro\.cache\selenium\chromedriver\win64\127.0.6533.119\chromedriver.exe
2024-12-02T23:26:46,183 [main] INFO  LoginPageTests - Starting login test with companyName: totallygroupconfig, username: Test
2024-12-02T23:26:53,311 [main] INFO  LoginPageTests - Starting navigation to home page
2024-12-02T23:27:10,763 [main] INFO  LoginPageTests - Navigation to home page completed successfully.
2024-12-02T23:28:52,966 [main] INFO  TestRunner - Cleaning up TestRunner environment.
2024-12-02T23:32:00,510 [main] INFO  Utils - [TestNG] Running:
  C:\Users\John.Kushoro\AppData\Local\JetBrains\IdeaIC2024.3\temp-testng-customsuite.xml

2024-12-02T23:32:00,804 [main] INFO  TestRunner - Setting up TestRunner environment.
2024-12-02T23:32:00,827 [main] INFO  TestRunner - Running tests...
2024-12-02T23:32:00,995 [main] INFO  DefaultTestContextBootstrapper - Using TestExecutionListeners: [org.springframework.test.context.support.DirtiesContextBeforeModesTestExecutionListener@2bf94401, org.springframework.test.context.event.ApplicationEventsTestExecutionListener@2532b351, org.springframework.test.context.support.DependencyInjectionTestExecutionListener@4349754, org.springframework.test.context.support.DirtiesContextTestExecutionListener@6a2eea2a, org.springframework.test.context.event.EventPublishingTestExecutionListener@b967222]
2024-12-02T23:32:01,025 [main] INFO  DefaultTestContextBootstrapper - Using TestExecutionListeners: [org.springframework.test.context.support.DirtiesContextBeforeModesTestExecutionListener@205b132e, org.springframework.test.context.event.ApplicationEventsTestExecutionListener@73044cdf, org.springframework.test.context.support.DependencyInjectionTestExecutionListener@3cbcd8f3, org.springframework.test.context.support.DirtiesContextTestExecutionListener@719843e5, org.springframework.test.context.event.EventPublishingTestExecutionListener@9a2ec9b]
2024-12-02T23:32:01,043 [main] INFO  DefaultTestContextBootstrapper - Using TestExecutionListeners: [org.springframework.test.context.support.DirtiesContextBeforeModesTestExecutionListener@2ba33e2c, org.springframework.test.context.event.ApplicationEventsTestExecutionListener@1f193686, org.springframework.test.context.support.DependencyInjectionTestExecutionListener@31e72cbc, org.springframework.test.context.support.DirtiesContextTestExecutionListener@5fad41be, org.springframework.test.context.event.EventPublishingTestExecutionListener@6dcd5639]
2024-12-02T23:32:01,081 [main] INFO  Utils - [TestNG] Running:
  Command line suite

2024-12-02T23:32:02,080 [main] INFO  WebDriverManager - Using chromedriver 127.0.6533.119 (resolved driver for Chrome 127)
2024-12-02T23:32:02,116 [main] INFO  WebDriverManager - Exporting webdriver.chrome.driver as C:\Users\John.Kushoro\.cache\selenium\chromedriver\win64\127.0.6533.119\chromedriver.exe
2024-12-02T23:32:07,260 [main] INFO  LoginPageTests - Starting login test with companyName: totallygroupconfig, username: Test
2024-12-02T23:32:14,606 [main] INFO  LoginPageTests - Starting navigation to home page
2024-12-02T23:32:23,766 [main] INFO  LoginPageTests - Navigation to home page completed successfully.
2024-12-02T23:34:37,098 [main] INFO  Utils - [TestNG] Running:
  C:\Users\John.Kushoro\AppData\Local\JetBrains\IdeaIC2024.3\temp-testng-customsuite.xml

2024-12-02T23:34:37,553 [main] INFO  TestRunner - Setting up TestRunner environment.
2024-12-02T23:34:37,589 [main] INFO  TestRunner - Running tests...
2024-12-02T23:34:37,939 [main] INFO  DefaultTestContextBootstrapper - Using TestExecutionListeners: [org.springframework.test.context.support.DirtiesContextBeforeModesTestExecutionListener@2bf94401, org.springframework.test.context.event.ApplicationEventsTestExecutionListener@2532b351, org.springframework.test.context.support.DependencyInjectionTestExecutionListener@4349754, org.springframework.test.context.support.DirtiesContextTestExecutionListener@6a2eea2a, org.springframework.test.context.event.EventPublishingTestExecutionListener@b967222]
2024-12-02T23:34:37,985 [main] INFO  DefaultTestContextBootstrapper - Using TestExecutionListeners: [org.springframework.test.context.support.DirtiesContextBeforeModesTestExecutionListener@73044cdf, org.springframework.test.context.event.ApplicationEventsTestExecutionListener@3cbcd8f3, org.springframework.test.context.support.DependencyInjectionTestExecutionListener@719843e5, org.springframework.test.context.support.DirtiesContextTestExecutionListener@9a2ec9b, org.springframework.test.context.event.EventPublishingTestExecutionListener@58112bc4]
2024-12-02T23:34:38,007 [main] INFO  DefaultTestContextBootstrapper - Using TestExecutionListeners: [org.springframework.test.context.support.DirtiesContextBeforeModesTestExecutionListener@31e72cbc, org.springframework.test.context.event.ApplicationEventsTestExecutionListener@5fad41be, org.springframework.test.context.support.DependencyInjectionTestExecutionListener@6dcd5639, org.springframework.test.context.support.DirtiesContextTestExecutionListener@3b36e000, org.springframework.test.context.event.EventPublishingTestExecutionListener@333cb916]
2024-12-02T23:34:38,039 [main] INFO  Utils - [TestNG] Running:
  Command line suite

2024-12-02T23:34:39,230 [main] INFO  WebDriverManager - Using chromedriver 127.0.6533.119 (resolved driver for Chrome 127)
2024-12-02T23:34:39,266 [main] INFO  WebDriverManager - Exporting webdriver.chrome.driver as C:\Users\John.Kushoro\.cache\selenium\chromedriver\win64\127.0.6533.119\chromedriver.exe
2024-12-02T23:34:43,133 [main] INFO  LoginPageTests - Starting login test with companyName: totallygroupconfig, username: Test
2024-12-02T23:34:48,217 [main] INFO  LoginPageTests - Starting navigation to home page
2024-12-02T23:34:58,801 [main] INFO  LoginPageTests - Navigation to home page completed successfully.
2024-12-02T23:40:22,193 [main] INFO  Utils - [TestNG] Running:
  C:\Users\John.Kushoro\AppData\Local\JetBrains\IdeaIC2024.3\temp-testng-customsuite.xml

2024-12-02T23:40:22,507 [main] INFO  TestRunner - Setting up TestRunner environment.
2024-12-02T23:40:22,530 [main] INFO  TestRunner - Running tests...
2024-12-02T23:40:22,695 [main] INFO  DefaultTestContextBootstrapper - Using TestExecutionListeners: [org.springframework.test.context.support.DirtiesContextBeforeModesTestExecutionListener@2bf94401, org.springframework.test.context.event.ApplicationEventsTestExecutionListener@2532b351, org.springframework.test.context.support.DependencyInjectionTestExecutionListener@4349754, org.springframework.test.context.support.DirtiesContextTestExecutionListener@6a2eea2a, org.springframework.test.context.event.EventPublishingTestExecutionListener@b967222]
2024-12-02T23:40:22,718 [main] INFO  DefaultTestContextBootstrapper - Using TestExecutionListeners: [org.springframework.test.context.support.DirtiesContextBeforeModesTestExecutionListener@205b132e, org.springframework.test.context.event.ApplicationEventsTestExecutionListener@73044cdf, org.springframework.test.context.support.DependencyInjectionTestExecutionListener@3cbcd8f3, org.springframework.test.context.support.DirtiesContextTestExecutionListener@719843e5, org.springframework.test.context.event.EventPublishingTestExecutionListener@9a2ec9b]
2024-12-02T23:40:22,736 [main] INFO  DefaultTestContextBootstrapper - Using TestExecutionListeners: [org.springframework.test.context.support.DirtiesContextBeforeModesTestExecutionListener@149f5761, org.springframework.test.context.event.ApplicationEventsTestExecutionListener@2ba33e2c, org.springframework.test.context.support.DependencyInjectionTestExecutionListener@1f193686, org.springframework.test.context.support.DirtiesContextTestExecutionListener@31e72cbc, org.springframework.test.context.event.EventPublishingTestExecutionListener@5fad41be]
2024-12-02T23:40:22,749 [main] INFO  Utils - [TestNG] Running:
  Command line suite

2024-12-02T23:40:23,559 [main] INFO  WebDriverManager - Using chromedriver 127.0.6533.119 (resolved driver for Chrome 127)
2024-12-02T23:40:23,590 [main] INFO  WebDriverManager - Exporting webdriver.chrome.driver as C:\Users\John.Kushoro\.cache\selenium\chromedriver\win64\127.0.6533.119\chromedriver.exe
2024-12-02T23:40:27,847 [main] INFO  LoginPageTests - Starting login test with companyName: totallygroupconfig, username: Test
2024-12-02T23:40:34,399 [main] INFO  LoginPageTests - Starting navigation to home page
2024-12-02T23:40:44,284 [main] INFO  LoginPageTests - Navigation to home page completed successfully.
2024-12-02T23:42:08,571 [main] INFO  TestRunner - Cleaning up TestRunner environment.
2024-12-02T23:43:39,004 [main] INFO  Utils - [TestNG] Running:
  C:\Users\John.Kushoro\AppData\Local\JetBrains\IdeaIC2024.3\temp-testng-customsuite.xml

2024-12-02T23:43:39,391 [main] INFO  TestRunner - Setting up TestRunner environment.
2024-12-02T23:43:39,414 [main] INFO  TestRunner - Running tests...
2024-12-02T23:43:39,600 [main] INFO  DefaultTestContextBootstrapper - Using TestExecutionListeners: [org.springframework.test.context.support.DirtiesContextBeforeModesTestExecutionListener@127f9161, org.springframework.test.context.event.ApplicationEventsTestExecutionListener@2bf94401, org.springframework.test.context.support.DependencyInjectionTestExecutionListener@2532b351, org.springframework.test.context.support.DirtiesContextTestExecutionListener@4349754, org.springframework.test.context.event.EventPublishingTestExecutionListener@6a2eea2a]
2024-12-02T23:43:39,643 [main] INFO  DefaultTestContextBootstrapper - Using TestExecutionListeners: [org.springframework.test.context.support.DirtiesContextBeforeModesTestExecutionListener@3cbcd8f3, org.springframework.test.context.event.ApplicationEventsTestExecutionListener@719843e5, org.springframework.test.context.support.DependencyInjectionTestExecutionListener@9a2ec9b, org.springframework.test.context.support.DirtiesContextTestExecutionListener@58112bc4, org.springframework.test.context.event.EventPublishingTestExecutionListener@2301b75]
2024-12-02T23:43:39,657 [main] INFO  DefaultTestContextBootstrapper - Using TestExecutionListeners: [org.springframework.test.context.support.DirtiesContextBeforeModesTestExecutionListener@6dcd5639, org.springframework.test.context.event.ApplicationEventsTestExecutionListener@3b36e000, org.springframework.test.context.support.DependencyInjectionTestExecutionListener@333cb916, org.springframework.test.context.support.DirtiesContextTestExecutionListener@629ae7e, org.springframework.test.context.event.EventPublishingTestExecutionListener@1d25c1c]
2024-12-02T23:43:39,683 [main] INFO  Utils - [TestNG] Running:
  Command line suite

2024-12-02T23:43:40,578 [main] INFO  WebDriverManager - Using chromedriver 127.0.6533.119 (resolved driver for Chrome 127)
2024-12-02T23:43:40,609 [main] INFO  WebDriverManager - Exporting webdriver.chrome.driver as C:\Users\John.Kushoro\.cache\selenium\chromedriver\win64\127.0.6533.119\chromedriver.exe
2024-12-02T23:43:45,028 [main] INFO  LoginPageTests - Starting login test with companyName: totallygroupconfig, username: Test
2024-12-02T23:43:50,291 [main] INFO  LoginPageTests - Starting navigation to home page
2024-12-02T23:43:58,656 [main] INFO  LoginPageTests - Navigation to home page completed successfully.
2024-12-02T23:46:48,008 [main] INFO  Utils - [TestNG] Running:
  C:\Users\John.Kushoro\AppData\Local\JetBrains\IdeaIC2024.3\temp-testng-customsuite.xml

2024-12-02T23:46:48,329 [main] INFO  TestRunner - Setting up TestRunner environment.
2024-12-02T23:46:48,364 [main] INFO  TestRunner - Running tests...
2024-12-02T23:46:48,543 [main] INFO  DefaultTestContextBootstrapper - Using TestExecutionListeners: [org.springframework.test.context.support.DirtiesContextBeforeModesTestExecutionListener@2bf94401, org.springframework.test.context.event.ApplicationEventsTestExecutionListener@2532b351, org.springframework.test.context.support.DependencyInjectionTestExecutionListener@4349754, org.springframework.test.context.support.DirtiesContextTestExecutionListener@6a2eea2a, org.springframework.test.context.event.EventPublishingTestExecutionListener@b967222]
2024-12-02T23:46:48,566 [main] INFO  DefaultTestContextBootstrapper - Using TestExecutionListeners: [org.springframework.test.context.support.DirtiesContextBeforeModesTestExecutionListener@205b132e, org.springframework.test.context.event.ApplicationEventsTestExecutionListener@73044cdf, org.springframework.test.context.support.DependencyInjectionTestExecutionListener@3cbcd8f3, org.springframework.test.context.support.DirtiesContextTestExecutionListener@719843e5, org.springframework.test.context.event.EventPublishingTestExecutionListener@9a2ec9b]
2024-12-02T23:46:48,576 [main] INFO  DefaultTestContextBootstrapper - Using TestExecutionListeners: [org.springframework.test.context.support.DirtiesContextBeforeModesTestExecutionListener@2ba33e2c, org.springframework.test.context.event.ApplicationEventsTestExecutionListener@1f193686, org.springframework.test.context.support.DependencyInjectionTestExecutionListener@31e72cbc, org.springframework.test.context.support.DirtiesContextTestExecutionListener@5fad41be, org.springframework.test.context.event.EventPublishingTestExecutionListener@6dcd5639]
2024-12-02T23:46:48,600 [main] INFO  Utils - [TestNG] Running:
  Command line suite

2024-12-02T23:46:49,511 [main] INFO  WebDriverManager - Using chromedriver 127.0.6533.119 (resolved driver for Chrome 127)
2024-12-02T23:46:49,550 [main] INFO  WebDriverManager - Exporting webdriver.chrome.driver as C:\Users\John.Kushoro\.cache\selenium\chromedriver\win64\127.0.6533.119\chromedriver.exe
2024-12-02T23:46:54,249 [main] INFO  LoginPageTests - Starting login test with companyName: totallygroupconfig, username: Test
2024-12-02T23:46:59,048 [main] INFO  LoginPageTests - Starting navigation to home page
2024-12-02T23:47:07,408 [main] INFO  LoginPageTests - Navigation to home page completed successfully.
2024-12-02T23:48:28,644 [main] INFO  TestRunner - Cleaning up TestRunner environment.
2024-12-02T23:50:49,479 [main] INFO  Utils - [TestNG] Running:
  C:\Users\John.Kushoro\AppData\Local\JetBrains\IdeaIC2024.3\temp-testng-customsuite.xml

2024-12-02T23:50:49,821 [main] INFO  TestRunner - Setting up TestRunner environment.
2024-12-02T23:50:49,846 [main] INFO  TestRunner - Running tests...
2024-12-02T23:50:50,055 [main] INFO  DefaultTestContextBootstrapper - Using TestExecutionListeners: [org.springframework.test.context.support.DirtiesContextBeforeModesTestExecutionListener@2bf94401, org.springframework.test.context.event.ApplicationEventsTestExecutionListener@2532b351, org.springframework.test.context.support.DependencyInjectionTestExecutionListener@4349754, org.springframework.test.context.support.DirtiesContextTestExecutionListener@6a2eea2a, org.springframework.test.context.event.EventPublishingTestExecutionListener@b967222]
2024-12-02T23:50:50,101 [main] INFO  DefaultTestContextBootstrapper - Using TestExecutionListeners: [org.springframework.test.context.support.DirtiesContextBeforeModesTestExecutionListener@205b132e, org.springframework.test.context.event.ApplicationEventsTestExecutionListener@73044cdf, org.springframework.test.context.support.DependencyInjectionTestExecutionListener@3cbcd8f3, org.springframework.test.context.support.DirtiesContextTestExecutionListener@719843e5, org.springframework.test.context.event.EventPublishingTestExecutionListener@9a2ec9b]
2024-12-02T23:50:50,115 [main] INFO  DefaultTestContextBootstrapper - Using TestExecutionListeners: [org.springframework.test.context.support.DirtiesContextBeforeModesTestExecutionListener@1f193686, org.springframework.test.context.event.ApplicationEventsTestExecutionListener@31e72cbc, org.springframework.test.context.support.DependencyInjectionTestExecutionListener@5fad41be, org.springframework.test.context.support.DirtiesContextTestExecutionListener@6dcd5639, org.springframework.test.context.event.EventPublishingTestExecutionListener@3b36e000]
2024-12-02T23:50:50,133 [main] INFO  Utils - [TestNG] Running:
  Command line suite

2024-12-02T23:50:50,997 [main] INFO  WebDriverManager - Using chromedriver 127.0.6533.119 (resolved driver for Chrome 127)
2024-12-02T23:50:51,024 [main] INFO  WebDriverManager - Exporting webdriver.chrome.driver as C:\Users\John.Kushoro\.cache\selenium\chromedriver\win64\127.0.6533.119\chromedriver.exe
2024-12-02T23:50:54,928 [main] INFO  LoginPageTests - Starting login test with companyName: totallygroupconfig, username: Test
2024-12-02T23:50:59,739 [main] INFO  LoginPageTests - Starting navigation to home page
2024-12-02T23:51:10,088 [main] INFO  LoginPageTests - Navigation to home page completed successfully.
2024-12-02T23:53:31,296 [main] INFO  TestRunner - Cleaning up TestRunner environment.
2024-12-02T23:55:12,596 [main] INFO  Utils - [TestNG] Running:
  C:\Users\John.Kushoro\AppData\Local\JetBrains\IdeaIC2024.3\temp-testng-customsuite.xml

2024-12-02T23:55:12,858 [main] INFO  TestRunner - Setting up TestRunner environment.
2024-12-02T23:55:12,880 [main] INFO  TestRunner - Running tests...
2024-12-02T23:55:13,110 [main] INFO  DefaultTestContextBootstrapper - Using TestExecutionListeners: [org.springframework.test.context.support.DirtiesContextBeforeModesTestExecutionListener@2bf94401, org.springframework.test.context.event.ApplicationEventsTestExecutionListener@2532b351, org.springframework.test.context.support.DependencyInjectionTestExecutionListener@4349754, org.springframework.test.context.support.DirtiesContextTestExecutionListener@6a2eea2a, org.springframework.test.context.event.EventPublishingTestExecutionListener@b967222]
2024-12-02T23:55:13,157 [main] INFO  DefaultTestContextBootstrapper - Using TestExecutionListeners: [org.springframework.test.context.support.DirtiesContextBeforeModesTestExecutionListener@719843e5, org.springframework.test.context.event.ApplicationEventsTestExecutionListener@9a2ec9b, org.springframework.test.context.support.DependencyInjectionTestExecutionListener@58112bc4, org.springframework.test.context.support.DirtiesContextTestExecutionListener@2301b75, org.springframework.test.context.event.EventPublishingTestExecutionListener@3104f7bd]
2024-12-02T23:55:13,170 [main] INFO  DefaultTestContextBootstrapper - Using TestExecutionListeners: [org.springframework.test.context.support.DirtiesContextBeforeModesTestExecutionListener@31e72cbc, org.springframework.test.context.event.ApplicationEventsTestExecutionListener@5fad41be, org.springframework.test.context.support.DependencyInjectionTestExecutionListener@6dcd5639, org.springframework.test.context.support.DirtiesContextTestExecutionListener@3b36e000, org.springframework.test.context.event.EventPublishingTestExecutionListener@333cb916]
2024-12-02T23:55:13,190 [main] INFO  Utils - [TestNG] Running:
  Command line suite

2024-12-02T23:55:13,955 [main] INFO  WebDriverManager - Using chromedriver 127.0.6533.119 (resolved driver for Chrome 127)
2024-12-02T23:55:13,987 [main] INFO  WebDriverManager - Exporting webdriver.chrome.driver as C:\Users\John.Kushoro\.cache\selenium\chromedriver\win64\127.0.6533.119\chromedriver.exe
2024-12-02T23:55:17,737 [main] INFO  LoginPageTests - Starting login test with companyName: totallygroupconfig, username: Test
2024-12-02T23:55:22,653 [main] INFO  LoginPageTests - Starting navigation to home page
2024-12-02T23:55:30,841 [main] INFO  LoginPageTests - Navigation to home page completed successfully.
