2024-11-29T22:01:23,370 [main] INFO  Utils - [TestNG] Running:
  C:\Users\John.Kushoro\AppData\Local\JetBrains\IdeaIC2024.3\temp-testng-customsuite.xml

2024-11-29T22:01:24,150 [main] INFO  TestRunner - Setting up TestRunner environment.
2024-11-29T22:01:24,220 [main] INFO  TestRunner - Running tests...
2024-11-29T22:01:24,520 [main] INFO  DefaultTestContextBootstrapper - Using TestExecutionListeners: [org.springframework.test.context.support.DirtiesContextBeforeModesTestExecutionListener@1436a7ab, org.springframework.test.context.event.ApplicationEventsTestExecutionListener@3b7b05a8, org.springframework.test.context.support.DependencyInjectionTestExecutionListener@3d36dff4, org.springframework.test.context.support.DirtiesContextTestExecutionListener@7abe27bf, org.springframework.test.context.event.EventPublishingTestExecutionListener@5b94ccbc]
2024-11-29T22:01:24,561 [main] INFO  DefaultTestContextBootstrapper - Using TestExecutionListeners: [org.springframework.test.context.support.DirtiesContextBeforeModesTestExecutionListener@3bb8aabc, org.springframework.test.context.event.ApplicationEventsTestExecutionListener@6e1d4137, org.springframework.test.context.support.DependencyInjectionTestExecutionListener@256a1825, org.springframework.test.context.support.DirtiesContextTestExecutionListener@29a4f594, org.springframework.test.context.event.EventPublishingTestExecutionListener@57b75756]
2024-11-29T22:01:24,573 [main] INFO  DefaultTestContextBootstrapper - Using TestExecutionListeners: [org.springframework.test.context.support.DirtiesContextBeforeModesTestExecutionListener@5da7cee2, org.springframework.test.context.event.ApplicationEventsTestExecutionListener@78830d9a, org.springframework.test.context.support.DependencyInjectionTestExecutionListener@5ce4369b, org.springframework.test.context.support.DirtiesContextTestExecutionListener@7f829c76, org.springframework.test.context.event.EventPublishingTestExecutionListener@1cb19dba]
2024-11-29T22:01:24,596 [main] INFO  Utils - [TestNG] Running:
  Command line suite

2024-11-29T22:01:27,489 [main] INFO  WebDriverManager - Using chromedriver 127.0.6533.119 (resolved driver for Chrome 127)
2024-11-29T22:01:27,553 [main] INFO  WebDriverManager - Exporting webdriver.chrome.driver as C:\Users\John.Kushoro\.cache\selenium\chromedriver\win64\127.0.6533.119\chromedriver.exe
2024-11-29T22:01:32,976 [main] INFO  LoginPageTests - Starting login test with companyName: totallygroupconfig, username: Test
2024-11-29T22:01:53,433 [main] INFO  LoginPageTests - Starting navigation to home page
2024-11-29T22:02:05,597 [main] INFO  LoginPageTests - Navigation to home page completed successfully.
2024-11-29T22:04:20,204 [main] INFO  TestRunner - Cleaning up TestRunner environment.
2024-11-29T22:12:46,647 [main] INFO  Utils - [TestNG] Running:
  C:\Users\John.Kushoro\AppData\Local\JetBrains\IdeaIC2024.3\temp-testng-customsuite.xml

2024-11-29T22:12:47,003 [main] INFO  TestRunner - Setting up TestRunner environment.
2024-11-29T22:12:47,043 [main] INFO  TestRunner - Running tests...
2024-11-29T22:12:47,257 [main] INFO  DefaultTestContextBootstrapper - Using TestExecutionListeners: [org.springframework.test.context.support.DirtiesContextBeforeModesTestExecutionListener@2bf94401, org.springframework.test.context.event.ApplicationEventsTestExecutionListener@2532b351, org.springframework.test.context.support.DependencyInjectionTestExecutionListener@4349754, org.springframework.test.context.support.DirtiesContextTestExecutionListener@6a2eea2a, org.springframework.test.context.event.EventPublishingTestExecutionListener@b967222]
2024-11-29T22:12:47,299 [main] INFO  DefaultTestContextBootstrapper - Using TestExecutionListeners: [org.springframework.test.context.support.DirtiesContextBeforeModesTestExecutionListener@719843e5, org.springframework.test.context.event.ApplicationEventsTestExecutionListener@9a2ec9b, org.springframework.test.context.support.DependencyInjectionTestExecutionListener@58112bc4, org.springframework.test.context.support.DirtiesContextTestExecutionListener@2301b75, org.springframework.test.context.event.EventPublishingTestExecutionListener@3104f7bd]
2024-11-29T22:12:47,313 [main] INFO  DefaultTestContextBootstrapper - Using TestExecutionListeners: [org.springframework.test.context.support.DirtiesContextBeforeModesTestExecutionListener@31e72cbc, org.springframework.test.context.event.ApplicationEventsTestExecutionListener@5fad41be, org.springframework.test.context.support.DependencyInjectionTestExecutionListener@6dcd5639, org.springframework.test.context.support.DirtiesContextTestExecutionListener@3b36e000, org.springframework.test.context.event.EventPublishingTestExecutionListener@333cb916]
2024-11-29T22:12:47,332 [main] INFO  Utils - [TestNG] Running:
  Command line suite

2024-11-29T22:12:48,320 [main] INFO  WebDriverManager - Using chromedriver 127.0.6533.119 (resolved driver for Chrome 127)
2024-11-29T22:12:48,353 [main] INFO  WebDriverManager - Exporting webdriver.chrome.driver as C:\Users\John.Kushoro\.cache\selenium\chromedriver\win64\127.0.6533.119\chromedriver.exe
2024-11-29T22:12:52,960 [main] INFO  LoginPageTests - Starting login test with companyName: totallygroupconfig, username: Test
2024-11-29T22:12:59,140 [main] INFO  LoginPageTests - Starting navigation to home page
2024-11-29T22:13:06,817 [main] INFO  LoginPageTests - Navigation to home page completed successfully.
2024-11-29T22:14:24,851 [main] INFO  TestRunner - Cleaning up TestRunner environment.
2024-11-29T22:22:18,786 [main] INFO  Utils - [TestNG] Running:
  C:\Users\John.Kushoro\AppData\Local\JetBrains\IdeaIC2024.3\temp-testng-customsuite.xml

2024-11-29T22:22:19,265 [main] INFO  TestRunner - Setting up TestRunner environment.
2024-11-29T22:22:19,308 [main] INFO  TestRunner - Running tests...
2024-11-29T22:22:19,639 [main] INFO  DefaultTestContextBootstrapper - Using TestExecutionListeners: [org.springframework.test.context.support.DirtiesContextBeforeModesTestExecutionListener@2bf94401, org.springframework.test.context.event.ApplicationEventsTestExecutionListener@2532b351, org.springframework.test.context.support.DependencyInjectionTestExecutionListener@4349754, org.springframework.test.context.support.DirtiesContextTestExecutionListener@6a2eea2a, org.springframework.test.context.event.EventPublishingTestExecutionListener@b967222]
2024-11-29T22:22:19,694 [main] INFO  DefaultTestContextBootstrapper - Using TestExecutionListeners: [org.springframework.test.context.support.DirtiesContextBeforeModesTestExecutionListener@205b132e, org.springframework.test.context.event.ApplicationEventsTestExecutionListener@73044cdf, org.springframework.test.context.support.DependencyInjectionTestExecutionListener@3cbcd8f3, org.springframework.test.context.support.DirtiesContextTestExecutionListener@719843e5, org.springframework.test.context.event.EventPublishingTestExecutionListener@9a2ec9b]
2024-11-29T22:22:19,708 [main] INFO  DefaultTestContextBootstrapper - Using TestExecutionListeners: [org.springframework.test.context.support.DirtiesContextBeforeModesTestExecutionListener@149f5761, org.springframework.test.context.event.ApplicationEventsTestExecutionListener@2ba33e2c, org.springframework.test.context.support.DependencyInjectionTestExecutionListener@1f193686, org.springframework.test.context.support.DirtiesContextTestExecutionListener@31e72cbc, org.springframework.test.context.event.EventPublishingTestExecutionListener@5fad41be]
2024-11-29T22:22:19,729 [main] INFO  Utils - [TestNG] Running:
  Command line suite

2024-11-29T22:22:20,663 [main] INFO  WebDriverManager - Using chromedriver 127.0.6533.119 (resolved driver for Chrome 127)
2024-11-29T22:22:20,703 [main] INFO  WebDriverManager - Exporting webdriver.chrome.driver as C:\Users\John.Kushoro\.cache\selenium\chromedriver\win64\127.0.6533.119\chromedriver.exe
2024-11-29T22:22:25,316 [main] INFO  LoginPageTests - Starting login test with companyName: totallygroupconfig, username: Test
2024-11-29T22:22:32,870 [main] INFO  LoginPageTests - Starting navigation to home page
2024-11-29T22:22:48,208 [main] INFO  LoginPageTests - Navigation to home page completed successfully.
2024-11-29T22:24:28,991 [main] INFO  TestRunner - Cleaning up TestRunner environment.
2024-11-29T22:24:29,000 [SpringContextShutdownHook] WARN  DisposableBeanAdapter - Custom destroy method 'close' on bean with name 'webDriver' propagated an exception: org.openqa.selenium.NoSuchSessionException: Session ID is null. Using WebDriver after calling quit()?
Build info: version: '4.25.0', revision: '8a8aea2337'
System info: os.name: 'Windows 10', os.arch: 'amd64', os.version: '10.0', java.version: '23.0.1'
Driver info: org.openqa.selenium.chrome.ChromeDriver
Command: [null, close {}]
Capabilities {acceptInsecureCerts: false, browserName: chrome, browserVersion: 127.0.6533.89, chrome: {chromedriverVersion: 127.0.6533.119 (bdef6783a05..., userDataDir: C:\Users\JOHN~1.KUS\AppData...}, fedcm:accounts: true, goog:chromeOptions: {debuggerAddress: localhost:55467}, networkConnectionEnabled: false, pageLoadStrategy: normal, platformName: windows, proxy: Proxy(), se:cdp: ws://localhost:55467/devtoo..., se:cdpVersion: 127.0.6533.89, setWindowRect: true, strictFileInteractability: false, timeouts: {implicit: 0, pageLoad: 300000, script: 30000}, unhandledPromptBehavior: dismiss and notify, webauthn:extension:credBlob: true, webauthn:extension:largeBlob: true, webauthn:extension:minPinLength: true, webauthn:extension:prf: true, webauthn:virtualAuthenticators: true}
2024-11-29T22:41:17,916 [main] INFO  Utils - [TestNG] Running:
  C:\Users\John.Kushoro\AppData\Local\JetBrains\IdeaIC2024.3\temp-testng-customsuite.xml

2024-11-29T22:41:18,305 [main] INFO  TestRunner - Setting up TestRunner environment.
2024-11-29T22:41:18,327 [main] INFO  TestRunner - Running tests...
2024-11-29T22:41:18,524 [main] INFO  DefaultTestContextBootstrapper - Using TestExecutionListeners: [org.springframework.test.context.support.DirtiesContextBeforeModesTestExecutionListener@2bf94401, org.springframework.test.context.event.ApplicationEventsTestExecutionListener@2532b351, org.springframework.test.context.support.DependencyInjectionTestExecutionListener@4349754, org.springframework.test.context.support.DirtiesContextTestExecutionListener@6a2eea2a, org.springframework.test.context.event.EventPublishingTestExecutionListener@b967222]
2024-11-29T22:41:18,550 [main] INFO  DefaultTestContextBootstrapper - Using TestExecutionListeners: [org.springframework.test.context.support.DirtiesContextBeforeModesTestExecutionListener@719843e5, org.springframework.test.context.event.ApplicationEventsTestExecutionListener@9a2ec9b, org.springframework.test.context.support.DependencyInjectionTestExecutionListener@58112bc4, org.springframework.test.context.support.DirtiesContextTestExecutionListener@2301b75, org.springframework.test.context.event.EventPublishingTestExecutionListener@3104f7bd]
2024-11-29T22:41:18,562 [main] INFO  DefaultTestContextBootstrapper - Using TestExecutionListeners: [org.springframework.test.context.support.DirtiesContextBeforeModesTestExecutionListener@6dcd5639, org.springframework.test.context.event.ApplicationEventsTestExecutionListener@3b36e000, org.springframework.test.context.support.DependencyInjectionTestExecutionListener@333cb916, org.springframework.test.context.support.DirtiesContextTestExecutionListener@629ae7e, org.springframework.test.context.event.EventPublishingTestExecutionListener@1d25c1c]
2024-11-29T22:41:18,583 [main] INFO  Utils - [TestNG] Running:
  Command line suite

2024-11-29T22:41:19,347 [main] INFO  WebDriverManager - Using chromedriver 127.0.6533.119 (resolved driver for Chrome 127)
2024-11-29T22:41:19,373 [main] INFO  WebDriverManager - Exporting webdriver.chrome.driver as C:\Users\John.Kushoro\.cache\selenium\chromedriver\win64\127.0.6533.119\chromedriver.exe
2024-11-29T22:41:24,035 [main] INFO  LoginPageTests - Starting login test with companyName: totallygroupconfig, username: Test
2024-11-29T22:41:31,371 [main] INFO  LoginPageTests - Starting navigation to home page
2024-11-29T22:41:39,708 [main] INFO  LoginPageTests - Navigation to home page completed successfully.
2024-11-29T22:42:28,456 [main] INFO  TestRunner - Cleaning up TestRunner environment.
2024-11-29T22:44:58,773 [main] INFO  Utils - [TestNG] Running:
  C:\Users\John.Kushoro\AppData\Local\JetBrains\IdeaIC2024.3\temp-testng-customsuite.xml

2024-11-29T22:44:59,057 [main] INFO  TestRunner - Setting up TestRunner environment.
2024-11-29T22:44:59,074 [main] INFO  TestRunner - Running tests...
2024-11-29T22:44:59,242 [main] INFO  DefaultTestContextBootstrapper - Using TestExecutionListeners: [org.springframework.test.context.support.DirtiesContextBeforeModesTestExecutionListener@2bf94401, org.springframework.test.context.event.ApplicationEventsTestExecutionListener@2532b351, org.springframework.test.context.support.DependencyInjectionTestExecutionListener@4349754, org.springframework.test.context.support.DirtiesContextTestExecutionListener@6a2eea2a, org.springframework.test.context.event.EventPublishingTestExecutionListener@b967222]
2024-11-29T22:44:59,273 [main] INFO  DefaultTestContextBootstrapper - Using TestExecutionListeners: [org.springframework.test.context.support.DirtiesContextBeforeModesTestExecutionListener@719843e5, org.springframework.test.context.event.ApplicationEventsTestExecutionListener@9a2ec9b, org.springframework.test.context.support.DependencyInjectionTestExecutionListener@58112bc4, org.springframework.test.context.support.DirtiesContextTestExecutionListener@2301b75, org.springframework.test.context.event.EventPublishingTestExecutionListener@3104f7bd]
2024-11-29T22:44:59,285 [main] INFO  DefaultTestContextBootstrapper - Using TestExecutionListeners: [org.springframework.test.context.support.DirtiesContextBeforeModesTestExecutionListener@31e72cbc, org.springframework.test.context.event.ApplicationEventsTestExecutionListener@5fad41be, org.springframework.test.context.support.DependencyInjectionTestExecutionListener@6dcd5639, org.springframework.test.context.support.DirtiesContextTestExecutionListener@3b36e000, org.springframework.test.context.event.EventPublishingTestExecutionListener@333cb916]
2024-11-29T22:44:59,315 [main] INFO  Utils - [TestNG] Running:
  Command line suite

2024-11-29T22:45:00,166 [main] INFO  WebDriverManager - Using chromedriver 127.0.6533.119 (resolved driver for Chrome 127)
2024-11-29T22:45:00,207 [main] INFO  WebDriverManager - Exporting webdriver.chrome.driver as C:\Users\John.Kushoro\.cache\selenium\chromedriver\win64\127.0.6533.119\chromedriver.exe
2024-11-29T22:45:04,016 [main] INFO  LoginPageTests - Starting login test with companyName: totallygroupconfig, username: Test
2024-11-29T22:45:09,224 [main] INFO  LoginPageTests - Starting navigation to home page
2024-11-29T22:45:17,050 [main] INFO  LoginPageTests - Navigation to home page completed successfully.
2024-11-29T22:48:00,533 [main] INFO  TestRunner - Cleaning up TestRunner environment.
2024-11-29T22:52:21,093 [main] INFO  Utils - [TestNG] Running:
  C:\Users\John.Kushoro\AppData\Local\JetBrains\IdeaIC2024.3\temp-testng-customsuite.xml

2024-11-29T22:52:21,410 [main] INFO  TestRunner - Setting up TestRunner environment.
2024-11-29T22:52:21,429 [main] INFO  TestRunner - Running tests...
2024-11-29T22:52:21,601 [main] INFO  DefaultTestContextBootstrapper - Using TestExecutionListeners: [org.springframework.test.context.support.DirtiesContextBeforeModesTestExecutionListener@2bf94401, org.springframework.test.context.event.ApplicationEventsTestExecutionListener@2532b351, org.springframework.test.context.support.DependencyInjectionTestExecutionListener@4349754, org.springframework.test.context.support.DirtiesContextTestExecutionListener@6a2eea2a, org.springframework.test.context.event.EventPublishingTestExecutionListener@b967222]
2024-11-29T22:52:21,631 [main] INFO  DefaultTestContextBootstrapper - Using TestExecutionListeners: [org.springframework.test.context.support.DirtiesContextBeforeModesTestExecutionListener@205b132e, org.springframework.test.context.event.ApplicationEventsTestExecutionListener@73044cdf, org.springframework.test.context.support.DependencyInjectionTestExecutionListener@3cbcd8f3, org.springframework.test.context.support.DirtiesContextTestExecutionListener@719843e5, org.springframework.test.context.event.EventPublishingTestExecutionListener@9a2ec9b]
2024-11-29T22:52:21,663 [main] INFO  DefaultTestContextBootstrapper - Using TestExecutionListeners: [org.springframework.test.context.support.DirtiesContextBeforeModesTestExecutionListener@5fad41be, org.springframework.test.context.event.ApplicationEventsTestExecutionListener@6dcd5639, org.springframework.test.context.support.DependencyInjectionTestExecutionListener@3b36e000, org.springframework.test.context.support.DirtiesContextTestExecutionListener@333cb916, org.springframework.test.context.event.EventPublishingTestExecutionListener@629ae7e]
2024-11-29T22:52:21,697 [main] INFO  Utils - [TestNG] Running:
  Command line suite

2024-11-29T22:52:22,688 [main] INFO  WebDriverManager - Using chromedriver 127.0.6533.119 (resolved driver for Chrome 127)
2024-11-29T22:52:22,722 [main] INFO  WebDriverManager - Exporting webdriver.chrome.driver as C:\Users\John.Kushoro\.cache\selenium\chromedriver\win64\127.0.6533.119\chromedriver.exe
2024-11-29T22:52:27,529 [main] INFO  LoginPageTests - Starting login test with companyName: totallygroupconfig, username: Test
2024-11-29T22:52:32,110 [main] INFO  LoginPageTests - Starting navigation to home page
2024-11-29T22:52:42,262 [main] INFO  LoginPageTests - Navigation to home page completed successfully.
2024-11-29T22:54:32,309 [main] INFO  TestRunner - Cleaning up TestRunner environment.
2024-11-29T23:13:19,322 [main] INFO  Utils - [TestNG] Running:
  C:\Users\John.Kushoro\AppData\Local\JetBrains\IdeaIC2024.3\temp-testng-customsuite.xml

2024-11-29T23:13:19,589 [main] INFO  TestRunner - Setting up TestRunner environment.
2024-11-29T23:13:19,606 [main] INFO  TestRunner - Running tests...
2024-11-29T23:13:19,821 [main] INFO  DefaultTestContextBootstrapper - Using TestExecutionListeners: [org.springframework.test.context.support.DirtiesContextBeforeModesTestExecutionListener@2bf94401, org.springframework.test.context.event.ApplicationEventsTestExecutionListener@2532b351, org.springframework.test.context.support.DependencyInjectionTestExecutionListener@4349754, org.springframework.test.context.support.DirtiesContextTestExecutionListener@6a2eea2a, org.springframework.test.context.event.EventPublishingTestExecutionListener@b967222]
2024-11-29T23:13:19,876 [main] INFO  DefaultTestContextBootstrapper - Using TestExecutionListeners: [org.springframework.test.context.support.DirtiesContextBeforeModesTestExecutionListener@205b132e, org.springframework.test.context.event.ApplicationEventsTestExecutionListener@73044cdf, org.springframework.test.context.support.DependencyInjectionTestExecutionListener@3cbcd8f3, org.springframework.test.context.support.DirtiesContextTestExecutionListener@719843e5, org.springframework.test.context.event.EventPublishingTestExecutionListener@9a2ec9b]
2024-11-29T23:13:19,894 [main] INFO  DefaultTestContextBootstrapper - Using TestExecutionListeners: [org.springframework.test.context.support.DirtiesContextBeforeModesTestExecutionListener@2ba33e2c, org.springframework.test.context.event.ApplicationEventsTestExecutionListener@1f193686, org.springframework.test.context.support.DependencyInjectionTestExecutionListener@31e72cbc, org.springframework.test.context.support.DirtiesContextTestExecutionListener@5fad41be, org.springframework.test.context.event.EventPublishingTestExecutionListener@6dcd5639]
2024-11-29T23:13:19,913 [main] INFO  Utils - [TestNG] Running:
  Command line suite

2024-11-29T23:13:21,580 [main] INFO  WebDriverManager - Using chromedriver 127.0.6533.119 (resolved driver for Chrome 127)
2024-11-29T23:13:21,610 [main] INFO  WebDriverManager - Exporting webdriver.chrome.driver as C:\Users\John.Kushoro\.cache\selenium\chromedriver\win64\127.0.6533.119\chromedriver.exe
2024-11-29T23:13:26,012 [main] INFO  LoginPageTests - Starting login test with companyName: totallygroupconfig, username: Test
2024-11-29T23:13:32,809 [main] INFO  LoginPageTests - Starting navigation to home page
2024-11-29T23:13:42,244 [main] INFO  LoginPageTests - Navigation to home page completed successfully.
2024-11-29T23:14:35,307 [main] INFO  TestRunner - Cleaning up TestRunner environment.
2024-11-29T23:14:53,305 [main] INFO  Utils - [TestNG] Running:
  C:\Users\John.Kushoro\AppData\Local\JetBrains\IdeaIC2024.3\temp-testng-customsuite.xml

2024-11-29T23:14:53,678 [main] INFO  TestRunner - Setting up TestRunner environment.
2024-11-29T23:14:53,695 [main] INFO  TestRunner - Running tests...
2024-11-29T23:14:53,845 [main] INFO  DefaultTestContextBootstrapper - Using TestExecutionListeners: [org.springframework.test.context.support.DirtiesContextBeforeModesTestExecutionListener@74fef3f7, org.springframework.test.context.event.ApplicationEventsTestExecutionListener@2a037324, org.springframework.test.context.support.DependencyInjectionTestExecutionListener@69eb86b4, org.springframework.test.context.support.DirtiesContextTestExecutionListener@585ac855, org.springframework.test.context.event.EventPublishingTestExecutionListener@5bb8f9e2]
2024-11-29T23:14:53,875 [main] INFO  DefaultTestContextBootstrapper - Using TestExecutionListeners: [org.springframework.test.context.support.DirtiesContextBeforeModesTestExecutionListener@1c12f3ee, org.springframework.test.context.event.ApplicationEventsTestExecutionListener@6d467c87, org.springframework.test.context.support.DependencyInjectionTestExecutionListener@29182679, org.springframework.test.context.support.DirtiesContextTestExecutionListener@57bd802b, org.springframework.test.context.event.EventPublishingTestExecutionListener@5cbb84b1]
2024-11-29T23:14:53,887 [main] INFO  DefaultTestContextBootstrapper - Using TestExecutionListeners: [org.springframework.test.context.support.DirtiesContextBeforeModesTestExecutionListener@4bdcaf36, org.springframework.test.context.event.ApplicationEventsTestExecutionListener@61d01788, org.springframework.test.context.support.DependencyInjectionTestExecutionListener@2b9b7f1f, org.springframework.test.context.support.DirtiesContextTestExecutionListener@264c5d07, org.springframework.test.context.event.EventPublishingTestExecutionListener@847f3e7]
2024-11-29T23:14:53,903 [main] INFO  Utils - [TestNG] Running:
  Command line suite

2024-11-29T23:14:54,715 [main] INFO  WebDriverManager - Using chromedriver 127.0.6533.119 (resolved driver for Chrome 127)
2024-11-29T23:14:54,737 [main] INFO  WebDriverManager - Exporting webdriver.chrome.driver as C:\Users\John.Kushoro\.cache\selenium\chromedriver\win64\127.0.6533.119\chromedriver.exe
2024-11-29T23:14:58,537 [main] INFO  LoginPageTests - Starting login test with companyName: totallygroupconfig, username: Test
2024-11-29T23:15:03,351 [main] INFO  LoginPageTests - Starting navigation to home page
2024-11-29T23:15:15,385 [main] INFO  LoginPageTests - Navigation to home page completed successfully.
2024-11-29T23:15:35,134 [main] INFO  TestRunner - Cleaning up TestRunner environment.
2024-11-29T23:15:47,744 [main] INFO  Utils - [TestNG] Running:
  C:\Users\John.Kushoro\AppData\Local\JetBrains\IdeaIC2024.3\temp-testng-customsuite.xml

2024-11-29T23:15:48,024 [main] INFO  TestRunner - Setting up TestRunner environment.
2024-11-29T23:15:48,044 [main] INFO  TestRunner - Running tests...
2024-11-29T23:15:48,239 [main] INFO  DefaultTestContextBootstrapper - Using TestExecutionListeners: [org.springframework.test.context.support.DirtiesContextBeforeModesTestExecutionListener@74fef3f7, org.springframework.test.context.event.ApplicationEventsTestExecutionListener@2a037324, org.springframework.test.context.support.DependencyInjectionTestExecutionListener@69eb86b4, org.springframework.test.context.support.DirtiesContextTestExecutionListener@585ac855, org.springframework.test.context.event.EventPublishingTestExecutionListener@5bb8f9e2]
2024-11-29T23:15:48,268 [main] INFO  DefaultTestContextBootstrapper - Using TestExecutionListeners: [org.springframework.test.context.support.DirtiesContextBeforeModesTestExecutionListener@29182679, org.springframework.test.context.event.ApplicationEventsTestExecutionListener@57bd802b, org.springframework.test.context.support.DependencyInjectionTestExecutionListener@5cbb84b1, org.springframework.test.context.support.DirtiesContextTestExecutionListener@2c779e5, org.springframework.test.context.event.EventPublishingTestExecutionListener@6a84bc2a]
2024-11-29T23:15:48,289 [main] INFO  DefaultTestContextBootstrapper - Using TestExecutionListeners: [org.springframework.test.context.support.DirtiesContextBeforeModesTestExecutionListener@2b9b7f1f, org.springframework.test.context.event.ApplicationEventsTestExecutionListener@264c5d07, org.springframework.test.context.support.DependencyInjectionTestExecutionListener@847f3e7, org.springframework.test.context.support.DirtiesContextTestExecutionListener@69cac930, org.springframework.test.context.event.EventPublishingTestExecutionListener@19593091]
2024-11-29T23:15:48,311 [main] INFO  Utils - [TestNG] Running:
  Command line suite

2024-11-29T23:15:49,106 [main] INFO  WebDriverManager - Using chromedriver 127.0.6533.119 (resolved driver for Chrome 127)
2024-11-29T23:15:49,147 [main] INFO  WebDriverManager - Exporting webdriver.chrome.driver as C:\Users\John.Kushoro\.cache\selenium\chromedriver\win64\127.0.6533.119\chromedriver.exe
2024-11-29T23:15:52,858 [main] INFO  LoginPageTests - Starting login test with companyName: totallygroupconfig, username: Test
2024-11-29T23:15:58,146 [main] INFO  LoginPageTests - Starting navigation to home page
2024-11-29T23:16:07,459 [main] INFO  LoginPageTests - Navigation to home page completed successfully.
2024-11-29T23:16:26,249 [main] INFO  TestRunner - Cleaning up TestRunner environment.
2024-11-29T23:16:38,826 [main] INFO  Utils - [TestNG] Running:
  C:\Users\John.Kushoro\AppData\Local\JetBrains\IdeaIC2024.3\temp-testng-customsuite.xml

2024-11-29T23:16:39,093 [main] INFO  TestRunner - Setting up TestRunner environment.
2024-11-29T23:16:39,108 [main] INFO  TestRunner - Running tests...
2024-11-29T23:16:39,249 [main] INFO  DefaultTestContextBootstrapper - Using TestExecutionListeners: [org.springframework.test.context.support.DirtiesContextBeforeModesTestExecutionListener@74fef3f7, org.springframework.test.context.event.ApplicationEventsTestExecutionListener@2a037324, org.springframework.test.context.support.DependencyInjectionTestExecutionListener@69eb86b4, org.springframework.test.context.support.DirtiesContextTestExecutionListener@585ac855, org.springframework.test.context.event.EventPublishingTestExecutionListener@5bb8f9e2]
2024-11-29T23:16:39,275 [main] INFO  DefaultTestContextBootstrapper - Using TestExecutionListeners: [org.springframework.test.context.support.DirtiesContextBeforeModesTestExecutionListener@1c12f3ee, org.springframework.test.context.event.ApplicationEventsTestExecutionListener@6d467c87, org.springframework.test.context.support.DependencyInjectionTestExecutionListener@29182679, org.springframework.test.context.support.DirtiesContextTestExecutionListener@57bd802b, org.springframework.test.context.event.EventPublishingTestExecutionListener@5cbb84b1]
2024-11-29T23:16:39,285 [main] INFO  DefaultTestContextBootstrapper - Using TestExecutionListeners: [org.springframework.test.context.support.DirtiesContextBeforeModesTestExecutionListener@1b32cd16, org.springframework.test.context.event.ApplicationEventsTestExecutionListener@4bdcaf36, org.springframework.test.context.support.DependencyInjectionTestExecutionListener@61d01788, org.springframework.test.context.support.DirtiesContextTestExecutionListener@2b9b7f1f, org.springframework.test.context.event.EventPublishingTestExecutionListener@264c5d07]
2024-11-29T23:16:39,303 [main] INFO  Utils - [TestNG] Running:
  Command line suite

2024-11-29T23:16:39,916 [main] INFO  WebDriverManager - Using chromedriver 127.0.6533.119 (resolved driver for Chrome 127)
2024-11-29T23:16:39,932 [main] INFO  WebDriverManager - Exporting webdriver.chrome.driver as C:\Users\John.Kushoro\.cache\selenium\chromedriver\win64\127.0.6533.119\chromedriver.exe
2024-11-29T23:16:43,389 [main] INFO  LoginPageTests - Starting login test with companyName: totallygroupconfig, username: Test
2024-11-29T23:16:47,459 [main] INFO  LoginPageTests - Starting navigation to home page
2024-11-29T23:16:55,330 [main] INFO  LoginPageTests - Navigation to home page completed successfully.
2024-11-29T23:17:12,925 [main] INFO  TestRunner - Cleaning up TestRunner environment.
2024-11-29T23:29:08,795 [main] INFO  Utils - [TestNG] Running:
  C:\Users\John.Kushoro\AppData\Local\JetBrains\IdeaIC2024.3\temp-testng-customsuite.xml

2024-11-29T23:29:09,221 [main] INFO  TestRunner - Setting up TestRunner environment.
2024-11-29T23:29:09,251 [main] INFO  TestRunner - Running tests...
2024-11-29T23:29:09,577 [main] INFO  DefaultTestContextBootstrapper - Using TestExecutionListeners: [org.springframework.test.context.support.DirtiesContextBeforeModesTestExecutionListener@2bf94401, org.springframework.test.context.event.ApplicationEventsTestExecutionListener@2532b351, org.springframework.test.context.support.DependencyInjectionTestExecutionListener@4349754, org.springframework.test.context.support.DirtiesContextTestExecutionListener@6a2eea2a, org.springframework.test.context.event.EventPublishingTestExecutionListener@b967222]
2024-11-29T23:29:09,612 [main] INFO  DefaultTestContextBootstrapper - Using TestExecutionListeners: [org.springframework.test.context.support.DirtiesContextBeforeModesTestExecutionListener@3cbcd8f3, org.springframework.test.context.event.ApplicationEventsTestExecutionListener@719843e5, org.springframework.test.context.support.DependencyInjectionTestExecutionListener@9a2ec9b, org.springframework.test.context.support.DirtiesContextTestExecutionListener@58112bc4, org.springframework.test.context.event.EventPublishingTestExecutionListener@2301b75]
2024-11-29T23:29:09,626 [main] INFO  DefaultTestContextBootstrapper - Using TestExecutionListeners: [org.springframework.test.context.support.DirtiesContextBeforeModesTestExecutionListener@31e72cbc, org.springframework.test.context.event.ApplicationEventsTestExecutionListener@5fad41be, org.springframework.test.context.support.DependencyInjectionTestExecutionListener@6dcd5639, org.springframework.test.context.support.DirtiesContextTestExecutionListener@3b36e000, org.springframework.test.context.event.EventPublishingTestExecutionListener@333cb916]
2024-11-29T23:29:09,642 [main] INFO  Utils - [TestNG] Running:
  Command line suite

2024-11-29T23:29:10,650 [main] INFO  WebDriverManager - Using chromedriver 127.0.6533.119 (resolved driver for Chrome 127)
2024-11-29T23:29:10,677 [main] INFO  WebDriverManager - Exporting webdriver.chrome.driver as C:\Users\John.Kushoro\.cache\selenium\chromedriver\win64\127.0.6533.119\chromedriver.exe
2024-11-29T23:29:16,206 [main] INFO  LoginPageTests - Starting login test with companyName: totallygroupconfig, username: Test
2024-11-29T23:29:23,098 [main] INFO  LoginPageTests - Starting navigation to home page
2024-11-29T23:29:33,772 [main] INFO  LoginPageTests - Navigation to home page completed successfully.
2024-11-29T23:31:37,258 [main] INFO  TestRunner - Cleaning up TestRunner environment.
2024-11-29T23:41:48,953 [main] INFO  Utils - [TestNG] Running:
  C:\Users\John.Kushoro\AppData\Local\JetBrains\IdeaIC2024.3\temp-testng-customsuite.xml

2024-11-29T23:41:49,355 [main] INFO  TestRunner - Setting up TestRunner environment.
2024-11-29T23:41:49,379 [main] INFO  TestRunner - Running tests...
2024-11-29T23:41:49,600 [main] INFO  DefaultTestContextBootstrapper - Using TestExecutionListeners: [org.springframework.test.context.support.DirtiesContextBeforeModesTestExecutionListener@2bf94401, org.springframework.test.context.event.ApplicationEventsTestExecutionListener@2532b351, org.springframework.test.context.support.DependencyInjectionTestExecutionListener@4349754, org.springframework.test.context.support.DirtiesContextTestExecutionListener@6a2eea2a, org.springframework.test.context.event.EventPublishingTestExecutionListener@b967222]
2024-11-29T23:41:49,637 [main] INFO  DefaultTestContextBootstrapper - Using TestExecutionListeners: [org.springframework.test.context.support.DirtiesContextBeforeModesTestExecutionListener@73044cdf, org.springframework.test.context.event.ApplicationEventsTestExecutionListener@3cbcd8f3, org.springframework.test.context.support.DependencyInjectionTestExecutionListener@719843e5, org.springframework.test.context.support.DirtiesContextTestExecutionListener@9a2ec9b, org.springframework.test.context.event.EventPublishingTestExecutionListener@58112bc4]
2024-11-29T23:41:49,657 [main] INFO  DefaultTestContextBootstrapper - Using TestExecutionListeners: [org.springframework.test.context.support.DirtiesContextBeforeModesTestExecutionListener@1f193686, org.springframework.test.context.event.ApplicationEventsTestExecutionListener@31e72cbc, org.springframework.test.context.support.DependencyInjectionTestExecutionListener@5fad41be, org.springframework.test.context.support.DirtiesContextTestExecutionListener@6dcd5639, org.springframework.test.context.event.EventPublishingTestExecutionListener@3b36e000]
2024-11-29T23:41:49,691 [main] INFO  Utils - [TestNG] Running:
  Command line suite

2024-11-29T23:41:50,689 [main] INFO  WebDriverManager - Using chromedriver 127.0.6533.119 (resolved driver for Chrome 127)
2024-11-29T23:41:50,725 [main] INFO  WebDriverManager - Exporting webdriver.chrome.driver as C:\Users\John.Kushoro\.cache\selenium\chromedriver\win64\127.0.6533.119\chromedriver.exe
2024-11-29T23:41:56,982 [main] INFO  LoginPageTests - Starting login test with companyName: totallygroupconfig, username: Test
2024-11-29T23:42:02,101 [main] INFO  LoginPageTests - Starting navigation to home page
2024-11-29T23:42:11,787 [main] INFO  LoginPageTests - Navigation to home page completed successfully.
2024-11-29T23:44:03,963 [main] INFO  TestRunner - Cleaning up TestRunner environment.
2024-11-29T23:53:03,636 [main] INFO  Utils - [TestNG] Running:
  C:\Users\John.Kushoro\AppData\Local\JetBrains\IdeaIC2024.3\temp-testng-customsuite.xml

2024-11-29T23:53:03,980 [main] INFO  TestRunner - Setting up TestRunner environment.
2024-11-29T23:53:04,007 [main] INFO  TestRunner - Running tests...
2024-11-29T23:53:04,220 [main] INFO  DefaultTestContextBootstrapper - Using TestExecutionListeners: [org.springframework.test.context.support.DirtiesContextBeforeModesTestExecutionListener@2bf94401, org.springframework.test.context.event.ApplicationEventsTestExecutionListener@2532b351, org.springframework.test.context.support.DependencyInjectionTestExecutionListener@4349754, org.springframework.test.context.support.DirtiesContextTestExecutionListener@6a2eea2a, org.springframework.test.context.event.EventPublishingTestExecutionListener@b967222]
2024-11-29T23:53:04,249 [main] INFO  DefaultTestContextBootstrapper - Using TestExecutionListeners: [org.springframework.test.context.support.DirtiesContextBeforeModesTestExecutionListener@3cbcd8f3, org.springframework.test.context.event.ApplicationEventsTestExecutionListener@719843e5, org.springframework.test.context.support.DependencyInjectionTestExecutionListener@9a2ec9b, org.springframework.test.context.support.DirtiesContextTestExecutionListener@58112bc4, org.springframework.test.context.event.EventPublishingTestExecutionListener@2301b75]
2024-11-29T23:53:04,274 [main] INFO  DefaultTestContextBootstrapper - Using TestExecutionListeners: [org.springframework.test.context.support.DirtiesContextBeforeModesTestExecutionListener@31e72cbc, org.springframework.test.context.event.ApplicationEventsTestExecutionListener@5fad41be, org.springframework.test.context.support.DependencyInjectionTestExecutionListener@6dcd5639, org.springframework.test.context.support.DirtiesContextTestExecutionListener@3b36e000, org.springframework.test.context.event.EventPublishingTestExecutionListener@333cb916]
2024-11-29T23:53:04,312 [main] INFO  Utils - [TestNG] Running:
  Command line suite

2024-11-29T23:53:05,269 [main] INFO  WebDriverManager - Using chromedriver 127.0.6533.119 (resolved driver for Chrome 127)
2024-11-29T23:53:05,307 [main] INFO  WebDriverManager - Exporting webdriver.chrome.driver as C:\Users\John.Kushoro\.cache\selenium\chromedriver\win64\127.0.6533.119\chromedriver.exe
2024-11-29T23:53:09,423 [main] INFO  LoginPageTests - Starting login test with companyName: totallygroupconfig, username: Test
2024-11-29T23:53:16,023 [main] INFO  LoginPageTests - Starting navigation to home page
2024-11-29T23:53:24,249 [main] INFO  LoginPageTests - Navigation to home page completed successfully.
2024-11-29T23:55:24,753 [main] INFO  TestRunner - Cleaning up TestRunner environment.
2024-11-29T23:58:59,743 [main] INFO  Utils - [TestNG] Running:
  C:\Users\John.Kushoro\AppData\Local\JetBrains\IdeaIC2024.3\temp-testng-customsuite.xml

2024-11-29T23:59:00,070 [main] INFO  TestRunner - Setting up TestRunner environment.
2024-11-29T23:59:00,096 [main] INFO  TestRunner - Running tests...
2024-11-29T23:59:00,386 [main] INFO  DefaultTestContextBootstrapper - Using TestExecutionListeners: [org.springframework.test.context.support.DirtiesContextBeforeModesTestExecutionListener@2bf94401, org.springframework.test.context.event.ApplicationEventsTestExecutionListener@2532b351, org.springframework.test.context.support.DependencyInjectionTestExecutionListener@4349754, org.springframework.test.context.support.DirtiesContextTestExecutionListener@6a2eea2a, org.springframework.test.context.event.EventPublishingTestExecutionListener@b967222]
2024-11-29T23:59:00,410 [main] INFO  DefaultTestContextBootstrapper - Using TestExecutionListeners: [org.springframework.test.context.support.DirtiesContextBeforeModesTestExecutionListener@205b132e, org.springframework.test.context.event.ApplicationEventsTestExecutionListener@73044cdf, org.springframework.test.context.support.DependencyInjectionTestExecutionListener@3cbcd8f3, org.springframework.test.context.support.DirtiesContextTestExecutionListener@719843e5, org.springframework.test.context.event.EventPublishingTestExecutionListener@9a2ec9b]
2024-11-29T23:59:00,422 [main] INFO  DefaultTestContextBootstrapper - Using TestExecutionListeners: [org.springframework.test.context.support.DirtiesContextBeforeModesTestExecutionListener@1f193686, org.springframework.test.context.event.ApplicationEventsTestExecutionListener@31e72cbc, org.springframework.test.context.support.DependencyInjectionTestExecutionListener@5fad41be, org.springframework.test.context.support.DirtiesContextTestExecutionListener@6dcd5639, org.springframework.test.context.event.EventPublishingTestExecutionListener@3b36e000]
2024-11-29T23:59:00,447 [main] INFO  Utils - [TestNG] Running:
  Command line suite

2024-11-29T23:59:01,411 [main] INFO  WebDriverManager - Using chromedriver 127.0.6533.119 (resolved driver for Chrome 127)
2024-11-29T23:59:01,447 [main] INFO  WebDriverManager - Exporting webdriver.chrome.driver as C:\Users\John.Kushoro\.cache\selenium\chromedriver\win64\127.0.6533.119\chromedriver.exe
2024-11-29T23:59:06,048 [main] INFO  LoginPageTests - Starting login test with companyName: totallygroupconfig, username: Test
2024-11-29T23:59:10,969 [main] INFO  LoginPageTests - Starting navigation to home page
2024-11-29T23:59:18,348 [main] INFO  LoginPageTests - Navigation to home page completed successfully.
