2024-12-20T06:30:27,046 [main] INFO  Utils - [TestNG] Running:
  C:\Users\John.Kushoro\AppData\Local\JetBrains\IdeaIC2024.3\temp-testng-customsuite.xml

2024-12-20T06:30:27,571 [main] INFO  TestRunner - Setting up TestRunner environment.
2024-12-20T06:30:27,614 [main] INFO  TestRunner - Running tests...
2024-12-20T06:30:27,926 [main] INFO  DefaultTestContextBootstrapper - Using TestExecutionListeners: [org.springframework.test.context.support.DirtiesContextBeforeModesTestExecutionListener@69b2f8e5, org.springframework.test.context.event.ApplicationEventsTestExecutionListener@6331250e, org.springframework.test.context.support.DependencyInjectionTestExecutionListener@a10c1b5, org.springframework.test.context.support.DirtiesContextTestExecutionListener@644abb8f, org.springframework.test.context.event.EventPublishingTestExecutionListener@1a411233]
2024-12-20T06:30:27,968 [main] INFO  DefaultTestContextBootstrapper - Using TestExecutionListeners: [org.springframework.test.context.support.DirtiesContextBeforeModesTestExecutionListener@4d4960c8, org.springframework.test.context.event.ApplicationEventsTestExecutionListener@7808fb9, org.springframework.test.context.support.DependencyInjectionTestExecutionListener@773bd77b, org.springframework.test.context.support.DirtiesContextTestExecutionListener@6b580b88, org.springframework.test.context.event.EventPublishingTestExecutionListener@6d91790b]
2024-12-20T06:30:27,987 [main] INFO  DefaultTestContextBootstrapper - Using TestExecutionListeners: [org.springframework.test.context.support.DirtiesContextBeforeModesTestExecutionListener@1d4664d7, org.springframework.test.context.event.ApplicationEventsTestExecutionListener@46c00568, org.springframework.test.context.support.DependencyInjectionTestExecutionListener@56ccd751, org.springframework.test.context.support.DirtiesContextTestExecutionListener@458544e0, org.springframework.test.context.event.EventPublishingTestExecutionListener@6bcbf05b]
2024-12-20T06:30:28,011 [main] INFO  Utils - [TestNG] Running:
  Command line suite

2024-12-20T06:30:31,482 [main] INFO  WebDriverManager - Using chromedriver 127.0.6533.119 (resolved driver for Chrome 127)
2024-12-20T06:30:31,794 [main] INFO  WebDriverManager - Exporting webdriver.chrome.driver as C:\Users\John.Kushoro\.cache\selenium\chromedriver\win64\127.0.6533.119\chromedriver.exe
2024-12-20T06:30:37,628 [main] INFO  LoginPageTests - Starting login test with companyName: totallygroupconfig, username: Test
2024-12-20T06:30:45,576 [main] INFO  LoginPageTests - Starting navigation to home page
2024-12-20T06:30:56,095 [main] INFO  LoginPageTests - Navigation to home page completed successfully.
2024-12-20T06:31:48,566 [main] INFO  TestRunner - Cleaning up TestRunner environment.
2024-12-20T06:31:48,579 [SpringContextShutdownHook] WARN  DisposableBeanAdapter - Custom destroy method 'close' on bean with name 'webDriver' propagated an exception: org.openqa.selenium.NoSuchSessionException: Session ID is null. Using WebDriver after calling quit()?
Build info: version: '4.25.0', revision: '8a8aea2337'
System info: os.name: 'Windows 10', os.arch: 'amd64', os.version: '10.0', java.version: '23.0.1'
Driver info: org.openqa.selenium.chrome.ChromeDriver
Command: [null, close {}]
Capabilities {acceptInsecureCerts: false, browserName: chrome, browserVersion: 127.0.6533.89, chrome: {chromedriverVersion: 127.0.6533.119 (bdef6783a05..., userDataDir: C:\Users\JOHN~1.KUS\AppData...}, fedcm:accounts: true, goog:chromeOptions: {debuggerAddress: localhost:61459}, networkConnectionEnabled: false, pageLoadStrategy: normal, platformName: windows, proxy: Proxy(), se:cdp: ws://localhost:61459/devtoo..., se:cdpVersion: 127.0.6533.89, setWindowRect: true, strictFileInteractability: false, timeouts: {implicit: 0, pageLoad: 300000, script: 30000}, unhandledPromptBehavior: dismiss and notify, webauthn:extension:credBlob: true, webauthn:extension:largeBlob: true, webauthn:extension:minPinLength: true, webauthn:extension:prf: true, webauthn:virtualAuthenticators: true}
2024-12-20T06:37:25,794 [main] INFO  Utils - [TestNG] Running:
  C:\Users\John.Kushoro\AppData\Local\JetBrains\IdeaIC2024.3\temp-testng-customsuite.xml

2024-12-20T06:37:26,158 [main] INFO  TestRunner - Setting up TestRunner environment.
2024-12-20T06:37:26,179 [main] INFO  TestRunner - Running tests...
2024-12-20T06:37:26,382 [main] INFO  DefaultTestContextBootstrapper - Using TestExecutionListeners: [org.springframework.test.context.support.DirtiesContextBeforeModesTestExecutionListener@272a179c, org.springframework.test.context.event.ApplicationEventsTestExecutionListener@30feffc, org.springframework.test.context.support.DependencyInjectionTestExecutionListener@67207d8a, org.springframework.test.context.support.DirtiesContextTestExecutionListener@bcb09a6, org.springframework.test.context.event.EventPublishingTestExecutionListener@7c2a69b4]
2024-12-20T06:37:26,424 [main] INFO  DefaultTestContextBootstrapper - Using TestExecutionListeners: [org.springframework.test.context.support.DirtiesContextBeforeModesTestExecutionListener@27068a50, org.springframework.test.context.event.ApplicationEventsTestExecutionListener@68e62ca4, org.springframework.test.context.support.DependencyInjectionTestExecutionListener@5328a9c1, org.springframework.test.context.support.DirtiesContextTestExecutionListener@5b78fdb1, org.springframework.test.context.event.EventPublishingTestExecutionListener@48bfb884]
2024-12-20T06:37:26,452 [main] INFO  DefaultTestContextBootstrapper - Using TestExecutionListeners: [org.springframework.test.context.support.DirtiesContextBeforeModesTestExecutionListener@5e742e4, org.springframework.test.context.event.ApplicationEventsTestExecutionListener@175acfb2, org.springframework.test.context.support.DependencyInjectionTestExecutionListener@4a03bb68, org.springframework.test.context.support.DirtiesContextTestExecutionListener@4e868ef5, org.springframework.test.context.event.EventPublishingTestExecutionListener@71c905a3]
2024-12-20T06:37:26,487 [main] INFO  Utils - [TestNG] Running:
  Command line suite

2024-12-20T06:37:27,271 [main] INFO  WebDriverManager - Using chromedriver 127.0.6533.119 (resolved driver for Chrome 127)
2024-12-20T06:37:27,295 [main] INFO  WebDriverManager - Exporting webdriver.chrome.driver as C:\Users\John.Kushoro\.cache\selenium\chromedriver\win64\127.0.6533.119\chromedriver.exe
2024-12-20T06:37:31,654 [main] INFO  LoginPageTests - Starting login test with companyName: totallygroupconfig, username: Test
2024-12-20T06:37:36,033 [main] INFO  LoginPageTests - Starting navigation to home page
2024-12-20T06:37:42,924 [main] INFO  LoginPageTests - Navigation to home page completed successfully.
2024-12-20T06:38:30,565 [main] INFO  TestRunner - Cleaning up TestRunner environment.
2024-12-20T06:41:18,528 [main] INFO  Utils - [TestNG] Running:
  C:\Users\John.Kushoro\AppData\Local\JetBrains\IdeaIC2024.3\temp-testng-customsuite.xml

2024-12-20T06:41:18,878 [main] INFO  TestRunner - Setting up TestRunner environment.
2024-12-20T06:41:18,896 [main] INFO  TestRunner - Running tests...
2024-12-20T06:41:19,049 [main] INFO  DefaultTestContextBootstrapper - Using TestExecutionListeners: [org.springframework.test.context.support.DirtiesContextBeforeModesTestExecutionListener@272a179c, org.springframework.test.context.event.ApplicationEventsTestExecutionListener@30feffc, org.springframework.test.context.support.DependencyInjectionTestExecutionListener@67207d8a, org.springframework.test.context.support.DirtiesContextTestExecutionListener@bcb09a6, org.springframework.test.context.event.EventPublishingTestExecutionListener@7c2a69b4]
2024-12-20T06:41:19,069 [main] INFO  DefaultTestContextBootstrapper - Using TestExecutionListeners: [org.springframework.test.context.support.DirtiesContextBeforeModesTestExecutionListener@48bfb884, org.springframework.test.context.event.ApplicationEventsTestExecutionListener@11653e3b, org.springframework.test.context.support.DependencyInjectionTestExecutionListener@715fb77, org.springframework.test.context.support.DirtiesContextTestExecutionListener@1b9c1b51, org.springframework.test.context.event.EventPublishingTestExecutionListener@2e52fb3e]
2024-12-20T06:41:19,091 [main] INFO  DefaultTestContextBootstrapper - Using TestExecutionListeners: [org.springframework.test.context.support.DirtiesContextBeforeModesTestExecutionListener@30af7377, org.springframework.test.context.event.ApplicationEventsTestExecutionListener@67a056f1, org.springframework.test.context.support.DependencyInjectionTestExecutionListener@1dab9dd6, org.springframework.test.context.support.DirtiesContextTestExecutionListener@247667dd, org.springframework.test.context.event.EventPublishingTestExecutionListener@6f099cef]
2024-12-20T06:41:19,109 [main] INFO  Utils - [TestNG] Running:
  Command line suite

2024-12-20T06:41:19,802 [main] INFO  WebDriverManager - Using chromedriver 127.0.6533.119 (resolved driver for Chrome 127)
2024-12-20T06:41:19,825 [main] INFO  WebDriverManager - Exporting webdriver.chrome.driver as C:\Users\John.Kushoro\.cache\selenium\chromedriver\win64\127.0.6533.119\chromedriver.exe
2024-12-20T06:41:23,987 [main] INFO  LoginPageTests - Starting login test with companyName: totallygroupconfig, username: Test
2024-12-20T06:41:28,653 [main] INFO  LoginPageTests - Starting navigation to home page
2024-12-20T06:41:35,258 [main] INFO  LoginPageTests - Navigation to home page completed successfully.
2024-12-20T06:42:19,993 [main] INFO  TestRunner - Cleaning up TestRunner environment.
2024-12-20T06:43:34,958 [main] INFO  Utils - [TestNG] Running:
  C:\Users\John.Kushoro\AppData\Local\JetBrains\IdeaIC2024.3\temp-testng-customsuite.xml

2024-12-20T06:43:35,374 [main] INFO  TestRunner - Setting up TestRunner environment.
2024-12-20T06:43:35,399 [main] INFO  TestRunner - Running tests...
2024-12-20T06:43:35,717 [main] INFO  DefaultTestContextBootstrapper - Using TestExecutionListeners: [org.springframework.test.context.support.DirtiesContextBeforeModesTestExecutionListener@6b760460, org.springframework.test.context.event.ApplicationEventsTestExecutionListener@796065aa, org.springframework.test.context.support.DependencyInjectionTestExecutionListener@28a6301f, org.springframework.test.context.support.DirtiesContextTestExecutionListener@2c306a57, org.springframework.test.context.event.EventPublishingTestExecutionListener@773e2eb5]
2024-12-20T06:43:35,765 [main] INFO  DefaultTestContextBootstrapper - Using TestExecutionListeners: [org.springframework.test.context.support.DirtiesContextBeforeModesTestExecutionListener@7cab1508, org.springframework.test.context.event.ApplicationEventsTestExecutionListener@6a84bc3f, org.springframework.test.context.support.DependencyInjectionTestExecutionListener@258ee7de, org.springframework.test.context.support.DirtiesContextTestExecutionListener@4930539b, org.springframework.test.context.event.EventPublishingTestExecutionListener@6d171ce0]
2024-12-20T06:43:35,793 [main] INFO  DefaultTestContextBootstrapper - Using TestExecutionListeners: [org.springframework.test.context.support.DirtiesContextBeforeModesTestExecutionListener@5bca7664, org.springframework.test.context.event.ApplicationEventsTestExecutionListener@105b693d, org.springframework.test.context.support.DependencyInjectionTestExecutionListener@3fae596, org.springframework.test.context.support.DirtiesContextTestExecutionListener@4a0df195, org.springframework.test.context.event.EventPublishingTestExecutionListener@42fcc7e6]
2024-12-20T06:43:35,838 [main] INFO  Utils - [TestNG] Running:
  Command line suite

2024-12-20T06:43:36,948 [main] INFO  WebDriverManager - Using chromedriver 127.0.6533.119 (resolved driver for Chrome 127)
2024-12-20T06:43:36,990 [main] INFO  WebDriverManager - Exporting webdriver.chrome.driver as C:\Users\John.Kushoro\.cache\selenium\chromedriver\win64\127.0.6533.119\chromedriver.exe
2024-12-20T06:43:41,580 [main] INFO  LoginPageTests - Starting login test with companyName: totallygroupconfig, username: Test
2024-12-20T06:43:45,785 [main] INFO  LoginPageTests - Starting navigation to home page
2024-12-20T06:43:51,143 [main] INFO  LoginPageTests - Navigation to home page completed successfully.
2024-12-20T06:44:36,839 [main] INFO  TestRunner - Cleaning up TestRunner environment.
2024-12-20T06:58:15,627 [main] INFO  Utils - [TestNG] Running:
  C:\Users\John.Kushoro\AppData\Local\JetBrains\IdeaIC2024.3\temp-testng-customsuite.xml

2024-12-20T06:58:16,007 [main] INFO  TestRunner - Setting up TestRunner environment.
2024-12-20T06:58:16,034 [main] INFO  TestRunner - Running tests...
2024-12-20T06:58:16,314 [main] INFO  DefaultTestContextBootstrapper - Using TestExecutionListeners: [org.springframework.test.context.support.DirtiesContextBeforeModesTestExecutionListener@723ed581, org.springframework.test.context.event.ApplicationEventsTestExecutionListener@6b760460, org.springframework.test.context.support.DependencyInjectionTestExecutionListener@796065aa, org.springframework.test.context.support.DirtiesContextTestExecutionListener@28a6301f, org.springframework.test.context.event.EventPublishingTestExecutionListener@2c306a57]
2024-12-20T06:58:16,358 [main] INFO  DefaultTestContextBootstrapper - Using TestExecutionListeners: [org.springframework.test.context.support.DirtiesContextBeforeModesTestExecutionListener@258ee7de, org.springframework.test.context.event.ApplicationEventsTestExecutionListener@4930539b, org.springframework.test.context.support.DependencyInjectionTestExecutionListener@6d171ce0, org.springframework.test.context.support.DirtiesContextTestExecutionListener@22bd2039, org.springframework.test.context.event.EventPublishingTestExecutionListener@705f83a7]
2024-12-20T06:58:16,379 [main] INFO  DefaultTestContextBootstrapper - Using TestExecutionListeners: [org.springframework.test.context.support.DirtiesContextBeforeModesTestExecutionListener@3fae596, org.springframework.test.context.event.ApplicationEventsTestExecutionListener@4a0df195, org.springframework.test.context.support.DependencyInjectionTestExecutionListener@42fcc7e6, org.springframework.test.context.support.DirtiesContextTestExecutionListener@9255c05, org.springframework.test.context.event.EventPublishingTestExecutionListener@5da7cee2]
2024-12-20T06:58:16,406 [main] INFO  Utils - [TestNG] Running:
  Command line suite

2024-12-20T06:58:17,386 [main] INFO  WebDriverManager - Using chromedriver 127.0.6533.119 (resolved driver for Chrome 127)
2024-12-20T06:58:17,416 [main] INFO  WebDriverManager - Exporting webdriver.chrome.driver as C:\Users\John.Kushoro\.cache\selenium\chromedriver\win64\127.0.6533.119\chromedriver.exe
2024-12-20T06:58:22,263 [main] INFO  LoginPageTests - Starting login test with companyName: totallygroupconfig, username: Test
2024-12-20T06:58:28,313 [main] INFO  LoginPageTests - Starting navigation to home page
2024-12-20T06:58:35,389 [main] INFO  LoginPageTests - Navigation to home page completed successfully.
2024-12-20T06:59:00,394 [main] INFO  TestRunner - Cleaning up TestRunner environment.
2024-12-20T07:03:36,373 [main] INFO  Utils - [TestNG] Running:
  C:\Users\John.Kushoro\AppData\Local\JetBrains\IdeaIC2024.3\temp-testng-customsuite.xml

2024-12-20T07:03:36,857 [main] INFO  TestRunner - Setting up TestRunner environment.
2024-12-20T07:03:36,891 [main] INFO  TestRunner - Running tests...
2024-12-20T07:03:37,130 [main] INFO  DefaultTestContextBootstrapper - Using TestExecutionListeners: [org.springframework.test.context.support.DirtiesContextBeforeModesTestExecutionListener@723ed581, org.springframework.test.context.event.ApplicationEventsTestExecutionListener@6b760460, org.springframework.test.context.support.DependencyInjectionTestExecutionListener@796065aa, org.springframework.test.context.support.DirtiesContextTestExecutionListener@28a6301f, org.springframework.test.context.event.EventPublishingTestExecutionListener@2c306a57]
2024-12-20T07:03:37,165 [main] INFO  DefaultTestContextBootstrapper - Using TestExecutionListeners: [org.springframework.test.context.support.DirtiesContextBeforeModesTestExecutionListener@7ec25216, org.springframework.test.context.event.ApplicationEventsTestExecutionListener@7cab1508, org.springframework.test.context.support.DependencyInjectionTestExecutionListener@6a84bc3f, org.springframework.test.context.support.DirtiesContextTestExecutionListener@258ee7de, org.springframework.test.context.event.EventPublishingTestExecutionListener@4930539b]
2024-12-20T07:03:37,181 [main] INFO  DefaultTestContextBootstrapper - Using TestExecutionListeners: [org.springframework.test.context.support.DirtiesContextBeforeModesTestExecutionListener@5bca7664, org.springframework.test.context.event.ApplicationEventsTestExecutionListener@105b693d, org.springframework.test.context.support.DependencyInjectionTestExecutionListener@3fae596, org.springframework.test.context.support.DirtiesContextTestExecutionListener@4a0df195, org.springframework.test.context.event.EventPublishingTestExecutionListener@42fcc7e6]
2024-12-20T07:03:37,200 [main] INFO  Utils - [TestNG] Running:
  Command line suite

2024-12-20T07:03:38,190 [main] INFO  WebDriverManager - Using chromedriver 127.0.6533.119 (resolved driver for Chrome 127)
2024-12-20T07:03:38,225 [main] INFO  WebDriverManager - Exporting webdriver.chrome.driver as C:\Users\John.Kushoro\.cache\selenium\chromedriver\win64\127.0.6533.119\chromedriver.exe
2024-12-20T07:03:42,931 [main] INFO  LoginPageTests - Starting login test with companyName: totallygroupconfig, username: Test
2024-12-20T07:03:46,780 [main] INFO  LoginPageTests - Starting navigation to home page
2024-12-20T07:03:52,717 [main] INFO  LoginPageTests - Navigation to home page completed successfully.
2024-12-20T07:20:08,071 [main] INFO  TestRunner - Cleaning up TestRunner environment.
2024-12-20T07:20:44,440 [main] INFO  Utils - [TestNG] Running:
  C:\Users\John.Kushoro\AppData\Local\JetBrains\IdeaIC2024.3\temp-testng-customsuite.xml

2024-12-20T07:20:44,806 [main] INFO  TestRunner - Setting up TestRunner environment.
2024-12-20T07:20:44,828 [main] INFO  TestRunner - Running tests...
2024-12-20T07:20:45,081 [main] INFO  DefaultTestContextBootstrapper - Using TestExecutionListeners: [org.springframework.test.context.support.DirtiesContextBeforeModesTestExecutionListener@3eba57a7, org.springframework.test.context.event.ApplicationEventsTestExecutionListener@272a179c, org.springframework.test.context.support.DependencyInjectionTestExecutionListener@30feffc, org.springframework.test.context.support.DirtiesContextTestExecutionListener@67207d8a, org.springframework.test.context.event.EventPublishingTestExecutionListener@bcb09a6]
2024-12-20T07:20:45,121 [main] INFO  DefaultTestContextBootstrapper - Using TestExecutionListeners: [org.springframework.test.context.support.DirtiesContextBeforeModesTestExecutionListener@682c1e93, org.springframework.test.context.event.ApplicationEventsTestExecutionListener@27068a50, org.springframework.test.context.support.DependencyInjectionTestExecutionListener@68e62ca4, org.springframework.test.context.support.DirtiesContextTestExecutionListener@5328a9c1, org.springframework.test.context.event.EventPublishingTestExecutionListener@5b78fdb1]
2024-12-20T07:20:45,133 [main] INFO  DefaultTestContextBootstrapper - Using TestExecutionListeners: [org.springframework.test.context.support.DirtiesContextBeforeModesTestExecutionListener@55ea2d70, org.springframework.test.context.event.ApplicationEventsTestExecutionListener@5e742e4, org.springframework.test.context.support.DependencyInjectionTestExecutionListener@175acfb2, org.springframework.test.context.support.DirtiesContextTestExecutionListener@4a03bb68, org.springframework.test.context.event.EventPublishingTestExecutionListener@4e868ef5]
2024-12-20T07:20:45,154 [main] INFO  Utils - [TestNG] Running:
  Command line suite

2024-12-20T07:20:46,161 [main] INFO  WebDriverManager - Using chromedriver 127.0.6533.119 (resolved driver for Chrome 127)
2024-12-20T07:20:46,191 [main] INFO  WebDriverManager - Exporting webdriver.chrome.driver as C:\Users\John.Kushoro\.cache\selenium\chromedriver\win64\127.0.6533.119\chromedriver.exe
2024-12-20T07:20:50,789 [main] INFO  LoginPageTests - Starting login test with companyName: totallygroupconfig, username: Test
2024-12-20T07:20:57,044 [main] INFO  LoginPageTests - Starting navigation to home page
2024-12-20T07:21:05,215 [main] INFO  LoginPageTests - Navigation to home page completed successfully.
2024-12-20T07:21:53,169 [main] INFO  TestRunner - Cleaning up TestRunner environment.
2024-12-20T07:28:56,934 [main] INFO  Utils - [TestNG] Running:
  C:\Users\John.Kushoro\AppData\Local\JetBrains\IdeaIC2024.3\temp-testng-customsuite.xml

2024-12-20T07:28:57,300 [main] INFO  TestRunner - Setting up TestRunner environment.
2024-12-20T07:28:57,326 [main] INFO  TestRunner - Running tests...
2024-12-20T07:28:57,491 [main] INFO  DefaultTestContextBootstrapper - Using TestExecutionListeners: [org.springframework.test.context.support.DirtiesContextBeforeModesTestExecutionListener@723ed581, org.springframework.test.context.event.ApplicationEventsTestExecutionListener@6b760460, org.springframework.test.context.support.DependencyInjectionTestExecutionListener@796065aa, org.springframework.test.context.support.DirtiesContextTestExecutionListener@28a6301f, org.springframework.test.context.event.EventPublishingTestExecutionListener@2c306a57]
2024-12-20T07:28:57,512 [main] INFO  DefaultTestContextBootstrapper - Using TestExecutionListeners: [org.springframework.test.context.support.DirtiesContextBeforeModesTestExecutionListener@7cab1508, org.springframework.test.context.event.ApplicationEventsTestExecutionListener@6a84bc3f, org.springframework.test.context.support.DependencyInjectionTestExecutionListener@258ee7de, org.springframework.test.context.support.DirtiesContextTestExecutionListener@4930539b, org.springframework.test.context.event.EventPublishingTestExecutionListener@6d171ce0]
2024-12-20T07:28:57,522 [main] INFO  DefaultTestContextBootstrapper - Using TestExecutionListeners: [org.springframework.test.context.support.DirtiesContextBeforeModesTestExecutionListener@3fae596, org.springframework.test.context.event.ApplicationEventsTestExecutionListener@4a0df195, org.springframework.test.context.support.DependencyInjectionTestExecutionListener@42fcc7e6, org.springframework.test.context.support.DirtiesContextTestExecutionListener@9255c05, org.springframework.test.context.event.EventPublishingTestExecutionListener@5da7cee2]
2024-12-20T07:28:57,536 [main] INFO  Utils - [TestNG] Running:
  Command line suite

2024-12-20T07:28:58,293 [main] INFO  WebDriverManager - Using chromedriver 127.0.6533.119 (resolved driver for Chrome 127)
2024-12-20T07:28:58,319 [main] INFO  WebDriverManager - Exporting webdriver.chrome.driver as C:\Users\John.Kushoro\.cache\selenium\chromedriver\win64\127.0.6533.119\chromedriver.exe
2024-12-20T07:29:02,697 [main] INFO  LoginPageTests - Starting login test with companyName: totallygroupconfig, username: Test
2024-12-20T07:29:07,044 [main] INFO  LoginPageTests - Starting navigation to home page
2024-12-20T07:29:13,016 [main] INFO  LoginPageTests - Navigation to home page completed successfully.
2024-12-20T07:29:56,958 [main] INFO  TestRunner - Cleaning up TestRunner environment.
2024-12-20T07:36:25,438 [main] INFO  Utils - [TestNG] Running:
  C:\Users\John.Kushoro\AppData\Local\JetBrains\IdeaIC2024.3\temp-testng-customsuite.xml

2024-12-20T07:36:25,765 [main] INFO  TestRunner - Setting up TestRunner environment.
2024-12-20T07:36:25,785 [main] INFO  TestRunner - Running tests...
2024-12-20T07:36:26,016 [main] INFO  DefaultTestContextBootstrapper - Using TestExecutionListeners: [org.springframework.test.context.support.DirtiesContextBeforeModesTestExecutionListener@3eba57a7, org.springframework.test.context.event.ApplicationEventsTestExecutionListener@272a179c, org.springframework.test.context.support.DependencyInjectionTestExecutionListener@30feffc, org.springframework.test.context.support.DirtiesContextTestExecutionListener@67207d8a, org.springframework.test.context.event.EventPublishingTestExecutionListener@bcb09a6]
2024-12-20T07:36:26,057 [main] INFO  DefaultTestContextBootstrapper - Using TestExecutionListeners: [org.springframework.test.context.support.DirtiesContextBeforeModesTestExecutionListener@5b78fdb1, org.springframework.test.context.event.ApplicationEventsTestExecutionListener@48bfb884, org.springframework.test.context.support.DependencyInjectionTestExecutionListener@11653e3b, org.springframework.test.context.support.DirtiesContextTestExecutionListener@715fb77, org.springframework.test.context.event.EventPublishingTestExecutionListener@1b9c1b51]
2024-12-20T07:36:26,075 [main] INFO  DefaultTestContextBootstrapper - Using TestExecutionListeners: [org.springframework.test.context.support.DirtiesContextBeforeModesTestExecutionListener@71c905a3, org.springframework.test.context.event.ApplicationEventsTestExecutionListener@30af7377, org.springframework.test.context.support.DependencyInjectionTestExecutionListener@67a056f1, org.springframework.test.context.support.DirtiesContextTestExecutionListener@1dab9dd6, org.springframework.test.context.event.EventPublishingTestExecutionListener@247667dd]
2024-12-20T07:36:26,098 [main] INFO  Utils - [TestNG] Running:
  Command line suite

2024-12-20T07:36:27,834 [main] INFO  WebDriverManager - Using chromedriver 127.0.6533.119 (resolved driver for Chrome 127)
2024-12-20T07:36:27,859 [main] INFO  WebDriverManager - Exporting webdriver.chrome.driver as C:\Users\John.Kushoro\.cache\selenium\chromedriver\win64\127.0.6533.119\chromedriver.exe
2024-12-20T07:36:32,613 [main] INFO  LoginPageTests - Starting login test with companyName: totallygroupconfig, username: Test
2024-12-20T07:36:39,377 [main] INFO  LoginPageTests - Starting navigation to home page
2024-12-20T07:36:46,644 [main] INFO  LoginPageTests - Navigation to home page completed successfully.
2024-12-20T07:37:31,925 [main] INFO  TestRunner - Cleaning up TestRunner environment.
2024-12-20T07:41:12,182 [main] INFO  Utils - [TestNG] Running:
  C:\Users\John.Kushoro\AppData\Local\JetBrains\IdeaIC2024.3\temp-testng-customsuite.xml

2024-12-20T07:41:12,578 [main] INFO  TestRunner - Setting up TestRunner environment.
2024-12-20T07:41:12,613 [main] INFO  TestRunner - Running tests...
2024-12-20T07:41:12,843 [main] INFO  DefaultTestContextBootstrapper - Using TestExecutionListeners: [org.springframework.test.context.support.DirtiesContextBeforeModesTestExecutionListener@723ed581, org.springframework.test.context.event.ApplicationEventsTestExecutionListener@6b760460, org.springframework.test.context.support.DependencyInjectionTestExecutionListener@796065aa, org.springframework.test.context.support.DirtiesContextTestExecutionListener@28a6301f, org.springframework.test.context.event.EventPublishingTestExecutionListener@2c306a57]
2024-12-20T07:41:12,870 [main] INFO  DefaultTestContextBootstrapper - Using TestExecutionListeners: [org.springframework.test.context.support.DirtiesContextBeforeModesTestExecutionListener@7ec25216, org.springframework.test.context.event.ApplicationEventsTestExecutionListener@7cab1508, org.springframework.test.context.support.DependencyInjectionTestExecutionListener@6a84bc3f, org.springframework.test.context.support.DirtiesContextTestExecutionListener@258ee7de, org.springframework.test.context.event.EventPublishingTestExecutionListener@4930539b]
2024-12-20T07:41:12,882 [main] INFO  DefaultTestContextBootstrapper - Using TestExecutionListeners: [org.springframework.test.context.support.DirtiesContextBeforeModesTestExecutionListener@de88ac6, org.springframework.test.context.event.ApplicationEventsTestExecutionListener@5bca7664, org.springframework.test.context.support.DependencyInjectionTestExecutionListener@105b693d, org.springframework.test.context.support.DirtiesContextTestExecutionListener@3fae596, org.springframework.test.context.event.EventPublishingTestExecutionListener@4a0df195]
2024-12-20T07:41:12,914 [main] INFO  Utils - [TestNG] Running:
  Command line suite

2024-12-20T07:41:13,940 [main] INFO  WebDriverManager - Using chromedriver 127.0.6533.119 (resolved driver for Chrome 127)
2024-12-20T07:41:13,972 [main] INFO  WebDriverManager - Exporting webdriver.chrome.driver as C:\Users\John.Kushoro\.cache\selenium\chromedriver\win64\127.0.6533.119\chromedriver.exe
2024-12-20T07:41:18,174 [main] INFO  LoginPageTests - Starting login test with companyName: totallygroupconfig, username: Test
2024-12-20T07:41:22,507 [main] INFO  LoginPageTests - Starting navigation to home page
2024-12-20T07:41:29,897 [main] INFO  LoginPageTests - Navigation to home page completed successfully.
2024-12-20T07:42:02,160 [main] INFO  TestRunner - Cleaning up TestRunner environment.
2024-12-20T07:44:39,801 [main] INFO  Utils - [TestNG] Running:
  C:\Users\John.Kushoro\AppData\Local\JetBrains\IdeaIC2024.3\temp-testng-customsuite.xml

2024-12-20T07:44:40,080 [main] INFO  TestRunner - Setting up TestRunner environment.
2024-12-20T07:44:40,105 [main] INFO  TestRunner - Running tests...
2024-12-20T07:44:40,291 [main] INFO  DefaultTestContextBootstrapper - Using TestExecutionListeners: [org.springframework.test.context.support.DirtiesContextBeforeModesTestExecutionListener@723ed581, org.springframework.test.context.event.ApplicationEventsTestExecutionListener@6b760460, org.springframework.test.context.support.DependencyInjectionTestExecutionListener@796065aa, org.springframework.test.context.support.DirtiesContextTestExecutionListener@28a6301f, org.springframework.test.context.event.EventPublishingTestExecutionListener@2c306a57]
2024-12-20T07:44:40,326 [main] INFO  DefaultTestContextBootstrapper - Using TestExecutionListeners: [org.springframework.test.context.support.DirtiesContextBeforeModesTestExecutionListener@7cab1508, org.springframework.test.context.event.ApplicationEventsTestExecutionListener@6a84bc3f, org.springframework.test.context.support.DependencyInjectionTestExecutionListener@258ee7de, org.springframework.test.context.support.DirtiesContextTestExecutionListener@4930539b, org.springframework.test.context.event.EventPublishingTestExecutionListener@6d171ce0]
2024-12-20T07:44:40,336 [main] INFO  DefaultTestContextBootstrapper - Using TestExecutionListeners: [org.springframework.test.context.support.DirtiesContextBeforeModesTestExecutionListener@de88ac6, org.springframework.test.context.event.ApplicationEventsTestExecutionListener@5bca7664, org.springframework.test.context.support.DependencyInjectionTestExecutionListener@105b693d, org.springframework.test.context.support.DirtiesContextTestExecutionListener@3fae596, org.springframework.test.context.event.EventPublishingTestExecutionListener@4a0df195]
2024-12-20T07:44:40,359 [main] INFO  Utils - [TestNG] Running:
  Command line suite

2024-12-20T07:44:41,480 [main] INFO  WebDriverManager - Using chromedriver 127.0.6533.119 (resolved driver for Chrome 127)
2024-12-20T07:44:41,550 [main] INFO  WebDriverManager - Exporting webdriver.chrome.driver as C:\Users\John.Kushoro\.cache\selenium\chromedriver\win64\127.0.6533.119\chromedriver.exe
2024-12-20T07:44:46,291 [main] INFO  LoginPageTests - Starting login test with companyName: totallygroupconfig, username: Test
2024-12-20T07:44:50,971 [main] INFO  LoginPageTests - Starting navigation to home page
2024-12-20T07:44:59,239 [main] INFO  LoginPageTests - Navigation to home page completed successfully.
2024-12-20T07:45:52,085 [main] INFO  TestRunner - Cleaning up TestRunner environment.
2024-12-20T07:49:53,035 [main] INFO  Utils - [TestNG] Running:
  C:\Users\John.Kushoro\AppData\Local\JetBrains\IdeaIC2024.3\temp-testng-customsuite.xml

2024-12-20T07:49:53,460 [main] INFO  TestRunner - Setting up TestRunner environment.
2024-12-20T07:49:53,496 [main] INFO  TestRunner - Running tests...
2024-12-20T07:49:53,727 [main] INFO  DefaultTestContextBootstrapper - Using TestExecutionListeners: [org.springframework.test.context.support.DirtiesContextBeforeModesTestExecutionListener@723ed581, org.springframework.test.context.event.ApplicationEventsTestExecutionListener@6b760460, org.springframework.test.context.support.DependencyInjectionTestExecutionListener@796065aa, org.springframework.test.context.support.DirtiesContextTestExecutionListener@28a6301f, org.springframework.test.context.event.EventPublishingTestExecutionListener@2c306a57]
2024-12-20T07:49:53,765 [main] INFO  DefaultTestContextBootstrapper - Using TestExecutionListeners: [org.springframework.test.context.support.DirtiesContextBeforeModesTestExecutionListener@7ec25216, org.springframework.test.context.event.ApplicationEventsTestExecutionListener@7cab1508, org.springframework.test.context.support.DependencyInjectionTestExecutionListener@6a84bc3f, org.springframework.test.context.support.DirtiesContextTestExecutionListener@258ee7de, org.springframework.test.context.event.EventPublishingTestExecutionListener@4930539b]
2024-12-20T07:49:53,789 [main] INFO  DefaultTestContextBootstrapper - Using TestExecutionListeners: [org.springframework.test.context.support.DirtiesContextBeforeModesTestExecutionListener@de88ac6, org.springframework.test.context.event.ApplicationEventsTestExecutionListener@5bca7664, org.springframework.test.context.support.DependencyInjectionTestExecutionListener@105b693d, org.springframework.test.context.support.DirtiesContextTestExecutionListener@3fae596, org.springframework.test.context.event.EventPublishingTestExecutionListener@4a0df195]
2024-12-20T07:49:53,812 [main] INFO  Utils - [TestNG] Running:
  Command line suite

2024-12-20T07:49:54,751 [main] INFO  WebDriverManager - Using chromedriver 127.0.6533.119 (resolved driver for Chrome 127)
2024-12-20T07:49:54,794 [main] INFO  WebDriverManager - Exporting webdriver.chrome.driver as C:\Users\John.Kushoro\.cache\selenium\chromedriver\win64\127.0.6533.119\chromedriver.exe
2024-12-20T07:49:58,855 [main] INFO  LoginPageTests - Starting login test with companyName: totallygroupconfig, username: Test
2024-12-20T07:50:04,218 [main] INFO  LoginPageTests - Starting navigation to home page
2024-12-20T07:50:11,815 [main] INFO  LoginPageTests - Navigation to home page completed successfully.
2024-12-20T07:51:09,768 [main] INFO  TestRunner - Cleaning up TestRunner environment.
2024-12-20T07:53:31,208 [main] INFO  Utils - [TestNG] Running:
  C:\Users\John.Kushoro\AppData\Local\JetBrains\IdeaIC2024.3\temp-testng-customsuite.xml

2024-12-20T07:53:31,598 [main] INFO  TestRunner - Setting up TestRunner environment.
2024-12-20T07:53:31,629 [main] INFO  TestRunner - Running tests...
2024-12-20T07:53:31,896 [main] INFO  DefaultTestContextBootstrapper - Using TestExecutionListeners: [org.springframework.test.context.support.DirtiesContextBeforeModesTestExecutionListener@723ed581, org.springframework.test.context.event.ApplicationEventsTestExecutionListener@6b760460, org.springframework.test.context.support.DependencyInjectionTestExecutionListener@796065aa, org.springframework.test.context.support.DirtiesContextTestExecutionListener@28a6301f, org.springframework.test.context.event.EventPublishingTestExecutionListener@2c306a57]
2024-12-20T07:53:31,941 [main] INFO  DefaultTestContextBootstrapper - Using TestExecutionListeners: [org.springframework.test.context.support.DirtiesContextBeforeModesTestExecutionListener@7ec25216, org.springframework.test.context.event.ApplicationEventsTestExecutionListener@7cab1508, org.springframework.test.context.support.DependencyInjectionTestExecutionListener@6a84bc3f, org.springframework.test.context.support.DirtiesContextTestExecutionListener@258ee7de, org.springframework.test.context.event.EventPublishingTestExecutionListener@4930539b]
2024-12-20T07:53:31,959 [main] INFO  DefaultTestContextBootstrapper - Using TestExecutionListeners: [org.springframework.test.context.support.DirtiesContextBeforeModesTestExecutionListener@5bca7664, org.springframework.test.context.event.ApplicationEventsTestExecutionListener@105b693d, org.springframework.test.context.support.DependencyInjectionTestExecutionListener@3fae596, org.springframework.test.context.support.DirtiesContextTestExecutionListener@4a0df195, org.springframework.test.context.event.EventPublishingTestExecutionListener@42fcc7e6]
2024-12-20T07:53:31,980 [main] INFO  Utils - [TestNG] Running:
  Command line suite

2024-12-20T07:53:32,984 [main] INFO  WebDriverManager - Using chromedriver 127.0.6533.119 (resolved driver for Chrome 127)
2024-12-20T07:53:33,024 [main] INFO  WebDriverManager - Exporting webdriver.chrome.driver as C:\Users\John.Kushoro\.cache\selenium\chromedriver\win64\127.0.6533.119\chromedriver.exe
2024-12-20T07:53:37,224 [main] INFO  LoginPageTests - Starting login test with companyName: totallygroupconfig, username: Test
2024-12-20T07:53:43,015 [main] INFO  LoginPageTests - Starting navigation to home page
2024-12-20T07:53:49,447 [main] INFO  LoginPageTests - Navigation to home page completed successfully.
2024-12-20T07:54:22,376 [main] INFO  TestRunner - Cleaning up TestRunner environment.
2024-12-20T07:59:16,667 [main] INFO  Utils - [TestNG] Running:
  C:\Users\John.Kushoro\AppData\Local\JetBrains\IdeaIC2024.3\temp-testng-customsuite.xml

2024-12-20T07:59:16,985 [main] INFO  TestRunner - Setting up TestRunner environment.
2024-12-20T07:59:17,011 [main] INFO  TestRunner - Running tests...
2024-12-20T07:59:17,224 [main] INFO  DefaultTestContextBootstrapper - Using TestExecutionListeners: [org.springframework.test.context.support.DirtiesContextBeforeModesTestExecutionListener@723ed581, org.springframework.test.context.event.ApplicationEventsTestExecutionListener@6b760460, org.springframework.test.context.support.DependencyInjectionTestExecutionListener@796065aa, org.springframework.test.context.support.DirtiesContextTestExecutionListener@28a6301f, org.springframework.test.context.event.EventPublishingTestExecutionListener@2c306a57]
2024-12-20T07:59:17,264 [main] INFO  DefaultTestContextBootstrapper - Using TestExecutionListeners: [org.springframework.test.context.support.DirtiesContextBeforeModesTestExecutionListener@7ec25216, org.springframework.test.context.event.ApplicationEventsTestExecutionListener@7cab1508, org.springframework.test.context.support.DependencyInjectionTestExecutionListener@6a84bc3f, org.springframework.test.context.support.DirtiesContextTestExecutionListener@258ee7de, org.springframework.test.context.event.EventPublishingTestExecutionListener@4930539b]
2024-12-20T07:59:17,276 [main] INFO  DefaultTestContextBootstrapper - Using TestExecutionListeners: [org.springframework.test.context.support.DirtiesContextBeforeModesTestExecutionListener@3fae596, org.springframework.test.context.event.ApplicationEventsTestExecutionListener@4a0df195, org.springframework.test.context.support.DependencyInjectionTestExecutionListener@42fcc7e6, org.springframework.test.context.support.DirtiesContextTestExecutionListener@9255c05, org.springframework.test.context.event.EventPublishingTestExecutionListener@5da7cee2]
2024-12-20T07:59:17,304 [main] INFO  Utils - [TestNG] Running:
  Command line suite

2024-12-20T07:59:18,235 [main] INFO  WebDriverManager - Using chromedriver 127.0.6533.119 (resolved driver for Chrome 127)
2024-12-20T07:59:18,268 [main] INFO  WebDriverManager - Exporting webdriver.chrome.driver as C:\Users\John.Kushoro\.cache\selenium\chromedriver\win64\127.0.6533.119\chromedriver.exe
2024-12-20T07:59:22,879 [main] INFO  LoginPageTests - Starting login test with companyName: totallygroupconfig, username: Test
2024-12-20T07:59:27,408 [main] INFO  LoginPageTests - Starting navigation to home page
2024-12-20T07:59:34,280 [main] INFO  LoginPageTests - Navigation to home page completed successfully.
2024-12-20T08:00:10,309 [main] INFO  TestRunner - Cleaning up TestRunner environment.
2024-12-20T08:04:53,187 [main] INFO  Utils - [TestNG] Running:
  C:\Users\John.Kushoro\AppData\Local\JetBrains\IdeaIC2024.3\temp-testng-customsuite.xml

2024-12-20T08:04:53,541 [main] INFO  TestRunner - Setting up TestRunner environment.
2024-12-20T08:04:53,565 [main] INFO  TestRunner - Running tests...
2024-12-20T08:04:53,820 [main] INFO  DefaultTestContextBootstrapper - Using TestExecutionListeners: [org.springframework.test.context.support.DirtiesContextBeforeModesTestExecutionListener@723ed581, org.springframework.test.context.event.ApplicationEventsTestExecutionListener@6b760460, org.springframework.test.context.support.DependencyInjectionTestExecutionListener@796065aa, org.springframework.test.context.support.DirtiesContextTestExecutionListener@28a6301f, org.springframework.test.context.event.EventPublishingTestExecutionListener@2c306a57]
2024-12-20T08:04:53,865 [main] INFO  DefaultTestContextBootstrapper - Using TestExecutionListeners: [org.springframework.test.context.support.DirtiesContextBeforeModesTestExecutionListener@7ec25216, org.springframework.test.context.event.ApplicationEventsTestExecutionListener@7cab1508, org.springframework.test.context.support.DependencyInjectionTestExecutionListener@6a84bc3f, org.springframework.test.context.support.DirtiesContextTestExecutionListener@258ee7de, org.springframework.test.context.event.EventPublishingTestExecutionListener@4930539b]
2024-12-20T08:04:53,883 [main] INFO  DefaultTestContextBootstrapper - Using TestExecutionListeners: [org.springframework.test.context.support.DirtiesContextBeforeModesTestExecutionListener@1d25c1c, org.springframework.test.context.event.ApplicationEventsTestExecutionListener@de88ac6, org.springframework.test.context.support.DependencyInjectionTestExecutionListener@5bca7664, org.springframework.test.context.support.DirtiesContextTestExecutionListener@105b693d, org.springframework.test.context.event.EventPublishingTestExecutionListener@3fae596]
2024-12-20T08:04:53,907 [main] INFO  Utils - [TestNG] Running:
  Command line suite

2024-12-20T08:04:54,899 [main] INFO  WebDriverManager - Using chromedriver 127.0.6533.119 (resolved driver for Chrome 127)
2024-12-20T08:04:54,934 [main] INFO  WebDriverManager - Exporting webdriver.chrome.driver as C:\Users\John.Kushoro\.cache\selenium\chromedriver\win64\127.0.6533.119\chromedriver.exe
2024-12-20T08:04:59,755 [main] INFO  LoginPageTests - Starting login test with companyName: totallygroupconfig, username: Test
2024-12-20T08:05:04,469 [main] INFO  LoginPageTests - Starting navigation to home page
2024-12-20T08:05:11,521 [main] INFO  LoginPageTests - Navigation to home page completed successfully.
2024-12-20T08:06:07,759 [main] INFO  TestRunner - Cleaning up TestRunner environment.
2024-12-20T08:10:25,301 [main] INFO  Utils - [TestNG] Running:
  C:\Users\John.Kushoro\AppData\Local\JetBrains\IdeaIC2024.3\temp-testng-customsuite.xml

2024-12-20T08:10:25,716 [main] INFO  TestRunner - Setting up TestRunner environment.
2024-12-20T08:10:25,748 [main] INFO  TestRunner - Running tests...
2024-12-20T08:10:26,058 [main] INFO  DefaultTestContextBootstrapper - Using TestExecutionListeners: [org.springframework.test.context.support.DirtiesContextBeforeModesTestExecutionListener@723ed581, org.springframework.test.context.event.ApplicationEventsTestExecutionListener@6b760460, org.springframework.test.context.support.DependencyInjectionTestExecutionListener@796065aa, org.springframework.test.context.support.DirtiesContextTestExecutionListener@28a6301f, org.springframework.test.context.event.EventPublishingTestExecutionListener@2c306a57]
2024-12-20T08:10:26,100 [main] INFO  DefaultTestContextBootstrapper - Using TestExecutionListeners: [org.springframework.test.context.support.DirtiesContextBeforeModesTestExecutionListener@6a84bc3f, org.springframework.test.context.event.ApplicationEventsTestExecutionListener@258ee7de, org.springframework.test.context.support.DependencyInjectionTestExecutionListener@4930539b, org.springframework.test.context.support.DirtiesContextTestExecutionListener@6d171ce0, org.springframework.test.context.event.EventPublishingTestExecutionListener@22bd2039]
2024-12-20T08:10:26,116 [main] INFO  DefaultTestContextBootstrapper - Using TestExecutionListeners: [org.springframework.test.context.support.DirtiesContextBeforeModesTestExecutionListener@5bca7664, org.springframework.test.context.event.ApplicationEventsTestExecutionListener@105b693d, org.springframework.test.context.support.DependencyInjectionTestExecutionListener@3fae596, org.springframework.test.context.support.DirtiesContextTestExecutionListener@4a0df195, org.springframework.test.context.event.EventPublishingTestExecutionListener@42fcc7e6]
2024-12-20T08:10:26,143 [main] INFO  Utils - [TestNG] Running:
  Command line suite

2024-12-20T08:10:27,120 [main] INFO  WebDriverManager - Using chromedriver 127.0.6533.119 (resolved driver for Chrome 127)
2024-12-20T08:10:27,166 [main] INFO  WebDriverManager - Exporting webdriver.chrome.driver as C:\Users\John.Kushoro\.cache\selenium\chromedriver\win64\127.0.6533.119\chromedriver.exe
2024-12-20T08:10:32,096 [main] INFO  LoginPageTests - Starting login test with companyName: totallygroupconfig, username: Test
2024-12-20T08:10:37,820 [main] INFO  LoginPageTests - Starting navigation to home page
2024-12-20T08:10:45,931 [main] INFO  LoginPageTests - Navigation to home page completed successfully.
2024-12-20T08:11:49,680 [main] INFO  TestRunner - Cleaning up TestRunner environment.
2024-12-20T08:16:17,766 [main] INFO  Utils - [TestNG] Running:
  C:\Users\John.Kushoro\AppData\Local\JetBrains\IdeaIC2024.3\temp-testng-customsuite.xml

2024-12-20T08:16:18,231 [main] INFO  TestRunner - Setting up TestRunner environment.
2024-12-20T08:16:18,257 [main] INFO  TestRunner - Running tests...
2024-12-20T08:16:18,489 [main] INFO  DefaultTestContextBootstrapper - Using TestExecutionListeners: [org.springframework.test.context.support.DirtiesContextBeforeModesTestExecutionListener@723ed581, org.springframework.test.context.event.ApplicationEventsTestExecutionListener@6b760460, org.springframework.test.context.support.DependencyInjectionTestExecutionListener@796065aa, org.springframework.test.context.support.DirtiesContextTestExecutionListener@28a6301f, org.springframework.test.context.event.EventPublishingTestExecutionListener@2c306a57]
2024-12-20T08:16:18,522 [main] INFO  DefaultTestContextBootstrapper - Using TestExecutionListeners: [org.springframework.test.context.support.DirtiesContextBeforeModesTestExecutionListener@7cab1508, org.springframework.test.context.event.ApplicationEventsTestExecutionListener@6a84bc3f, org.springframework.test.context.support.DependencyInjectionTestExecutionListener@258ee7de, org.springframework.test.context.support.DirtiesContextTestExecutionListener@4930539b, org.springframework.test.context.event.EventPublishingTestExecutionListener@6d171ce0]
2024-12-20T08:16:18,533 [main] INFO  DefaultTestContextBootstrapper - Using TestExecutionListeners: [org.springframework.test.context.support.DirtiesContextBeforeModesTestExecutionListener@3fae596, org.springframework.test.context.event.ApplicationEventsTestExecutionListener@4a0df195, org.springframework.test.context.support.DependencyInjectionTestExecutionListener@42fcc7e6, org.springframework.test.context.support.DirtiesContextTestExecutionListener@9255c05, org.springframework.test.context.event.EventPublishingTestExecutionListener@5da7cee2]
2024-12-20T08:16:18,558 [main] INFO  Utils - [TestNG] Running:
  Command line suite

2024-12-20T08:16:19,548 [main] INFO  WebDriverManager - Using chromedriver 127.0.6533.119 (resolved driver for Chrome 127)
2024-12-20T08:16:19,584 [main] INFO  WebDriverManager - Exporting webdriver.chrome.driver as C:\Users\John.Kushoro\.cache\selenium\chromedriver\win64\127.0.6533.119\chromedriver.exe
2024-12-20T08:16:24,045 [main] INFO  LoginPageTests - Starting login test with companyName: totallygroupconfig, username: Test
2024-12-20T08:16:28,407 [main] INFO  LoginPageTests - Starting navigation to home page
2024-12-20T08:16:34,928 [main] INFO  LoginPageTests - Navigation to home page completed successfully.
2024-12-20T08:17:03,566 [main] INFO  Utils - [TestNG] Running:
  C:\Users\John.Kushoro\AppData\Local\JetBrains\IdeaIC2024.3\temp-testng-customsuite.xml

2024-12-20T08:17:03,877 [main] INFO  TestRunner - Setting up TestRunner environment.
2024-12-20T08:17:03,898 [main] INFO  TestRunner - Running tests...
2024-12-20T08:17:04,071 [main] INFO  DefaultTestContextBootstrapper - Using TestExecutionListeners: [org.springframework.test.context.support.DirtiesContextBeforeModesTestExecutionListener@3eba57a7, org.springframework.test.context.event.ApplicationEventsTestExecutionListener@272a179c, org.springframework.test.context.support.DependencyInjectionTestExecutionListener@30feffc, org.springframework.test.context.support.DirtiesContextTestExecutionListener@67207d8a, org.springframework.test.context.event.EventPublishingTestExecutionListener@bcb09a6]
2024-12-20T08:17:04,105 [main] INFO  DefaultTestContextBootstrapper - Using TestExecutionListeners: [org.springframework.test.context.support.DirtiesContextBeforeModesTestExecutionListener@5328a9c1, org.springframework.test.context.event.ApplicationEventsTestExecutionListener@5b78fdb1, org.springframework.test.context.support.DependencyInjectionTestExecutionListener@48bfb884, org.springframework.test.context.support.DirtiesContextTestExecutionListener@11653e3b, org.springframework.test.context.event.EventPublishingTestExecutionListener@715fb77]
2024-12-20T08:17:04,117 [main] INFO  DefaultTestContextBootstrapper - Using TestExecutionListeners: [org.springframework.test.context.support.DirtiesContextBeforeModesTestExecutionListener@4a03bb68, org.springframework.test.context.event.ApplicationEventsTestExecutionListener@4e868ef5, org.springframework.test.context.support.DependencyInjectionTestExecutionListener@71c905a3, org.springframework.test.context.support.DirtiesContextTestExecutionListener@30af7377, org.springframework.test.context.event.EventPublishingTestExecutionListener@67a056f1]
2024-12-20T08:17:04,133 [main] INFO  Utils - [TestNG] Running:
  Command line suite

2024-12-20T08:17:04,761 [main] INFO  WebDriverManager - Using chromedriver 127.0.6533.119 (resolved driver for Chrome 127)
2024-12-20T08:17:04,792 [main] INFO  WebDriverManager - Exporting webdriver.chrome.driver as C:\Users\John.Kushoro\.cache\selenium\chromedriver\win64\127.0.6533.119\chromedriver.exe
2024-12-20T08:17:08,419 [main] INFO  LoginPageTests - Starting login test with companyName: totallygroupconfig, username: Test
2024-12-20T08:17:11,722 [main] INFO  LoginPageTests - Starting navigation to home page
2024-12-20T08:17:19,576 [main] INFO  LoginPageTests - Navigation to home page completed successfully.
2024-12-20T08:17:34,232 [main] INFO  TestRunner - Cleaning up TestRunner environment.
2024-12-20T08:23:22,006 [main] INFO  Utils - [TestNG] Running:
  C:\Users\John.Kushoro\AppData\Local\JetBrains\IdeaIC2024.3\temp-testng-customsuite.xml

2024-12-20T08:23:22,416 [main] INFO  TestRunner - Setting up TestRunner environment.
2024-12-20T08:23:22,440 [main] INFO  TestRunner - Running tests...
2024-12-20T08:23:22,629 [main] INFO  DefaultTestContextBootstrapper - Using TestExecutionListeners: [org.springframework.test.context.support.DirtiesContextBeforeModesTestExecutionListener@3eba57a7, org.springframework.test.context.event.ApplicationEventsTestExecutionListener@272a179c, org.springframework.test.context.support.DependencyInjectionTestExecutionListener@30feffc, org.springframework.test.context.support.DirtiesContextTestExecutionListener@67207d8a, org.springframework.test.context.event.EventPublishingTestExecutionListener@bcb09a6]
2024-12-20T08:23:22,655 [main] INFO  DefaultTestContextBootstrapper - Using TestExecutionListeners: [org.springframework.test.context.support.DirtiesContextBeforeModesTestExecutionListener@27068a50, org.springframework.test.context.event.ApplicationEventsTestExecutionListener@68e62ca4, org.springframework.test.context.support.DependencyInjectionTestExecutionListener@5328a9c1, org.springframework.test.context.support.DirtiesContextTestExecutionListener@5b78fdb1, org.springframework.test.context.event.EventPublishingTestExecutionListener@48bfb884]
2024-12-20T08:23:22,668 [main] INFO  DefaultTestContextBootstrapper - Using TestExecutionListeners: [org.springframework.test.context.support.DirtiesContextBeforeModesTestExecutionListener@5e742e4, org.springframework.test.context.event.ApplicationEventsTestExecutionListener@175acfb2, org.springframework.test.context.support.DependencyInjectionTestExecutionListener@4a03bb68, org.springframework.test.context.support.DirtiesContextTestExecutionListener@4e868ef5, org.springframework.test.context.event.EventPublishingTestExecutionListener@71c905a3]
2024-12-20T08:23:22,684 [main] INFO  Utils - [TestNG] Running:
  Command line suite

2024-12-20T08:23:23,466 [main] INFO  WebDriverManager - Using chromedriver 127.0.6533.119 (resolved driver for Chrome 127)
2024-12-20T08:23:23,489 [main] INFO  WebDriverManager - Exporting webdriver.chrome.driver as C:\Users\John.Kushoro\.cache\selenium\chromedriver\win64\127.0.6533.119\chromedriver.exe
2024-12-20T08:23:27,593 [main] INFO  LoginPageTests - Starting login test with companyName: totallygroupconfig, username: Test
2024-12-20T08:23:31,775 [main] INFO  LoginPageTests - Starting navigation to home page
2024-12-20T08:23:38,917 [main] INFO  LoginPageTests - Navigation to home page completed successfully.
2024-12-20T08:23:55,868 [main] INFO  TestRunner - Cleaning up TestRunner environment.
2024-12-20T08:29:40,531 [main] INFO  Utils - [TestNG] Running:
  C:\Users\John.Kushoro\AppData\Local\JetBrains\IdeaIC2024.3\temp-testng-customsuite.xml

2024-12-20T08:29:40,860 [main] INFO  TestRunner - Setting up TestRunner environment.
2024-12-20T08:29:40,879 [main] INFO  TestRunner - Running tests...
2024-12-20T08:29:41,057 [main] INFO  DefaultTestContextBootstrapper - Using TestExecutionListeners: [org.springframework.test.context.support.DirtiesContextBeforeModesTestExecutionListener@3eba57a7, org.springframework.test.context.event.ApplicationEventsTestExecutionListener@272a179c, org.springframework.test.context.support.DependencyInjectionTestExecutionListener@30feffc, org.springframework.test.context.support.DirtiesContextTestExecutionListener@67207d8a, org.springframework.test.context.event.EventPublishingTestExecutionListener@bcb09a6]
2024-12-20T08:29:41,084 [main] INFO  DefaultTestContextBootstrapper - Using TestExecutionListeners: [org.springframework.test.context.support.DirtiesContextBeforeModesTestExecutionListener@5b78fdb1, org.springframework.test.context.event.ApplicationEventsTestExecutionListener@48bfb884, org.springframework.test.context.support.DependencyInjectionTestExecutionListener@11653e3b, org.springframework.test.context.support.DirtiesContextTestExecutionListener@715fb77, org.springframework.test.context.event.EventPublishingTestExecutionListener@1b9c1b51]
2024-12-20T08:29:41,096 [main] INFO  DefaultTestContextBootstrapper - Using TestExecutionListeners: [org.springframework.test.context.support.DirtiesContextBeforeModesTestExecutionListener@4a03bb68, org.springframework.test.context.event.ApplicationEventsTestExecutionListener@4e868ef5, org.springframework.test.context.support.DependencyInjectionTestExecutionListener@71c905a3, org.springframework.test.context.support.DirtiesContextTestExecutionListener@30af7377, org.springframework.test.context.event.EventPublishingTestExecutionListener@67a056f1]
2024-12-20T08:29:41,110 [main] INFO  Utils - [TestNG] Running:
  Command line suite

2024-12-20T08:29:41,974 [main] INFO  WebDriverManager - Using chromedriver 127.0.6533.119 (resolved driver for Chrome 127)
2024-12-20T08:29:42,014 [main] INFO  WebDriverManager - Exporting webdriver.chrome.driver as C:\Users\John.Kushoro\.cache\selenium\chromedriver\win64\127.0.6533.119\chromedriver.exe
2024-12-20T08:29:46,879 [main] INFO  LoginPageTests - Starting login test with companyName: totallygroupconfig, username: Test
2024-12-20T08:29:52,965 [main] INFO  LoginPageTests - Starting navigation to home page
2024-12-20T08:30:00,909 [main] INFO  LoginPageTests - Navigation to home page completed successfully.
2024-12-20T08:30:19,722 [main] INFO  TestRunner - Cleaning up TestRunner environment.
2024-12-20T08:32:33,771 [main] INFO  Utils - [TestNG] Running:
  C:\Users\John.Kushoro\AppData\Local\JetBrains\IdeaIC2024.3\temp-testng-customsuite.xml

2024-12-20T08:32:34,097 [main] INFO  TestRunner - Setting up TestRunner environment.
2024-12-20T08:32:34,119 [main] INFO  TestRunner - Running tests...
2024-12-20T08:32:34,308 [main] INFO  DefaultTestContextBootstrapper - Using TestExecutionListeners: [org.springframework.test.context.support.DirtiesContextBeforeModesTestExecutionListener@3eba57a7, org.springframework.test.context.event.ApplicationEventsTestExecutionListener@272a179c, org.springframework.test.context.support.DependencyInjectionTestExecutionListener@30feffc, org.springframework.test.context.support.DirtiesContextTestExecutionListener@67207d8a, org.springframework.test.context.event.EventPublishingTestExecutionListener@bcb09a6]
2024-12-20T08:32:34,335 [main] INFO  DefaultTestContextBootstrapper - Using TestExecutionListeners: [org.springframework.test.context.support.DirtiesContextBeforeModesTestExecutionListener@48bfb884, org.springframework.test.context.event.ApplicationEventsTestExecutionListener@11653e3b, org.springframework.test.context.support.DependencyInjectionTestExecutionListener@715fb77, org.springframework.test.context.support.DirtiesContextTestExecutionListener@1b9c1b51, org.springframework.test.context.event.EventPublishingTestExecutionListener@2e52fb3e]
2024-12-20T08:32:34,345 [main] INFO  DefaultTestContextBootstrapper - Using TestExecutionListeners: [org.springframework.test.context.support.DirtiesContextBeforeModesTestExecutionListener@71c905a3, org.springframework.test.context.event.ApplicationEventsTestExecutionListener@30af7377, org.springframework.test.context.support.DependencyInjectionTestExecutionListener@67a056f1, org.springframework.test.context.support.DirtiesContextTestExecutionListener@1dab9dd6, org.springframework.test.context.event.EventPublishingTestExecutionListener@247667dd]
2024-12-20T08:32:34,360 [main] INFO  Utils - [TestNG] Running:
  Command line suite

2024-12-20T08:32:35,095 [main] INFO  WebDriverManager - Using chromedriver 127.0.6533.119 (resolved driver for Chrome 127)
2024-12-20T08:32:35,114 [main] INFO  WebDriverManager - Exporting webdriver.chrome.driver as C:\Users\John.Kushoro\.cache\selenium\chromedriver\win64\127.0.6533.119\chromedriver.exe
2024-12-20T08:32:39,471 [main] INFO  LoginPageTests - Starting login test with companyName: totallygroupconfig, username: Test
2024-12-20T08:32:43,879 [main] INFO  LoginPageTests - Starting navigation to home page
2024-12-20T08:32:53,135 [main] INFO  LoginPageTests - Navigation to home page completed successfully.
2024-12-20T08:33:40,531 [main] INFO  TestRunner - Cleaning up TestRunner environment.
2024-12-20T08:40:17,350 [main] INFO  Utils - [TestNG] Running:
  C:\Users\John.Kushoro\AppData\Local\JetBrains\IdeaIC2024.3\temp-testng-customsuite.xml

2024-12-20T08:40:17,722 [main] INFO  TestRunner - Setting up TestRunner environment.
2024-12-20T08:40:17,748 [main] INFO  TestRunner - Running tests...
2024-12-20T08:40:17,991 [main] INFO  DefaultTestContextBootstrapper - Using TestExecutionListeners: [org.springframework.test.context.support.DirtiesContextBeforeModesTestExecutionListener@723ed581, org.springframework.test.context.event.ApplicationEventsTestExecutionListener@6b760460, org.springframework.test.context.support.DependencyInjectionTestExecutionListener@796065aa, org.springframework.test.context.support.DirtiesContextTestExecutionListener@28a6301f, org.springframework.test.context.event.EventPublishingTestExecutionListener@2c306a57]
2024-12-20T08:40:18,022 [main] INFO  DefaultTestContextBootstrapper - Using TestExecutionListeners: [org.springframework.test.context.support.DirtiesContextBeforeModesTestExecutionListener@7cab1508, org.springframework.test.context.event.ApplicationEventsTestExecutionListener@6a84bc3f, org.springframework.test.context.support.DependencyInjectionTestExecutionListener@258ee7de, org.springframework.test.context.support.DirtiesContextTestExecutionListener@4930539b, org.springframework.test.context.event.EventPublishingTestExecutionListener@6d171ce0]
2024-12-20T08:40:18,041 [main] INFO  DefaultTestContextBootstrapper - Using TestExecutionListeners: [org.springframework.test.context.support.DirtiesContextBeforeModesTestExecutionListener@de88ac6, org.springframework.test.context.event.ApplicationEventsTestExecutionListener@5bca7664, org.springframework.test.context.support.DependencyInjectionTestExecutionListener@105b693d, org.springframework.test.context.support.DirtiesContextTestExecutionListener@3fae596, org.springframework.test.context.event.EventPublishingTestExecutionListener@4a0df195]
2024-12-20T08:40:18,065 [main] INFO  Utils - [TestNG] Running:
  Command line suite

2024-12-20T08:40:19,907 [main] INFO  WebDriverManager - Using chromedriver 127.0.6533.119 (resolved driver for Chrome 127)
2024-12-20T08:40:19,943 [main] INFO  WebDriverManager - Exporting webdriver.chrome.driver as C:\Users\John.Kushoro\.cache\selenium\chromedriver\win64\127.0.6533.119\chromedriver.exe
2024-12-20T08:40:24,812 [main] INFO  LoginPageTests - Starting login test with companyName: totallygroupconfig, username: Test
2024-12-20T08:40:29,185 [main] INFO  LoginPageTests - Starting navigation to home page
2024-12-20T08:40:36,209 [main] INFO  LoginPageTests - Navigation to home page completed successfully.
2024-12-20T08:41:30,952 [main] INFO  TestRunner - Cleaning up TestRunner environment.
2024-12-20T08:44:58,112 [main] INFO  Utils - [TestNG] Running:
  C:\Users\John.Kushoro\AppData\Local\JetBrains\IdeaIC2024.3\temp-testng-customsuite.xml

2024-12-20T08:44:58,444 [main] INFO  TestRunner - Setting up TestRunner environment.
2024-12-20T08:44:58,468 [main] INFO  TestRunner - Running tests...
2024-12-20T08:44:58,667 [main] INFO  DefaultTestContextBootstrapper - Using TestExecutionListeners: [org.springframework.test.context.support.DirtiesContextBeforeModesTestExecutionListener@723ed581, org.springframework.test.context.event.ApplicationEventsTestExecutionListener@6b760460, org.springframework.test.context.support.DependencyInjectionTestExecutionListener@796065aa, org.springframework.test.context.support.DirtiesContextTestExecutionListener@28a6301f, org.springframework.test.context.event.EventPublishingTestExecutionListener@2c306a57]
2024-12-20T08:44:58,720 [main] INFO  DefaultTestContextBootstrapper - Using TestExecutionListeners: [org.springframework.test.context.support.DirtiesContextBeforeModesTestExecutionListener@7ec25216, org.springframework.test.context.event.ApplicationEventsTestExecutionListener@7cab1508, org.springframework.test.context.support.DependencyInjectionTestExecutionListener@6a84bc3f, org.springframework.test.context.support.DirtiesContextTestExecutionListener@258ee7de, org.springframework.test.context.event.EventPublishingTestExecutionListener@4930539b]
2024-12-20T08:44:58,744 [main] INFO  DefaultTestContextBootstrapper - Using TestExecutionListeners: [org.springframework.test.context.support.DirtiesContextBeforeModesTestExecutionListener@de88ac6, org.springframework.test.context.event.ApplicationEventsTestExecutionListener@5bca7664, org.springframework.test.context.support.DependencyInjectionTestExecutionListener@105b693d, org.springframework.test.context.support.DirtiesContextTestExecutionListener@3fae596, org.springframework.test.context.event.EventPublishingTestExecutionListener@4a0df195]
2024-12-20T08:44:58,775 [main] INFO  Utils - [TestNG] Running:
  Command line suite

2024-12-20T08:44:59,704 [main] INFO  WebDriverManager - Using chromedriver 127.0.6533.119 (resolved driver for Chrome 127)
2024-12-20T08:44:59,735 [main] INFO  WebDriverManager - Exporting webdriver.chrome.driver as C:\Users\John.Kushoro\.cache\selenium\chromedriver\win64\127.0.6533.119\chromedriver.exe
2024-12-20T08:45:03,753 [main] INFO  LoginPageTests - Starting login test with companyName: totallygroupconfig, username: Test
2024-12-20T08:45:08,787 [main] INFO  LoginPageTests - Starting navigation to home page
2024-12-20T08:45:15,342 [main] INFO  LoginPageTests - Navigation to home page completed successfully.
2024-12-20T08:46:20,736 [main] INFO  TestRunner - Cleaning up TestRunner environment.
2024-12-20T08:48:02,629 [main] INFO  Utils - [TestNG] Running:
  C:\Users\John.Kushoro\AppData\Local\JetBrains\IdeaIC2024.3\temp-testng-customsuite.xml

2024-12-20T08:48:02,931 [main] INFO  TestRunner - Setting up TestRunner environment.
2024-12-20T08:48:02,955 [main] INFO  TestRunner - Running tests...
2024-12-20T08:48:03,151 [main] INFO  DefaultTestContextBootstrapper - Using TestExecutionListeners: [org.springframework.test.context.support.DirtiesContextBeforeModesTestExecutionListener@272a179c, org.springframework.test.context.event.ApplicationEventsTestExecutionListener@30feffc, org.springframework.test.context.support.DependencyInjectionTestExecutionListener@67207d8a, org.springframework.test.context.support.DirtiesContextTestExecutionListener@bcb09a6, org.springframework.test.context.event.EventPublishingTestExecutionListener@7c2a69b4]
2024-12-20T08:48:03,181 [main] INFO  DefaultTestContextBootstrapper - Using TestExecutionListeners: [org.springframework.test.context.support.DirtiesContextBeforeModesTestExecutionListener@5328a9c1, org.springframework.test.context.event.ApplicationEventsTestExecutionListener@5b78fdb1, org.springframework.test.context.support.DependencyInjectionTestExecutionListener@48bfb884, org.springframework.test.context.support.DirtiesContextTestExecutionListener@11653e3b, org.springframework.test.context.event.EventPublishingTestExecutionListener@715fb77]
2024-12-20T08:48:03,200 [main] INFO  DefaultTestContextBootstrapper - Using TestExecutionListeners: [org.springframework.test.context.support.DirtiesContextBeforeModesTestExecutionListener@71c905a3, org.springframework.test.context.event.ApplicationEventsTestExecutionListener@30af7377, org.springframework.test.context.support.DependencyInjectionTestExecutionListener@67a056f1, org.springframework.test.context.support.DirtiesContextTestExecutionListener@1dab9dd6, org.springframework.test.context.event.EventPublishingTestExecutionListener@247667dd]
2024-12-20T08:48:03,220 [main] INFO  Utils - [TestNG] Running:
  Command line suite

2024-12-20T08:48:03,989 [main] INFO  WebDriverManager - Using chromedriver 127.0.6533.119 (resolved driver for Chrome 127)
2024-12-20T08:48:04,012 [main] INFO  WebDriverManager - Exporting webdriver.chrome.driver as C:\Users\John.Kushoro\.cache\selenium\chromedriver\win64\127.0.6533.119\chromedriver.exe
2024-12-20T08:48:08,639 [main] INFO  LoginPageTests - Starting login test with companyName: totallygroupconfig, username: Test
2024-12-20T08:48:13,672 [main] INFO  LoginPageTests - Starting navigation to home page
2024-12-20T08:48:20,218 [main] INFO  LoginPageTests - Navigation to home page completed successfully.
2024-12-20T08:49:03,564 [main] INFO  TestRunner - Cleaning up TestRunner environment.
2024-12-20T08:52:46,970 [main] INFO  Utils - [TestNG] Running:
  C:\Users\John.Kushoro\AppData\Local\JetBrains\IdeaIC2024.3\temp-testng-customsuite.xml

2024-12-20T08:52:47,298 [main] INFO  TestRunner - Setting up TestRunner environment.
2024-12-20T08:52:47,324 [main] INFO  TestRunner - Running tests...
2024-12-20T08:52:47,488 [main] INFO  DefaultTestContextBootstrapper - Using TestExecutionListeners: [org.springframework.test.context.support.DirtiesContextBeforeModesTestExecutionListener@3eba57a7, org.springframework.test.context.event.ApplicationEventsTestExecutionListener@272a179c, org.springframework.test.context.support.DependencyInjectionTestExecutionListener@30feffc, org.springframework.test.context.support.DirtiesContextTestExecutionListener@67207d8a, org.springframework.test.context.event.EventPublishingTestExecutionListener@bcb09a6]
2024-12-20T08:52:47,520 [main] INFO  DefaultTestContextBootstrapper - Using TestExecutionListeners: [org.springframework.test.context.support.DirtiesContextBeforeModesTestExecutionListener@5b78fdb1, org.springframework.test.context.event.ApplicationEventsTestExecutionListener@48bfb884, org.springframework.test.context.support.DependencyInjectionTestExecutionListener@11653e3b, org.springframework.test.context.support.DirtiesContextTestExecutionListener@715fb77, org.springframework.test.context.event.EventPublishingTestExecutionListener@1b9c1b51]
2024-12-20T08:52:47,531 [main] INFO  DefaultTestContextBootstrapper - Using TestExecutionListeners: [org.springframework.test.context.support.DirtiesContextBeforeModesTestExecutionListener@4a03bb68, org.springframework.test.context.event.ApplicationEventsTestExecutionListener@4e868ef5, org.springframework.test.context.support.DependencyInjectionTestExecutionListener@71c905a3, org.springframework.test.context.support.DirtiesContextTestExecutionListener@30af7377, org.springframework.test.context.event.EventPublishingTestExecutionListener@67a056f1]
2024-12-20T08:52:47,546 [main] INFO  Utils - [TestNG] Running:
  Command line suite

2024-12-20T08:52:48,322 [main] INFO  WebDriverManager - Using chromedriver 127.0.6533.119 (resolved driver for Chrome 127)
2024-12-20T08:52:48,352 [main] INFO  WebDriverManager - Exporting webdriver.chrome.driver as C:\Users\John.Kushoro\.cache\selenium\chromedriver\win64\127.0.6533.119\chromedriver.exe
2024-12-20T08:52:52,858 [main] INFO  LoginPageTests - Starting login test with companyName: totallygroupconfig, username: Test
2024-12-20T08:52:56,643 [main] INFO  LoginPageTests - Starting navigation to home page
2024-12-20T08:53:02,938 [main] INFO  LoginPageTests - Navigation to home page completed successfully.
2024-12-20T08:53:45,106 [main] INFO  TestRunner - Cleaning up TestRunner environment.
2024-12-20T08:55:25,638 [main] INFO  Utils - [TestNG] Running:
  C:\Users\John.Kushoro\AppData\Local\JetBrains\IdeaIC2024.3\temp-testng-customsuite.xml

2024-12-20T08:55:25,995 [main] INFO  TestRunner - Setting up TestRunner environment.
2024-12-20T08:55:26,020 [main] INFO  TestRunner - Running tests...
2024-12-20T08:55:26,193 [main] INFO  DefaultTestContextBootstrapper - Using TestExecutionListeners: [org.springframework.test.context.support.DirtiesContextBeforeModesTestExecutionListener@272a179c, org.springframework.test.context.event.ApplicationEventsTestExecutionListener@30feffc, org.springframework.test.context.support.DependencyInjectionTestExecutionListener@67207d8a, org.springframework.test.context.support.DirtiesContextTestExecutionListener@bcb09a6, org.springframework.test.context.event.EventPublishingTestExecutionListener@7c2a69b4]
2024-12-20T08:55:26,221 [main] INFO  DefaultTestContextBootstrapper - Using TestExecutionListeners: [org.springframework.test.context.support.DirtiesContextBeforeModesTestExecutionListener@68e62ca4, org.springframework.test.context.event.ApplicationEventsTestExecutionListener@5328a9c1, org.springframework.test.context.support.DependencyInjectionTestExecutionListener@5b78fdb1, org.springframework.test.context.support.DirtiesContextTestExecutionListener@48bfb884, org.springframework.test.context.event.EventPublishingTestExecutionListener@11653e3b]
2024-12-20T08:55:26,230 [main] INFO  DefaultTestContextBootstrapper - Using TestExecutionListeners: [org.springframework.test.context.support.DirtiesContextBeforeModesTestExecutionListener@175acfb2, org.springframework.test.context.event.ApplicationEventsTestExecutionListener@4a03bb68, org.springframework.test.context.support.DependencyInjectionTestExecutionListener@4e868ef5, org.springframework.test.context.support.DirtiesContextTestExecutionListener@71c905a3, org.springframework.test.context.event.EventPublishingTestExecutionListener@30af7377]
2024-12-20T08:55:26,248 [main] INFO  Utils - [TestNG] Running:
  Command line suite

2024-12-20T08:55:26,972 [main] INFO  WebDriverManager - Using chromedriver 127.0.6533.119 (resolved driver for Chrome 127)
2024-12-20T08:55:26,997 [main] INFO  WebDriverManager - Exporting webdriver.chrome.driver as C:\Users\John.Kushoro\.cache\selenium\chromedriver\win64\127.0.6533.119\chromedriver.exe
2024-12-20T08:55:31,289 [main] INFO  LoginPageTests - Starting login test with companyName: totallygroupconfig, username: Test
2024-12-20T08:55:35,579 [main] INFO  LoginPageTests - Starting navigation to home page
2024-12-20T08:55:42,113 [main] INFO  LoginPageTests - Navigation to home page completed successfully.
2024-12-20T08:56:24,384 [main] INFO  TestRunner - Cleaning up TestRunner environment.
2024-12-20T09:04:36,270 [main] INFO  Utils - [TestNG] Running:
  C:\Users\John.Kushoro\AppData\Local\JetBrains\IdeaIC2024.3\temp-testng-customsuite.xml

2024-12-20T09:04:36,558 [main] INFO  TestRunner - Setting up TestRunner environment.
2024-12-20T09:04:36,577 [main] INFO  TestRunner - Running tests...
2024-12-20T09:04:36,784 [main] INFO  DefaultTestContextBootstrapper - Using TestExecutionListeners: [org.springframework.test.context.support.DirtiesContextBeforeModesTestExecutionListener@5f78de22, org.springframework.test.context.event.ApplicationEventsTestExecutionListener@516ebdf8, org.springframework.test.context.support.DependencyInjectionTestExecutionListener@4d8539de, org.springframework.test.context.support.DirtiesContextTestExecutionListener@3eba57a7, org.springframework.test.context.event.EventPublishingTestExecutionListener@272a179c]
2024-12-20T09:04:36,836 [main] INFO  DefaultTestContextBootstrapper - Using TestExecutionListeners: [org.springframework.test.context.support.DirtiesContextBeforeModesTestExecutionListener@27068a50, org.springframework.test.context.event.ApplicationEventsTestExecutionListener@68e62ca4, org.springframework.test.context.support.DependencyInjectionTestExecutionListener@5328a9c1, org.springframework.test.context.support.DirtiesContextTestExecutionListener@5b78fdb1, org.springframework.test.context.event.EventPublishingTestExecutionListener@48bfb884]
2024-12-20T09:04:36,867 [main] INFO  DefaultTestContextBootstrapper - Using TestExecutionListeners: [org.springframework.test.context.support.DirtiesContextBeforeModesTestExecutionListener@5e742e4, org.springframework.test.context.event.ApplicationEventsTestExecutionListener@175acfb2, org.springframework.test.context.support.DependencyInjectionTestExecutionListener@4a03bb68, org.springframework.test.context.support.DirtiesContextTestExecutionListener@4e868ef5, org.springframework.test.context.event.EventPublishingTestExecutionListener@71c905a3]
2024-12-20T09:04:36,903 [main] INFO  Utils - [TestNG] Running:
  Command line suite

2024-12-20T09:04:37,870 [main] INFO  WebDriverManager - Using chromedriver 127.0.6533.119 (resolved driver for Chrome 127)
2024-12-20T09:04:37,897 [main] INFO  WebDriverManager - Exporting webdriver.chrome.driver as C:\Users\John.Kushoro\.cache\selenium\chromedriver\win64\127.0.6533.119\chromedriver.exe
2024-12-20T09:04:42,301 [main] INFO  LoginPageTests - Starting login test with companyName: totallygroupconfig, username: Test
2024-12-20T09:04:48,264 [main] INFO  LoginPageTests - Starting navigation to home page
2024-12-20T09:04:55,426 [main] INFO  LoginPageTests - Navigation to home page completed successfully.
2024-12-20T09:05:42,755 [main] INFO  TestRunner - Cleaning up TestRunner environment.
